------------------------------------------------------------------------------------------------------------------------

[2018-09-01 15:47:41 #1 store] 
Database '/Users/safefy/git/BP18/Database/projectDB.odb' is opened by 1244@MacFys-MacBook-Pro.local

[2018-09-01 15:47:41 #2 type] 
Type decisionprocess.DecisionProcessType is not enhanced.

[2018-09-01 15:47:41 #3 type] 
Type decisionprocess.DecisionProcessInstance is not enhanced.

[2018-09-01 15:47:41 #4 type] 
Type decisionpremise.RelevanceRelationType is not enhanced.

[2018-09-01 15:47:41 #5 type] 
Type organizationalunits.ParticipationRelationType is not enhanced.

[2018-09-01 15:47:41 #6 type] 
Type decisionprocess.StimulusType is not enhanced.

[2018-09-01 15:47:41 #7 type] 
Type decisionpremise.DecisionPremiseType is not enhanced.

[2018-09-01 15:47:41 #8 type] 
Type organizationalunits.OrganizationalUnitType is not enhanced.

[2018-09-01 15:47:41 #9 type] 
Type supportrequirements.SupportRequirementType is not enhanced.

[2018-09-01 15:47:41 #10 type] 
Type organizationalunits.BoardType is not enhanced.

[2018-09-01 15:47:41 #11 type] 
Type organizationalunits.UnitOfWorkType is not enhanced.

[2018-09-01 15:47:41 #12 type] 
Type organizationalunits.CommiteeType is not enhanced.

[2018-09-01 15:47:41 #13 type] 
Type organizationalunits.SingleUnitType is not enhanced.

[2018-09-01 15:47:41 #14 type] 
Type organizationalunits.PositionType is not enhanced.

[2018-09-01 15:47:41 #15 type] 
Type organizationalunits.RoleType is not enhanced.

[2018-09-01 15:47:41 #16 type] 
Type decisionpremise.ValueDecisionPremiseType is not enhanced.

[2018-09-01 15:47:41 #17 type] 
Type decisionpremise.AbstractGoalType is not enhanced.

[2018-09-01 15:47:41 #18 type] 
Type decisionpremise.DecisionGoalType is not enhanced.

[2018-09-01 15:47:41 #19 type] 
Type decisionpremise.Value is not enhanced.

[2018-09-01 15:47:41 #20 type] 
Type decisionpremise.OrdinalValue is not enhanced.

[2018-09-01 15:47:41 #21 type] 
Type decisionpremise.RationaleSpec is not enhanced.

[2018-09-01 15:47:41 #22 type] 
Type decisionpremise.EngagementGoalType is not enhanced.

[2018-09-01 15:47:41 #23 type] 
Type decisionpremise.SymbolicGoalType is not enhanced.

[2018-09-01 15:47:41 #24 type] 
Type decisionpremise.FactualDecisionPremiseType is not enhanced.

[2018-09-01 15:47:41 #25 type] 
Type decisionpremise.ActionVariableType is not enhanced.

[2018-09-01 15:47:41 #26 type] 
Type decisionpremise.PresumedInfluenceRelationType is not enhanced.

[2018-09-01 15:47:41 #27 type] 
Type decisionpremise.EnvironmentalFactorType is not enhanced.

[2018-09-01 15:47:41 #28 type] 
Type supportrequirements.InformationType is not enhanced.

[2018-09-01 15:47:41 #29 type] 
Type supportrequirements.InformationSystemType is not enhanced.

[2018-09-01 15:47:41 #30 type] 
Type supportrequirements.InformationNeedSatisfactionRelation is not enhanced.

[2018-09-01 15:47:41 #31 type] 
Type supportrequirements.AnalysisNeedSatisfactionRelationType is not enhanced.

[2018-09-01 15:47:41 #32 type] 
Type supportrequirements.InformationNeedType is not enhanced.

[2018-09-01 15:47:41 #33 type] 
Type supportrequirements.AnalysisNeedType is not enhanced.

[2018-09-01 15:47:41 #34 type] 
Type decisionpremise.CoherenceRationaleSpec is not enhanced.

[2018-09-01 15:47:41 #35 type] 
Type decisionprocess.StimulusInstance is not enhanced.

------------------------------------------------------------------------------------------------------------------------

[2018-09-01 15:49:44 #1 store] 
Database '/Users/safefy/git/BP18/Database/projectDB.odb' is opened by 1260@MacFys-MacBook-Pro.local

[2018-09-01 15:49:44 #2 type] 
Type decisionprocess.DecisionProcessType is not enhanced.

[2018-09-01 15:49:44 #3 type] 
Type decisionprocess.DecisionProcessInstance is not enhanced.

[2018-09-01 15:49:44 #4 type] 
Type decisionpremise.RelevanceRelationType is not enhanced.

[2018-09-01 15:49:44 #5 type] 
Type organizationalunits.ParticipationRelationType is not enhanced.

[2018-09-01 15:49:44 #6 type] 
Type decisionprocess.StimulusType is not enhanced.

[2018-09-01 15:49:44 #7 type] 
Type decisionpremise.DecisionPremiseType is not enhanced.

[2018-09-01 15:49:44 #8 type] 
Type organizationalunits.OrganizationalUnitType is not enhanced.

[2018-09-01 15:49:44 #9 type] 
Type supportrequirements.SupportRequirementType is not enhanced.

[2018-09-01 15:49:44 #10 type] 
Type organizationalunits.BoardType is not enhanced.

[2018-09-01 15:49:44 #11 type] 
Type organizationalunits.UnitOfWorkType is not enhanced.

[2018-09-01 15:49:44 #12 type] 
Type organizationalunits.CommiteeType is not enhanced.

[2018-09-01 15:49:44 #13 type] 
Type organizationalunits.SingleUnitType is not enhanced.

[2018-09-01 15:49:44 #14 type] 
Type organizationalunits.PositionType is not enhanced.

[2018-09-01 15:49:44 #15 type] 
Type organizationalunits.RoleType is not enhanced.

[2018-09-01 15:49:44 #16 type] 
Type decisionpremise.ValueDecisionPremiseType is not enhanced.

[2018-09-01 15:49:44 #17 type] 
Type decisionpremise.AbstractGoalType is not enhanced.

[2018-09-01 15:49:44 #18 type] 
Type decisionpremise.DecisionGoalType is not enhanced.

[2018-09-01 15:49:44 #19 type] 
Type decisionpremise.Value is not enhanced.

[2018-09-01 15:49:44 #20 type] 
Type decisionpremise.OrdinalValue is not enhanced.

[2018-09-01 15:49:44 #21 type] 
Type decisionpremise.RationaleSpec is not enhanced.

[2018-09-01 15:49:44 #22 type] 
Type decisionpremise.EngagementGoalType is not enhanced.

[2018-09-01 15:49:44 #23 type] 
Type decisionpremise.SymbolicGoalType is not enhanced.

[2018-09-01 15:49:44 #24 type] 
Type decisionpremise.FactualDecisionPremiseType is not enhanced.

[2018-09-01 15:49:44 #25 type] 
Type decisionpremise.ActionVariableType is not enhanced.

[2018-09-01 15:49:44 #26 type] 
Type decisionpremise.PresumedInfluenceRelationType is not enhanced.

[2018-09-01 15:49:44 #27 type] 
Type decisionpremise.EnvironmentalFactorType is not enhanced.

[2018-09-01 15:49:44 #28 type] 
Type supportrequirements.InformationType is not enhanced.

[2018-09-01 15:49:44 #29 type] 
Type supportrequirements.InformationSystemType is not enhanced.

[2018-09-01 15:49:44 #30 type] 
Type supportrequirements.InformationNeedSatisfactionRelation is not enhanced.

[2018-09-01 15:49:44 #31 type] 
Type supportrequirements.AnalysisNeedSatisfactionRelationType is not enhanced.

[2018-09-01 15:49:44 #32 type] 
Type supportrequirements.InformationNeedType is not enhanced.

[2018-09-01 15:49:44 #33 type] 
Type supportrequirements.AnalysisNeedType is not enhanced.

[2018-09-01 15:49:44 #34 type] 
Type decisionpremise.CoherenceRationaleSpec is not enhanced.

[2018-09-01 15:49:44 #35 type] 
Type decisionprocess.StimulusInstance is not enhanced.

------------------------------------------------------------------------------------------------------------------------

[2018-09-01 15:52:34 #1 store] 
Database '/Users/safefy/git/BP18/Database/projectDB.odb' is opened by 1278@MacFys-MacBook-Pro.local

[2018-09-01 15:52:35 #2 type] 
Type decisionprocess.DecisionProcessType is not enhanced.

[2018-09-01 15:52:35 #3 type] 
Type decisionprocess.DecisionProcessInstance is not enhanced.

[2018-09-01 15:52:35 #4 type] 
Type decisionpremise.RelevanceRelationType is not enhanced.

[2018-09-01 15:52:35 #5 type] 
Type organizationalunits.ParticipationRelationType is not enhanced.

[2018-09-01 15:52:35 #6 type] 
Type decisionprocess.StimulusType is not enhanced.

[2018-09-01 15:52:35 #7 type] 
Type decisionpremise.DecisionPremiseType is not enhanced.

[2018-09-01 15:52:35 #8 type] 
Type organizationalunits.OrganizationalUnitType is not enhanced.

[2018-09-01 15:52:35 #9 type] 
Type supportrequirements.SupportRequirementType is not enhanced.

[2018-09-01 15:52:35 #10 type] 
Type organizationalunits.BoardType is not enhanced.

[2018-09-01 15:52:35 #11 type] 
Type organizationalunits.UnitOfWorkType is not enhanced.

[2018-09-01 15:52:35 #12 type] 
Type organizationalunits.CommiteeType is not enhanced.

[2018-09-01 15:52:35 #13 type] 
Type organizationalunits.SingleUnitType is not enhanced.

[2018-09-01 15:52:35 #14 type] 
Type organizationalunits.PositionType is not enhanced.

[2018-09-01 15:52:35 #15 type] 
Type organizationalunits.RoleType is not enhanced.

[2018-09-01 15:52:35 #16 type] 
Type decisionpremise.ValueDecisionPremiseType is not enhanced.

[2018-09-01 15:52:35 #17 type] 
Type decisionpremise.AbstractGoalType is not enhanced.

[2018-09-01 15:52:35 #18 type] 
Type decisionpremise.DecisionGoalType is not enhanced.

[2018-09-01 15:52:35 #19 type] 
Type decisionpremise.Value is not enhanced.

[2018-09-01 15:52:35 #20 type] 
Type decisionpremise.OrdinalValue is not enhanced.

[2018-09-01 15:52:35 #21 type] 
Type decisionpremise.RationaleSpec is not enhanced.

[2018-09-01 15:52:35 #22 type] 
Type decisionpremise.EngagementGoalType is not enhanced.

[2018-09-01 15:52:35 #23 type] 
Type decisionpremise.SymbolicGoalType is not enhanced.

[2018-09-01 15:52:35 #24 type] 
Type decisionpremise.FactualDecisionPremiseType is not enhanced.

[2018-09-01 15:52:35 #25 type] 
Type decisionpremise.ActionVariableType is not enhanced.

[2018-09-01 15:52:35 #26 type] 
Type decisionpremise.PresumedInfluenceRelationType is not enhanced.

[2018-09-01 15:52:35 #27 type] 
Type decisionpremise.EnvironmentalFactorType is not enhanced.

[2018-09-01 15:52:35 #28 type] 
Type supportrequirements.InformationType is not enhanced.

[2018-09-01 15:52:35 #29 type] 
Type supportrequirements.InformationSystemType is not enhanced.

[2018-09-01 15:52:35 #30 type] 
Type supportrequirements.InformationNeedSatisfactionRelation is not enhanced.

[2018-09-01 15:52:35 #31 type] 
Type supportrequirements.AnalysisNeedSatisfactionRelationType is not enhanced.

[2018-09-01 15:52:35 #32 type] 
Type supportrequirements.InformationNeedType is not enhanced.

[2018-09-01 15:52:35 #33 type] 
Type supportrequirements.AnalysisNeedType is not enhanced.

[2018-09-01 15:52:35 #34 type] 
Type decisionpremise.CoherenceRationaleSpec is not enhanced.

[2018-09-01 15:52:35 #35 type] 
Type decisionprocess.StimulusInstance is not enhanced.

------------------------------------------------------------------------------------------------------------------------

[2018-09-01 15:53:19 #1 store] 
Database '/Users/safefy/git/BP18/Database/projectDB.odb' is opened by 1284@MacFys-MacBook-Pro.local

[2018-09-01 15:53:19 #2 type] 
Type decisionprocess.DecisionProcessType is not enhanced.

[2018-09-01 15:53:19 #3 type] 
Type decisionprocess.DecisionProcessInstance is not enhanced.

[2018-09-01 15:53:19 #4 type] 
Type decisionpremise.RelevanceRelationType is not enhanced.

[2018-09-01 15:53:19 #5 type] 
Type organizationalunits.ParticipationRelationType is not enhanced.

[2018-09-01 15:53:19 #6 type] 
Type decisionprocess.StimulusType is not enhanced.

[2018-09-01 15:53:19 #7 type] 
Type decisionpremise.DecisionPremiseType is not enhanced.

[2018-09-01 15:53:19 #8 type] 
Type organizationalunits.OrganizationalUnitType is not enhanced.

[2018-09-01 15:53:19 #9 type] 
Type supportrequirements.SupportRequirementType is not enhanced.

[2018-09-01 15:53:19 #10 type] 
Type organizationalunits.BoardType is not enhanced.

[2018-09-01 15:53:19 #11 type] 
Type organizationalunits.UnitOfWorkType is not enhanced.

[2018-09-01 15:53:19 #12 type] 
Type organizationalunits.CommiteeType is not enhanced.

[2018-09-01 15:53:19 #13 type] 
Type organizationalunits.SingleUnitType is not enhanced.

[2018-09-01 15:53:19 #14 type] 
Type organizationalunits.PositionType is not enhanced.

[2018-09-01 15:53:19 #15 type] 
Type organizationalunits.RoleType is not enhanced.

[2018-09-01 15:53:19 #16 type] 
Type decisionpremise.ValueDecisionPremiseType is not enhanced.

[2018-09-01 15:53:19 #17 type] 
Type decisionpremise.AbstractGoalType is not enhanced.

[2018-09-01 15:53:19 #18 type] 
Type decisionpremise.DecisionGoalType is not enhanced.

[2018-09-01 15:53:19 #19 type] 
Type decisionpremise.Value is not enhanced.

[2018-09-01 15:53:19 #20 type] 
Type decisionpremise.OrdinalValue is not enhanced.

[2018-09-01 15:53:19 #21 type] 
Type decisionpremise.RationaleSpec is not enhanced.

[2018-09-01 15:53:19 #22 type] 
Type decisionpremise.EngagementGoalType is not enhanced.

[2018-09-01 15:53:19 #23 type] 
Type decisionpremise.SymbolicGoalType is not enhanced.

[2018-09-01 15:53:19 #24 type] 
Type decisionpremise.FactualDecisionPremiseType is not enhanced.

[2018-09-01 15:53:19 #25 type] 
Type decisionpremise.ActionVariableType is not enhanced.

[2018-09-01 15:53:19 #26 type] 
Type decisionpremise.PresumedInfluenceRelationType is not enhanced.

[2018-09-01 15:53:19 #27 type] 
Type decisionpremise.EnvironmentalFactorType is not enhanced.

[2018-09-01 15:53:19 #28 type] 
Type supportrequirements.InformationType is not enhanced.

[2018-09-01 15:53:19 #29 type] 
Type supportrequirements.InformationSystemType is not enhanced.

[2018-09-01 15:53:19 #30 type] 
Type supportrequirements.InformationNeedSatisfactionRelation is not enhanced.

[2018-09-01 15:53:19 #31 type] 
Type supportrequirements.AnalysisNeedSatisfactionRelationType is not enhanced.

[2018-09-01 15:53:19 #32 type] 
Type supportrequirements.InformationNeedType is not enhanced.

[2018-09-01 15:53:19 #33 type] 
Type supportrequirements.AnalysisNeedType is not enhanced.

[2018-09-01 15:53:19 #34 type] 
Type decisionpremise.CoherenceRationaleSpec is not enhanced.

[2018-09-01 15:53:19 #35 type] 
Type decisionprocess.StimulusInstance is not enhanced.

------------------------------------------------------------------------------------------------------------------------

[2018-09-01 16:01:37 #1 store] 
Database '/Users/safefy/git/BP18/Database/projectDB.odb' is opened by 1342@MacFys-MacBook-Pro.local

[2018-09-01 16:01:37 #2 type] 
Type decisionprocess.DecisionProcessType is not enhanced.

[2018-09-01 16:01:37 #3 type] 
Type decisionprocess.DecisionProcessInstance is not enhanced.

[2018-09-01 16:01:37 #4 type] 
Type decisionpremise.RelevanceRelationType is not enhanced.

[2018-09-01 16:01:37 #5 type] 
Type organizationalunits.ParticipationRelationType is not enhanced.

[2018-09-01 16:01:37 #6 type] 
Type decisionprocess.StimulusType is not enhanced.

[2018-09-01 16:01:37 #7 type] 
Type decisionpremise.DecisionPremiseType is not enhanced.

[2018-09-01 16:01:37 #8 type] 
Type organizationalunits.OrganizationalUnitType is not enhanced.

[2018-09-01 16:01:37 #9 type] 
Type supportrequirements.SupportRequirementType is not enhanced.

[2018-09-01 16:01:37 #10 type] 
Type organizationalunits.BoardType is not enhanced.

[2018-09-01 16:01:37 #11 type] 
Type organizationalunits.UnitOfWorkType is not enhanced.

[2018-09-01 16:01:37 #12 type] 
Type organizationalunits.CommiteeType is not enhanced.

[2018-09-01 16:01:37 #13 type] 
Type organizationalunits.SingleUnitType is not enhanced.

[2018-09-01 16:01:37 #14 type] 
Type organizationalunits.PositionType is not enhanced.

[2018-09-01 16:01:37 #15 type] 
Type organizationalunits.RoleType is not enhanced.

[2018-09-01 16:01:37 #16 type] 
Type decisionpremise.ValueDecisionPremiseType is not enhanced.

[2018-09-01 16:01:37 #17 type] 
Type decisionpremise.AbstractGoalType is not enhanced.

[2018-09-01 16:01:37 #18 type] 
Type decisionpremise.DecisionGoalType is not enhanced.

[2018-09-01 16:01:37 #19 type] 
Type decisionpremise.Value is not enhanced.

[2018-09-01 16:01:37 #20 type] 
Type decisionpremise.OrdinalValue is not enhanced.

[2018-09-01 16:01:37 #21 type] 
Type decisionpremise.RationaleSpec is not enhanced.

[2018-09-01 16:01:37 #22 type] 
Type decisionpremise.EngagementGoalType is not enhanced.

[2018-09-01 16:01:37 #23 type] 
Type decisionpremise.SymbolicGoalType is not enhanced.

[2018-09-01 16:01:37 #24 type] 
Type decisionpremise.FactualDecisionPremiseType is not enhanced.

[2018-09-01 16:01:37 #25 type] 
Type decisionpremise.ActionVariableType is not enhanced.

[2018-09-01 16:01:37 #26 type] 
Type decisionpremise.PresumedInfluenceRelationType is not enhanced.

[2018-09-01 16:01:37 #27 type] 
Type decisionpremise.EnvironmentalFactorType is not enhanced.

[2018-09-01 16:01:37 #28 type] 
Type supportrequirements.InformationType is not enhanced.

[2018-09-01 16:01:37 #29 type] 
Type supportrequirements.InformationSystemType is not enhanced.

[2018-09-01 16:01:37 #30 type] 
Type supportrequirements.InformationNeedSatisfactionRelation is not enhanced.

[2018-09-01 16:01:37 #31 type] 
Type supportrequirements.AnalysisNeedSatisfactionRelationType is not enhanced.

[2018-09-01 16:01:37 #32 type] 
Type supportrequirements.InformationNeedType is not enhanced.

[2018-09-01 16:01:37 #33 type] 
Type supportrequirements.AnalysisNeedType is not enhanced.

[2018-09-01 16:01:37 #34 type] 
Type decisionpremise.CoherenceRationaleSpec is not enhanced.

[2018-09-01 16:01:37 #35 type] 
Type decisionprocess.StimulusInstance is not enhanced.

------------------------------------------------------------------------------------------------------------------------

[2018-09-01 16:07:06 #1 store] 
Database '/Users/safefy/git/BP18/Database/projectDB.odb' is opened by 1382@MacFys-MacBook-Pro.local

[2018-09-01 16:07:06 #2 type] 
Type decisionprocess.DecisionProcessType is not enhanced.

[2018-09-01 16:07:06 #3 type] 
Type decisionprocess.DecisionProcessInstance is not enhanced.

[2018-09-01 16:07:06 #4 type] 
Type decisionpremise.RelevanceRelationType is not enhanced.

[2018-09-01 16:07:06 #5 type] 
Type organizationalunits.ParticipationRelationType is not enhanced.

[2018-09-01 16:07:06 #6 type] 
Type decisionprocess.StimulusType is not enhanced.

[2018-09-01 16:07:06 #7 type] 
Type decisionpremise.DecisionPremiseType is not enhanced.

[2018-09-01 16:07:06 #8 type] 
Type organizationalunits.OrganizationalUnitType is not enhanced.

[2018-09-01 16:07:06 #9 type] 
Type supportrequirements.SupportRequirementType is not enhanced.

[2018-09-01 16:07:06 #10 type] 
Type organizationalunits.BoardType is not enhanced.

[2018-09-01 16:07:06 #11 type] 
Type organizationalunits.UnitOfWorkType is not enhanced.

[2018-09-01 16:07:06 #12 type] 
Type organizationalunits.CommiteeType is not enhanced.

[2018-09-01 16:07:06 #13 type] 
Type organizationalunits.SingleUnitType is not enhanced.

[2018-09-01 16:07:06 #14 type] 
Type organizationalunits.PositionType is not enhanced.

[2018-09-01 16:07:06 #15 type] 
Type organizationalunits.RoleType is not enhanced.

[2018-09-01 16:07:06 #16 type] 
Type decisionpremise.ValueDecisionPremiseType is not enhanced.

[2018-09-01 16:07:06 #17 type] 
Type decisionpremise.AbstractGoalType is not enhanced.

[2018-09-01 16:07:06 #18 type] 
Type decisionpremise.DecisionGoalType is not enhanced.

[2018-09-01 16:07:06 #19 type] 
Type decisionpremise.Value is not enhanced.

[2018-09-01 16:07:06 #20 type] 
Type decisionpremise.OrdinalValue is not enhanced.

[2018-09-01 16:07:06 #21 type] 
Type decisionpremise.RationaleSpec is not enhanced.

[2018-09-01 16:07:06 #22 type] 
Type decisionpremise.EngagementGoalType is not enhanced.

[2018-09-01 16:07:06 #23 type] 
Type decisionpremise.SymbolicGoalType is not enhanced.

[2018-09-01 16:07:06 #24 type] 
Type decisionpremise.FactualDecisionPremiseType is not enhanced.

[2018-09-01 16:07:06 #25 type] 
Type decisionpremise.ActionVariableType is not enhanced.

[2018-09-01 16:07:06 #26 type] 
Type decisionpremise.PresumedInfluenceRelationType is not enhanced.

[2018-09-01 16:07:06 #27 type] 
Type decisionpremise.EnvironmentalFactorType is not enhanced.

[2018-09-01 16:07:06 #28 type] 
Type supportrequirements.InformationType is not enhanced.

[2018-09-01 16:07:06 #29 type] 
Type supportrequirements.InformationSystemType is not enhanced.

[2018-09-01 16:07:06 #30 type] 
Type supportrequirements.InformationNeedSatisfactionRelation is not enhanced.

[2018-09-01 16:07:06 #31 type] 
Type supportrequirements.AnalysisNeedSatisfactionRelationType is not enhanced.

[2018-09-01 16:07:06 #32 type] 
Type supportrequirements.InformationNeedType is not enhanced.

[2018-09-01 16:07:06 #33 type] 
Type supportrequirements.AnalysisNeedType is not enhanced.

[2018-09-01 16:07:06 #34 type] 
Type decisionpremise.CoherenceRationaleSpec is not enhanced.

[2018-09-01 16:07:06 #35 type] 
Type decisionprocess.StimulusInstance is not enhanced.

------------------------------------------------------------------------------------------------------------------------

[2018-09-01 16:17:41 #1 store] 
Database '/Users/safefy/git/BP18/Database/projectDB.odb' is opened by 1455@MacFys-MacBook-Pro.local

[2018-09-01 16:17:41 #2 type] 
Type decisionprocess.DecisionProcessType is not enhanced.

[2018-09-01 16:17:41 #3 type] 
Type decisionprocess.DecisionProcessInstance is not enhanced.

[2018-09-01 16:17:41 #4 type] 
Type decisionpremise.RelevanceRelationType is not enhanced.

[2018-09-01 16:17:41 #5 type] 
Type organizationalunits.ParticipationRelationType is not enhanced.

[2018-09-01 16:17:41 #6 type] 
Type decisionprocess.StimulusType is not enhanced.

[2018-09-01 16:17:41 #7 type] 
Type decisionpremise.DecisionPremiseType is not enhanced.

[2018-09-01 16:17:41 #8 type] 
Type organizationalunits.OrganizationalUnitType is not enhanced.

[2018-09-01 16:17:41 #9 type] 
Type supportrequirements.SupportRequirementType is not enhanced.

[2018-09-01 16:17:41 #10 type] 
Type organizationalunits.BoardType is not enhanced.

[2018-09-01 16:17:41 #11 type] 
Type organizationalunits.UnitOfWorkType is not enhanced.

[2018-09-01 16:17:41 #12 type] 
Type organizationalunits.CommiteeType is not enhanced.

[2018-09-01 16:17:41 #13 type] 
Type organizationalunits.SingleUnitType is not enhanced.

[2018-09-01 16:17:41 #14 type] 
Type organizationalunits.PositionType is not enhanced.

[2018-09-01 16:17:41 #15 type] 
Type organizationalunits.RoleType is not enhanced.

[2018-09-01 16:17:41 #16 type] 
Type decisionpremise.ValueDecisionPremiseType is not enhanced.

[2018-09-01 16:17:41 #17 type] 
Type decisionpremise.AbstractGoalType is not enhanced.

[2018-09-01 16:17:41 #18 type] 
Type decisionpremise.DecisionGoalType is not enhanced.

[2018-09-01 16:17:41 #19 type] 
Type decisionpremise.Value is not enhanced.

[2018-09-01 16:17:41 #20 type] 
Type decisionpremise.OrdinalValue is not enhanced.

[2018-09-01 16:17:41 #21 type] 
Type decisionpremise.RationaleSpec is not enhanced.

[2018-09-01 16:17:41 #22 type] 
Type decisionpremise.EngagementGoalType is not enhanced.

[2018-09-01 16:17:41 #23 type] 
Type decisionpremise.SymbolicGoalType is not enhanced.

[2018-09-01 16:17:41 #24 type] 
Type decisionpremise.FactualDecisionPremiseType is not enhanced.

[2018-09-01 16:17:41 #25 type] 
Type decisionpremise.ActionVariableType is not enhanced.

[2018-09-01 16:17:41 #26 type] 
Type decisionpremise.PresumedInfluenceRelationType is not enhanced.

[2018-09-01 16:17:41 #27 type] 
Type decisionpremise.EnvironmentalFactorType is not enhanced.

[2018-09-01 16:17:41 #28 type] 
Type supportrequirements.InformationType is not enhanced.

[2018-09-01 16:17:41 #29 type] 
Type supportrequirements.InformationSystemType is not enhanced.

[2018-09-01 16:17:41 #30 type] 
Type supportrequirements.InformationNeedSatisfactionRelation is not enhanced.

[2018-09-01 16:17:41 #31 type] 
Type supportrequirements.AnalysisNeedSatisfactionRelationType is not enhanced.

[2018-09-01 16:17:41 #32 type] 
Type supportrequirements.InformationNeedType is not enhanced.

[2018-09-01 16:17:41 #33 type] 
Type supportrequirements.AnalysisNeedType is not enhanced.

[2018-09-01 16:17:41 #34 type] 
Type decisionpremise.CoherenceRationaleSpec is not enhanced.

[2018-09-01 16:17:41 #35 type] 
Type decisionprocess.StimulusInstance is not enhanced.

------------------------------------------------------------------------------------------------------------------------

[2018-09-01 16:19:01 #1 store] 
Database '/Users/safefy/git/BP18/Database/projectDB.odb' is opened by 1465@MacFys-MacBook-Pro.local

[2018-09-01 16:19:01 #2 type] 
Type decisionprocess.DecisionProcessType is not enhanced.

[2018-09-01 16:19:01 #3 type] 
Type decisionprocess.DecisionProcessInstance is not enhanced.

[2018-09-01 16:19:01 #4 type] 
Type decisionpremise.RelevanceRelationType is not enhanced.

[2018-09-01 16:19:01 #5 type] 
Type organizationalunits.ParticipationRelationType is not enhanced.

[2018-09-01 16:19:01 #6 type] 
Type decisionprocess.StimulusType is not enhanced.

[2018-09-01 16:19:01 #7 type] 
Type decisionpremise.DecisionPremiseType is not enhanced.

[2018-09-01 16:19:01 #8 type] 
Type organizationalunits.OrganizationalUnitType is not enhanced.

[2018-09-01 16:19:01 #9 type] 
Type supportrequirements.SupportRequirementType is not enhanced.

[2018-09-01 16:19:01 #10 type] 
Type organizationalunits.BoardType is not enhanced.

[2018-09-01 16:19:01 #11 type] 
Type organizationalunits.UnitOfWorkType is not enhanced.

[2018-09-01 16:19:01 #12 type] 
Type organizationalunits.CommiteeType is not enhanced.

[2018-09-01 16:19:01 #13 type] 
Type organizationalunits.SingleUnitType is not enhanced.

[2018-09-01 16:19:01 #14 type] 
Type organizationalunits.PositionType is not enhanced.

[2018-09-01 16:19:01 #15 type] 
Type organizationalunits.RoleType is not enhanced.

[2018-09-01 16:19:01 #16 type] 
Type decisionpremise.ValueDecisionPremiseType is not enhanced.

[2018-09-01 16:19:01 #17 type] 
Type decisionpremise.AbstractGoalType is not enhanced.

[2018-09-01 16:19:01 #18 type] 
Type decisionpremise.DecisionGoalType is not enhanced.

[2018-09-01 16:19:01 #19 type] 
Type decisionpremise.Value is not enhanced.

[2018-09-01 16:19:01 #20 type] 
Type decisionpremise.OrdinalValue is not enhanced.

[2018-09-01 16:19:01 #21 type] 
Type decisionpremise.RationaleSpec is not enhanced.

[2018-09-01 16:19:01 #22 type] 
Type decisionpremise.EngagementGoalType is not enhanced.

[2018-09-01 16:19:01 #23 type] 
Type decisionpremise.SymbolicGoalType is not enhanced.

[2018-09-01 16:19:01 #24 type] 
Type decisionpremise.FactualDecisionPremiseType is not enhanced.

[2018-09-01 16:19:01 #25 type] 
Type decisionpremise.ActionVariableType is not enhanced.

[2018-09-01 16:19:01 #26 type] 
Type decisionpremise.PresumedInfluenceRelationType is not enhanced.

[2018-09-01 16:19:01 #27 type] 
Type decisionpremise.EnvironmentalFactorType is not enhanced.

[2018-09-01 16:19:01 #28 type] 
Type supportrequirements.InformationType is not enhanced.

[2018-09-01 16:19:01 #29 type] 
Type supportrequirements.InformationSystemType is not enhanced.

[2018-09-01 16:19:01 #30 type] 
Type supportrequirements.InformationNeedSatisfactionRelation is not enhanced.

[2018-09-01 16:19:01 #31 type] 
Type supportrequirements.AnalysisNeedSatisfactionRelationType is not enhanced.

[2018-09-01 16:19:01 #32 type] 
Type supportrequirements.InformationNeedType is not enhanced.

[2018-09-01 16:19:01 #33 type] 
Type supportrequirements.AnalysisNeedType is not enhanced.

[2018-09-01 16:19:01 #34 type] 
Type decisionpremise.CoherenceRationaleSpec is not enhanced.

[2018-09-01 16:19:01 #35 type] 
Type decisionprocess.StimulusInstance is not enhanced.

------------------------------------------------------------------------------------------------------------------------

[2018-09-01 16:24:44 #1 store] 
Database '/Users/safefy/git/BP18/Database/projectDB.odb' is opened by 1506@MacFys-MacBook-Pro.local

[2018-09-01 16:24:44 #2 type] 
Type decisionprocess.DecisionProcessType is not enhanced.

[2018-09-01 16:24:44 #3 type] 
Type decisionprocess.DecisionProcessInstance is not enhanced.

[2018-09-01 16:24:44 #4 type] 
Type decisionpremise.RelevanceRelationType is not enhanced.

[2018-09-01 16:24:44 #5 type] 
Type organizationalunits.ParticipationRelationType is not enhanced.

[2018-09-01 16:24:44 #6 type] 
Type decisionprocess.StimulusType is not enhanced.

[2018-09-01 16:24:44 #7 type] 
Type decisionpremise.DecisionPremiseType is not enhanced.

[2018-09-01 16:24:44 #8 type] 
Type organizationalunits.OrganizationalUnitType is not enhanced.

[2018-09-01 16:24:44 #9 type] 
Type supportrequirements.SupportRequirementType is not enhanced.

[2018-09-01 16:24:44 #10 type] 
Type organizationalunits.BoardType is not enhanced.

[2018-09-01 16:24:44 #11 type] 
Type organizationalunits.UnitOfWorkType is not enhanced.

[2018-09-01 16:24:44 #12 type] 
Type organizationalunits.CommiteeType is not enhanced.

[2018-09-01 16:24:44 #13 type] 
Type organizationalunits.SingleUnitType is not enhanced.

[2018-09-01 16:24:44 #14 type] 
Type organizationalunits.PositionType is not enhanced.

[2018-09-01 16:24:44 #15 type] 
Type organizationalunits.RoleType is not enhanced.

[2018-09-01 16:24:44 #16 type] 
Type decisionpremise.ValueDecisionPremiseType is not enhanced.

[2018-09-01 16:24:44 #17 type] 
Type decisionpremise.AbstractGoalType is not enhanced.

[2018-09-01 16:24:44 #18 type] 
Type decisionpremise.DecisionGoalType is not enhanced.

[2018-09-01 16:24:44 #19 type] 
Type decisionpremise.Value is not enhanced.

[2018-09-01 16:24:44 #20 type] 
Type decisionpremise.OrdinalValue is not enhanced.

[2018-09-01 16:24:44 #21 type] 
Type decisionpremise.RationaleSpec is not enhanced.

[2018-09-01 16:24:44 #22 type] 
Type decisionpremise.EngagementGoalType is not enhanced.

[2018-09-01 16:24:44 #23 type] 
Type decisionpremise.SymbolicGoalType is not enhanced.

[2018-09-01 16:24:44 #24 type] 
Type decisionpremise.FactualDecisionPremiseType is not enhanced.

[2018-09-01 16:24:44 #25 type] 
Type decisionpremise.ActionVariableType is not enhanced.

[2018-09-01 16:24:44 #26 type] 
Type decisionpremise.PresumedInfluenceRelationType is not enhanced.

[2018-09-01 16:24:44 #27 type] 
Type decisionpremise.EnvironmentalFactorType is not enhanced.

[2018-09-01 16:24:44 #28 type] 
Type supportrequirements.InformationType is not enhanced.

[2018-09-01 16:24:44 #29 type] 
Type supportrequirements.InformationSystemType is not enhanced.

[2018-09-01 16:24:44 #30 type] 
Type supportrequirements.InformationNeedSatisfactionRelation is not enhanced.

[2018-09-01 16:24:44 #31 type] 
Type supportrequirements.AnalysisNeedSatisfactionRelationType is not enhanced.

[2018-09-01 16:24:44 #32 type] 
Type supportrequirements.InformationNeedType is not enhanced.

[2018-09-01 16:24:44 #33 type] 
Type supportrequirements.AnalysisNeedType is not enhanced.

[2018-09-01 16:24:44 #34 type] 
Type decisionpremise.CoherenceRationaleSpec is not enhanced.

[2018-09-01 16:24:44 #35 type] 
Type decisionprocess.StimulusInstance is not enhanced.

------------------------------------------------------------------------------------------------------------------------

[2018-09-01 16:38:16 #1 store] 
Database '/Users/safefy/git/BP18/Database/projectDB.odb' is opened by 1619@MacFys-MacBook-Pro.local

[2018-09-01 16:38:16 #2 type] 
Type decisionprocess.DecisionProcessType is not enhanced.

[2018-09-01 16:38:16 #3 type] 
Type decisionprocess.DecisionProcessInstance is not enhanced.

[2018-09-01 16:38:16 #4 type] 
Type decisionpremise.RelevanceRelationType is not enhanced.

[2018-09-01 16:38:16 #5 type] 
Type organizationalunits.ParticipationRelationType is not enhanced.

[2018-09-01 16:38:16 #6 type] 
Type decisionprocess.StimulusType is not enhanced.

[2018-09-01 16:38:16 #7 type] 
Type decisionpremise.DecisionPremiseType is not enhanced.

[2018-09-01 16:38:16 #8 type] 
Type organizationalunits.OrganizationalUnitType is not enhanced.

[2018-09-01 16:38:16 #9 type] 
Type supportrequirements.SupportRequirementType is not enhanced.

[2018-09-01 16:38:16 #10 type] 
Type organizationalunits.BoardType is not enhanced.

[2018-09-01 16:38:16 #11 type] 
Type organizationalunits.UnitOfWorkType is not enhanced.

[2018-09-01 16:38:16 #12 type] 
Type organizationalunits.CommiteeType is not enhanced.

[2018-09-01 16:38:16 #13 type] 
Type organizationalunits.SingleUnitType is not enhanced.

[2018-09-01 16:38:16 #14 type] 
Type organizationalunits.PositionType is not enhanced.

[2018-09-01 16:38:16 #15 type] 
Type organizationalunits.RoleType is not enhanced.

[2018-09-01 16:38:16 #16 type] 
Type decisionpremise.ValueDecisionPremiseType is not enhanced.

[2018-09-01 16:38:16 #17 type] 
Type decisionpremise.AbstractGoalType is not enhanced.

[2018-09-01 16:38:16 #18 type] 
Type decisionpremise.DecisionGoalType is not enhanced.

[2018-09-01 16:38:16 #19 type] 
Type decisionpremise.Value is not enhanced.

[2018-09-01 16:38:16 #20 type] 
Type decisionpremise.OrdinalValue is not enhanced.

[2018-09-01 16:38:16 #21 type] 
Type decisionpremise.RationaleSpec is not enhanced.

[2018-09-01 16:38:16 #22 type] 
Type decisionpremise.EngagementGoalType is not enhanced.

[2018-09-01 16:38:16 #23 type] 
Type decisionpremise.SymbolicGoalType is not enhanced.

[2018-09-01 16:38:16 #24 type] 
Type decisionpremise.FactualDecisionPremiseType is not enhanced.

[2018-09-01 16:38:16 #25 type] 
Type decisionpremise.ActionVariableType is not enhanced.

[2018-09-01 16:38:16 #26 type] 
Type decisionpremise.PresumedInfluenceRelationType is not enhanced.

[2018-09-01 16:38:16 #27 type] 
Type decisionpremise.EnvironmentalFactorType is not enhanced.

[2018-09-01 16:38:16 #28 type] 
Type supportrequirements.InformationType is not enhanced.

[2018-09-01 16:38:16 #29 type] 
Type supportrequirements.InformationSystemType is not enhanced.

[2018-09-01 16:38:16 #30 type] 
Type supportrequirements.InformationNeedSatisfactionRelation is not enhanced.

[2018-09-01 16:38:16 #31 type] 
Type supportrequirements.AnalysisNeedSatisfactionRelationType is not enhanced.

[2018-09-01 16:38:16 #32 type] 
Type supportrequirements.InformationNeedType is not enhanced.

[2018-09-01 16:38:16 #33 type] 
Type supportrequirements.AnalysisNeedType is not enhanced.

[2018-09-01 16:38:16 #34 type] 
Type decisionpremise.CoherenceRationaleSpec is not enhanced.

[2018-09-01 16:38:16 #35 type] 
Type decisionprocess.StimulusInstance is not enhanced.

------------------------------------------------------------------------------------------------------------------------

[2018-09-01 16:42:52 #1 store] 
Database '/Users/safefy/git/BP18/Database/projectDB.odb' is opened by 1650@MacFys-MacBook-Pro.local

[2018-09-01 16:42:52 #2 type] 
Type decisionprocess.DecisionProcessType is not enhanced.

[2018-09-01 16:42:52 #3 type] 
Type decisionprocess.DecisionProcessInstance is not enhanced.

[2018-09-01 16:42:52 #4 type] 
Type decisionpremise.RelevanceRelationType is not enhanced.

[2018-09-01 16:42:52 #5 type] 
Type organizationalunits.ParticipationRelationType is not enhanced.

[2018-09-01 16:42:52 #6 type] 
Type decisionprocess.StimulusType is not enhanced.

[2018-09-01 16:42:52 #7 type] 
Type decisionpremise.DecisionPremiseType is not enhanced.

[2018-09-01 16:42:52 #8 type] 
Type organizationalunits.OrganizationalUnitType is not enhanced.

[2018-09-01 16:42:52 #9 type] 
Type supportrequirements.SupportRequirementType is not enhanced.

[2018-09-01 16:42:52 #10 type] 
Type organizationalunits.BoardType is not enhanced.

[2018-09-01 16:42:52 #11 type] 
Type organizationalunits.UnitOfWorkType is not enhanced.

[2018-09-01 16:42:52 #12 type] 
Type organizationalunits.CommiteeType is not enhanced.

[2018-09-01 16:42:52 #13 type] 
Type organizationalunits.SingleUnitType is not enhanced.

[2018-09-01 16:42:52 #14 type] 
Type organizationalunits.PositionType is not enhanced.

[2018-09-01 16:42:52 #15 type] 
Type organizationalunits.RoleType is not enhanced.

[2018-09-01 16:42:52 #16 type] 
Type decisionpremise.ValueDecisionPremiseType is not enhanced.

[2018-09-01 16:42:52 #17 type] 
Type decisionpremise.AbstractGoalType is not enhanced.

[2018-09-01 16:42:52 #18 type] 
Type decisionpremise.DecisionGoalType is not enhanced.

[2018-09-01 16:42:52 #19 type] 
Type decisionpremise.Value is not enhanced.

[2018-09-01 16:42:52 #20 type] 
Type decisionpremise.OrdinalValue is not enhanced.

[2018-09-01 16:42:52 #21 type] 
Type decisionpremise.RationaleSpec is not enhanced.

[2018-09-01 16:42:52 #22 type] 
Type decisionpremise.EngagementGoalType is not enhanced.

[2018-09-01 16:42:52 #23 type] 
Type decisionpremise.SymbolicGoalType is not enhanced.

[2018-09-01 16:42:52 #24 type] 
Type decisionpremise.FactualDecisionPremiseType is not enhanced.

[2018-09-01 16:42:52 #25 type] 
Type decisionpremise.ActionVariableType is not enhanced.

[2018-09-01 16:42:52 #26 type] 
Type decisionpremise.PresumedInfluenceRelationType is not enhanced.

[2018-09-01 16:42:52 #27 type] 
Type decisionpremise.EnvironmentalFactorType is not enhanced.

[2018-09-01 16:42:52 #28 type] 
Type supportrequirements.InformationType is not enhanced.

[2018-09-01 16:42:52 #29 type] 
Type supportrequirements.InformationSystemType is not enhanced.

[2018-09-01 16:42:52 #30 type] 
Type supportrequirements.InformationNeedSatisfactionRelation is not enhanced.

[2018-09-01 16:42:52 #31 type] 
Type supportrequirements.AnalysisNeedSatisfactionRelationType is not enhanced.

[2018-09-01 16:42:52 #32 type] 
Type supportrequirements.InformationNeedType is not enhanced.

[2018-09-01 16:42:52 #33 type] 
Type supportrequirements.AnalysisNeedType is not enhanced.

[2018-09-01 16:42:52 #34 type] 
Type decisionpremise.CoherenceRationaleSpec is not enhanced.

[2018-09-01 16:42:52 #35 type] 
Type decisionprocess.StimulusInstance is not enhanced.

------------------------------------------------------------------------------------------------------------------------

[2018-09-01 16:57:52 #1 store] 
Database '/Users/safefy/git/BP18/Database/projectDB.odb' is opened by 1760@MacFys-MacBook-Pro.local

[2018-09-01 16:57:52 #2 type] 
Type decisionprocess.DecisionProcessType is not enhanced.

[2018-09-01 16:57:52 #3 type] 
Type decisionprocess.DecisionProcessInstance is not enhanced.

[2018-09-01 16:57:52 #4 type] 
Type decisionpremise.RelevanceRelationType is not enhanced.

[2018-09-01 16:57:52 #5 type] 
Type organizationalunits.ParticipationRelationType is not enhanced.

[2018-09-01 16:57:52 #6 type] 
Type decisionprocess.StimulusType is not enhanced.

[2018-09-01 16:57:52 #7 type] 
Type decisionpremise.DecisionPremiseType is not enhanced.

[2018-09-01 16:57:52 #8 type] 
Type organizationalunits.OrganizationalUnitType is not enhanced.

[2018-09-01 16:57:52 #9 type] 
Type supportrequirements.SupportRequirementType is not enhanced.

[2018-09-01 16:57:52 #10 type] 
Type organizationalunits.BoardType is not enhanced.

[2018-09-01 16:57:52 #11 type] 
Type organizationalunits.UnitOfWorkType is not enhanced.

[2018-09-01 16:57:52 #12 type] 
Type organizationalunits.CommiteeType is not enhanced.

[2018-09-01 16:57:52 #13 type] 
Type organizationalunits.SingleUnitType is not enhanced.

[2018-09-01 16:57:52 #14 type] 
Type organizationalunits.PositionType is not enhanced.

[2018-09-01 16:57:52 #15 type] 
Type organizationalunits.RoleType is not enhanced.

[2018-09-01 16:57:52 #16 type] 
Type decisionpremise.ValueDecisionPremiseType is not enhanced.

[2018-09-01 16:57:52 #17 type] 
Type decisionpremise.AbstractGoalType is not enhanced.

[2018-09-01 16:57:52 #18 type] 
Type decisionpremise.DecisionGoalType is not enhanced.

[2018-09-01 16:57:52 #19 type] 
Type decisionpremise.Value is not enhanced.

[2018-09-01 16:57:52 #20 type] 
Type decisionpremise.OrdinalValue is not enhanced.

[2018-09-01 16:57:52 #21 type] 
Type decisionpremise.RationaleSpec is not enhanced.

[2018-09-01 16:57:52 #22 type] 
Type decisionpremise.EngagementGoalType is not enhanced.

[2018-09-01 16:57:52 #23 type] 
Type decisionpremise.SymbolicGoalType is not enhanced.

[2018-09-01 16:57:52 #24 type] 
Type decisionpremise.FactualDecisionPremiseType is not enhanced.

[2018-09-01 16:57:52 #25 type] 
Type decisionpremise.ActionVariableType is not enhanced.

[2018-09-01 16:57:52 #26 type] 
Type decisionpremise.PresumedInfluenceRelationType is not enhanced.

[2018-09-01 16:57:52 #27 type] 
Type decisionpremise.EnvironmentalFactorType is not enhanced.

[2018-09-01 16:57:52 #28 type] 
Type supportrequirements.InformationType is not enhanced.

[2018-09-01 16:57:52 #29 type] 
Type supportrequirements.InformationSystemType is not enhanced.

[2018-09-01 16:57:52 #30 type] 
Type supportrequirements.InformationNeedSatisfactionRelation is not enhanced.

[2018-09-01 16:57:52 #31 type] 
Type supportrequirements.AnalysisNeedSatisfactionRelationType is not enhanced.

[2018-09-01 16:57:52 #32 type] 
Type supportrequirements.InformationNeedType is not enhanced.

[2018-09-01 16:57:52 #33 type] 
Type supportrequirements.AnalysisNeedType is not enhanced.

[2018-09-01 16:57:52 #34 type] 
Type decisionpremise.CoherenceRationaleSpec is not enhanced.

[2018-09-01 16:57:52 #35 type] 
Type decisionprocess.StimulusInstance is not enhanced.

------------------------------------------------------------------------------------------------------------------------

[2018-09-01 16:59:04 #1 store] 
Database '/Users/safefy/git/BP18/Database/projectDB.odb' is opened by 1768@MacFys-MacBook-Pro.local

[2018-09-01 16:59:04 #2 type] 
Type decisionprocess.DecisionProcessType is not enhanced.

[2018-09-01 16:59:04 #3 type] 
Type decisionprocess.DecisionProcessInstance is not enhanced.

[2018-09-01 16:59:04 #4 type] 
Type decisionpremise.RelevanceRelationType is not enhanced.

[2018-09-01 16:59:04 #5 type] 
Type organizationalunits.ParticipationRelationType is not enhanced.

[2018-09-01 16:59:04 #6 type] 
Type decisionprocess.StimulusType is not enhanced.

[2018-09-01 16:59:04 #7 type] 
Type decisionpremise.DecisionPremiseType is not enhanced.

[2018-09-01 16:59:04 #8 type] 
Type organizationalunits.OrganizationalUnitType is not enhanced.

[2018-09-01 16:59:04 #9 type] 
Type supportrequirements.SupportRequirementType is not enhanced.

[2018-09-01 16:59:04 #10 type] 
Type organizationalunits.BoardType is not enhanced.

[2018-09-01 16:59:04 #11 type] 
Type organizationalunits.UnitOfWorkType is not enhanced.

[2018-09-01 16:59:04 #12 type] 
Type organizationalunits.CommiteeType is not enhanced.

[2018-09-01 16:59:04 #13 type] 
Type organizationalunits.SingleUnitType is not enhanced.

[2018-09-01 16:59:04 #14 type] 
Type organizationalunits.PositionType is not enhanced.

[2018-09-01 16:59:04 #15 type] 
Type organizationalunits.RoleType is not enhanced.

[2018-09-01 16:59:04 #16 type] 
Type decisionpremise.ValueDecisionPremiseType is not enhanced.

[2018-09-01 16:59:04 #17 type] 
Type decisionpremise.AbstractGoalType is not enhanced.

[2018-09-01 16:59:04 #18 type] 
Type decisionpremise.DecisionGoalType is not enhanced.

[2018-09-01 16:59:04 #19 type] 
Type decisionpremise.Value is not enhanced.

[2018-09-01 16:59:04 #20 type] 
Type decisionpremise.OrdinalValue is not enhanced.

[2018-09-01 16:59:04 #21 type] 
Type decisionpremise.RationaleSpec is not enhanced.

[2018-09-01 16:59:04 #22 type] 
Type decisionpremise.EngagementGoalType is not enhanced.

[2018-09-01 16:59:04 #23 type] 
Type decisionpremise.SymbolicGoalType is not enhanced.

[2018-09-01 16:59:04 #24 type] 
Type decisionpremise.FactualDecisionPremiseType is not enhanced.

[2018-09-01 16:59:04 #25 type] 
Type decisionpremise.ActionVariableType is not enhanced.

[2018-09-01 16:59:04 #26 type] 
Type decisionpremise.PresumedInfluenceRelationType is not enhanced.

[2018-09-01 16:59:04 #27 type] 
Type decisionpremise.EnvironmentalFactorType is not enhanced.

[2018-09-01 16:59:04 #28 type] 
Type supportrequirements.InformationType is not enhanced.

[2018-09-01 16:59:04 #29 type] 
Type supportrequirements.InformationSystemType is not enhanced.

[2018-09-01 16:59:04 #30 type] 
Type supportrequirements.InformationNeedSatisfactionRelation is not enhanced.

[2018-09-01 16:59:04 #31 type] 
Type supportrequirements.AnalysisNeedSatisfactionRelationType is not enhanced.

[2018-09-01 16:59:04 #32 type] 
Type supportrequirements.InformationNeedType is not enhanced.

[2018-09-01 16:59:04 #33 type] 
Type supportrequirements.AnalysisNeedType is not enhanced.

[2018-09-01 16:59:04 #34 type] 
Type decisionpremise.CoherenceRationaleSpec is not enhanced.

[2018-09-01 16:59:04 #35 type] 
Type decisionprocess.StimulusInstance is not enhanced.

------------------------------------------------------------------------------------------------------------------------

[2018-09-01 16:59:59 #1 store] 
Database '/Users/safefy/git/BP18/Database/projectDB.odb' is opened by 1775@MacFys-MacBook-Pro.local

[2018-09-01 16:59:59 #2 type] 
Type decisionprocess.DecisionProcessType is not enhanced.

[2018-09-01 16:59:59 #3 type] 
Type decisionprocess.DecisionProcessInstance is not enhanced.

[2018-09-01 16:59:59 #4 type] 
Type decisionpremise.RelevanceRelationType is not enhanced.

[2018-09-01 16:59:59 #5 type] 
Type organizationalunits.ParticipationRelationType is not enhanced.

[2018-09-01 16:59:59 #6 type] 
Type decisionprocess.StimulusType is not enhanced.

[2018-09-01 16:59:59 #7 type] 
Type decisionpremise.DecisionPremiseType is not enhanced.

[2018-09-01 16:59:59 #8 type] 
Type organizationalunits.OrganizationalUnitType is not enhanced.

[2018-09-01 16:59:59 #9 type] 
Type supportrequirements.SupportRequirementType is not enhanced.

[2018-09-01 16:59:59 #10 type] 
Type organizationalunits.BoardType is not enhanced.

[2018-09-01 16:59:59 #11 type] 
Type organizationalunits.UnitOfWorkType is not enhanced.

[2018-09-01 16:59:59 #12 type] 
Type organizationalunits.CommiteeType is not enhanced.

[2018-09-01 16:59:59 #13 type] 
Type organizationalunits.SingleUnitType is not enhanced.

[2018-09-01 16:59:59 #14 type] 
Type organizationalunits.PositionType is not enhanced.

[2018-09-01 16:59:59 #15 type] 
Type organizationalunits.RoleType is not enhanced.

[2018-09-01 16:59:59 #16 type] 
Type decisionpremise.ValueDecisionPremiseType is not enhanced.

[2018-09-01 16:59:59 #17 type] 
Type decisionpremise.AbstractGoalType is not enhanced.

[2018-09-01 16:59:59 #18 type] 
Type decisionpremise.DecisionGoalType is not enhanced.

[2018-09-01 16:59:59 #19 type] 
Type decisionpremise.Value is not enhanced.

[2018-09-01 16:59:59 #20 type] 
Type decisionpremise.OrdinalValue is not enhanced.

[2018-09-01 16:59:59 #21 type] 
Type decisionpremise.RationaleSpec is not enhanced.

[2018-09-01 16:59:59 #22 type] 
Type decisionpremise.EngagementGoalType is not enhanced.

[2018-09-01 16:59:59 #23 type] 
Type decisionpremise.SymbolicGoalType is not enhanced.

[2018-09-01 16:59:59 #24 type] 
Type decisionpremise.FactualDecisionPremiseType is not enhanced.

[2018-09-01 16:59:59 #25 type] 
Type decisionpremise.ActionVariableType is not enhanced.

[2018-09-01 16:59:59 #26 type] 
Type decisionpremise.PresumedInfluenceRelationType is not enhanced.

[2018-09-01 16:59:59 #27 type] 
Type decisionpremise.EnvironmentalFactorType is not enhanced.

[2018-09-01 16:59:59 #28 type] 
Type supportrequirements.InformationType is not enhanced.

[2018-09-01 16:59:59 #29 type] 
Type supportrequirements.InformationSystemType is not enhanced.

[2018-09-01 16:59:59 #30 type] 
Type supportrequirements.InformationNeedSatisfactionRelation is not enhanced.

[2018-09-01 16:59:59 #31 type] 
Type supportrequirements.AnalysisNeedSatisfactionRelationType is not enhanced.

[2018-09-01 16:59:59 #32 type] 
Type supportrequirements.InformationNeedType is not enhanced.

[2018-09-01 16:59:59 #33 type] 
Type supportrequirements.AnalysisNeedType is not enhanced.

[2018-09-01 16:59:59 #34 type] 
Type decisionpremise.CoherenceRationaleSpec is not enhanced.

[2018-09-01 16:59:59 #35 type] 
Type decisionprocess.StimulusInstance is not enhanced.

------------------------------------------------------------------------------------------------------------------------

[2018-09-01 17:14:08 #1 store] 
Database '/Users/safefy/git/BP18/Database/projectDB.odb' is opened by 1870@MacFys-MacBook-Pro.local

[2018-09-01 17:14:08 #2 type] 
Type decisionprocess.DecisionProcessType is not enhanced.

[2018-09-01 17:14:08 #3 type] 
Type decisionprocess.DecisionProcessInstance is not enhanced.

[2018-09-01 17:14:08 #4 type] 
Type decisionpremise.RelevanceRelationType is not enhanced.

[2018-09-01 17:14:08 #5 type] 
Type organizationalunits.ParticipationRelationType is not enhanced.

[2018-09-01 17:14:08 #6 type] 
Type decisionprocess.StimulusType is not enhanced.

[2018-09-01 17:14:08 #7 type] 
Type decisionpremise.DecisionPremiseType is not enhanced.

[2018-09-01 17:14:08 #8 type] 
Type organizationalunits.OrganizationalUnitType is not enhanced.

[2018-09-01 17:14:08 #9 type] 
Type supportrequirements.SupportRequirementType is not enhanced.

[2018-09-01 17:14:08 #10 type] 
Type organizationalunits.BoardType is not enhanced.

[2018-09-01 17:14:08 #11 type] 
Type organizationalunits.UnitOfWorkType is not enhanced.

[2018-09-01 17:14:08 #12 type] 
Type organizationalunits.CommiteeType is not enhanced.

[2018-09-01 17:14:08 #13 type] 
Type organizationalunits.SingleUnitType is not enhanced.

[2018-09-01 17:14:08 #14 type] 
Type organizationalunits.PositionType is not enhanced.

[2018-09-01 17:14:08 #15 type] 
Type organizationalunits.RoleType is not enhanced.

[2018-09-01 17:14:08 #16 type] 
Type decisionpremise.ValueDecisionPremiseType is not enhanced.

[2018-09-01 17:14:08 #17 type] 
Type decisionpremise.AbstractGoalType is not enhanced.

[2018-09-01 17:14:08 #18 type] 
Type decisionpremise.DecisionGoalType is not enhanced.

[2018-09-01 17:14:08 #19 type] 
Type decisionpremise.Value is not enhanced.

[2018-09-01 17:14:08 #20 type] 
Type decisionpremise.OrdinalValue is not enhanced.

[2018-09-01 17:14:08 #21 type] 
Type decisionpremise.RationaleSpec is not enhanced.

[2018-09-01 17:14:08 #22 type] 
Type decisionpremise.EngagementGoalType is not enhanced.

[2018-09-01 17:14:08 #23 type] 
Type decisionpremise.SymbolicGoalType is not enhanced.

[2018-09-01 17:14:08 #24 type] 
Type decisionpremise.FactualDecisionPremiseType is not enhanced.

[2018-09-01 17:14:08 #25 type] 
Type decisionpremise.ActionVariableType is not enhanced.

[2018-09-01 17:14:08 #26 type] 
Type decisionpremise.PresumedInfluenceRelationType is not enhanced.

[2018-09-01 17:14:08 #27 type] 
Type decisionpremise.EnvironmentalFactorType is not enhanced.

[2018-09-01 17:14:08 #28 type] 
Type supportrequirements.InformationType is not enhanced.

[2018-09-01 17:14:08 #29 type] 
Type supportrequirements.InformationSystemType is not enhanced.

[2018-09-01 17:14:08 #30 type] 
Type supportrequirements.InformationNeedSatisfactionRelation is not enhanced.

[2018-09-01 17:14:08 #31 type] 
Type supportrequirements.AnalysisNeedSatisfactionRelationType is not enhanced.

[2018-09-01 17:14:08 #32 type] 
Type supportrequirements.InformationNeedType is not enhanced.

[2018-09-01 17:14:08 #33 type] 
Type supportrequirements.AnalysisNeedType is not enhanced.

[2018-09-01 17:14:08 #34 type] 
Type decisionpremise.CoherenceRationaleSpec is not enhanced.

[2018-09-01 17:14:08 #35 type] 
Type decisionprocess.StimulusInstance is not enhanced.

------------------------------------------------------------------------------------------------------------------------

[2018-09-01 17:15:41 #1 store] 
Database '/Users/safefy/git/BP18/Database/projectDB.odb' is opened by 1882@MacFys-MacBook-Pro.local

[2018-09-01 17:15:41 #2 type] 
Type decisionprocess.DecisionProcessType is not enhanced.

[2018-09-01 17:15:41 #3 type] 
Type decisionprocess.DecisionProcessInstance is not enhanced.

[2018-09-01 17:15:41 #4 type] 
Type decisionpremise.RelevanceRelationType is not enhanced.

[2018-09-01 17:15:41 #5 type] 
Type organizationalunits.ParticipationRelationType is not enhanced.

[2018-09-01 17:15:41 #6 type] 
Type decisionprocess.StimulusType is not enhanced.

[2018-09-01 17:15:41 #7 type] 
Type decisionpremise.DecisionPremiseType is not enhanced.

[2018-09-01 17:15:41 #8 type] 
Type organizationalunits.OrganizationalUnitType is not enhanced.

[2018-09-01 17:15:41 #9 type] 
Type supportrequirements.SupportRequirementType is not enhanced.

[2018-09-01 17:15:41 #10 type] 
Type organizationalunits.BoardType is not enhanced.

[2018-09-01 17:15:41 #11 type] 
Type organizationalunits.UnitOfWorkType is not enhanced.

[2018-09-01 17:15:41 #12 type] 
Type organizationalunits.CommiteeType is not enhanced.

[2018-09-01 17:15:41 #13 type] 
Type organizationalunits.SingleUnitType is not enhanced.

[2018-09-01 17:15:41 #14 type] 
Type organizationalunits.PositionType is not enhanced.

[2018-09-01 17:15:41 #15 type] 
Type organizationalunits.RoleType is not enhanced.

[2018-09-01 17:15:41 #16 type] 
Type decisionpremise.ValueDecisionPremiseType is not enhanced.

[2018-09-01 17:15:41 #17 type] 
Type decisionpremise.AbstractGoalType is not enhanced.

[2018-09-01 17:15:41 #18 type] 
Type decisionpremise.DecisionGoalType is not enhanced.

[2018-09-01 17:15:41 #19 type] 
Type decisionpremise.Value is not enhanced.

[2018-09-01 17:15:41 #20 type] 
Type decisionpremise.OrdinalValue is not enhanced.

[2018-09-01 17:15:41 #21 type] 
Type decisionpremise.RationaleSpec is not enhanced.

[2018-09-01 17:15:41 #22 type] 
Type decisionpremise.EngagementGoalType is not enhanced.

[2018-09-01 17:15:41 #23 type] 
Type decisionpremise.SymbolicGoalType is not enhanced.

[2018-09-01 17:15:41 #24 type] 
Type decisionpremise.FactualDecisionPremiseType is not enhanced.

[2018-09-01 17:15:41 #25 type] 
Type decisionpremise.ActionVariableType is not enhanced.

[2018-09-01 17:15:41 #26 type] 
Type decisionpremise.PresumedInfluenceRelationType is not enhanced.

[2018-09-01 17:15:41 #27 type] 
Type decisionpremise.EnvironmentalFactorType is not enhanced.

[2018-09-01 17:15:41 #28 type] 
Type supportrequirements.InformationType is not enhanced.

[2018-09-01 17:15:41 #29 type] 
Type supportrequirements.InformationSystemType is not enhanced.

[2018-09-01 17:15:41 #30 type] 
Type supportrequirements.InformationNeedSatisfactionRelation is not enhanced.

[2018-09-01 17:15:41 #31 type] 
Type supportrequirements.AnalysisNeedSatisfactionRelationType is not enhanced.

[2018-09-01 17:15:41 #32 type] 
Type supportrequirements.InformationNeedType is not enhanced.

[2018-09-01 17:15:41 #33 type] 
Type supportrequirements.AnalysisNeedType is not enhanced.

[2018-09-01 17:15:41 #34 type] 
Type decisionpremise.CoherenceRationaleSpec is not enhanced.

[2018-09-01 17:15:41 #35 type] 
Type decisionprocess.StimulusInstance is not enhanced.

------------------------------------------------------------------------------------------------------------------------

[2018-09-01 17:18:28 #1 store] 
Database '/Users/safefy/git/BP18/Database/projectDB.odb' is opened by 1905@MacFys-MacBook-Pro.local

[2018-09-01 17:18:28 #2 type] 
Type decisionprocess.DecisionProcessType is not enhanced.

[2018-09-01 17:18:28 #3 type] 
Type decisionprocess.DecisionProcessInstance is not enhanced.

[2018-09-01 17:18:28 #4 type] 
Type decisionpremise.RelevanceRelationType is not enhanced.

[2018-09-01 17:18:28 #5 type] 
Type organizationalunits.ParticipationRelationType is not enhanced.

[2018-09-01 17:18:28 #6 type] 
Type decisionprocess.StimulusType is not enhanced.

[2018-09-01 17:18:28 #7 type] 
Type decisionpremise.DecisionPremiseType is not enhanced.

[2018-09-01 17:18:28 #8 type] 
Type organizationalunits.OrganizationalUnitType is not enhanced.

[2018-09-01 17:18:28 #9 type] 
Type supportrequirements.SupportRequirementType is not enhanced.

[2018-09-01 17:18:28 #10 type] 
Type organizationalunits.BoardType is not enhanced.

[2018-09-01 17:18:28 #11 type] 
Type organizationalunits.UnitOfWorkType is not enhanced.

[2018-09-01 17:18:28 #12 type] 
Type organizationalunits.CommiteeType is not enhanced.

[2018-09-01 17:18:28 #13 type] 
Type organizationalunits.SingleUnitType is not enhanced.

[2018-09-01 17:18:28 #14 type] 
Type organizationalunits.PositionType is not enhanced.

[2018-09-01 17:18:28 #15 type] 
Type organizationalunits.RoleType is not enhanced.

[2018-09-01 17:18:28 #16 type] 
Type decisionpremise.ValueDecisionPremiseType is not enhanced.

[2018-09-01 17:18:28 #17 type] 
Type decisionpremise.AbstractGoalType is not enhanced.

[2018-09-01 17:18:28 #18 type] 
Type decisionpremise.DecisionGoalType is not enhanced.

[2018-09-01 17:18:28 #19 type] 
Type decisionpremise.Value is not enhanced.

[2018-09-01 17:18:28 #20 type] 
Type decisionpremise.OrdinalValue is not enhanced.

[2018-09-01 17:18:28 #21 type] 
Type decisionpremise.RationaleSpec is not enhanced.

[2018-09-01 17:18:28 #22 type] 
Type decisionpremise.EngagementGoalType is not enhanced.

[2018-09-01 17:18:28 #23 type] 
Type decisionpremise.SymbolicGoalType is not enhanced.

[2018-09-01 17:18:28 #24 type] 
Type decisionpremise.FactualDecisionPremiseType is not enhanced.

[2018-09-01 17:18:28 #25 type] 
Type decisionpremise.ActionVariableType is not enhanced.

[2018-09-01 17:18:28 #26 type] 
Type decisionpremise.PresumedInfluenceRelationType is not enhanced.

[2018-09-01 17:18:28 #27 type] 
Type decisionpremise.EnvironmentalFactorType is not enhanced.

[2018-09-01 17:18:28 #28 type] 
Type supportrequirements.InformationType is not enhanced.

[2018-09-01 17:18:28 #29 type] 
Type supportrequirements.InformationSystemType is not enhanced.

[2018-09-01 17:18:28 #30 type] 
Type supportrequirements.InformationNeedSatisfactionRelation is not enhanced.

[2018-09-01 17:18:28 #31 type] 
Type supportrequirements.AnalysisNeedSatisfactionRelationType is not enhanced.

[2018-09-01 17:18:28 #32 type] 
Type supportrequirements.InformationNeedType is not enhanced.

[2018-09-01 17:18:28 #33 type] 
Type supportrequirements.AnalysisNeedType is not enhanced.

[2018-09-01 17:18:28 #34 type] 
Type decisionpremise.CoherenceRationaleSpec is not enhanced.

[2018-09-01 17:18:28 #35 type] 
Type decisionprocess.StimulusInstance is not enhanced.

------------------------------------------------------------------------------------------------------------------------

[2018-09-01 17:19:03 #1 store] 
Database '/Users/safefy/git/BP18/Database/projectDB.odb' is opened by 1912@MacFys-MacBook-Pro.local

[2018-09-01 17:19:03 #2 type] 
Type decisionprocess.DecisionProcessType is not enhanced.

[2018-09-01 17:19:03 #3 type] 
Type decisionprocess.DecisionProcessInstance is not enhanced.

[2018-09-01 17:19:03 #4 type] 
Type decisionpremise.RelevanceRelationType is not enhanced.

[2018-09-01 17:19:03 #5 type] 
Type organizationalunits.ParticipationRelationType is not enhanced.

[2018-09-01 17:19:03 #6 type] 
Type decisionprocess.StimulusType is not enhanced.

[2018-09-01 17:19:03 #7 type] 
Type decisionpremise.DecisionPremiseType is not enhanced.

[2018-09-01 17:19:03 #8 type] 
Type organizationalunits.OrganizationalUnitType is not enhanced.

[2018-09-01 17:19:03 #9 type] 
Type supportrequirements.SupportRequirementType is not enhanced.

[2018-09-01 17:19:03 #10 type] 
Type organizationalunits.BoardType is not enhanced.

[2018-09-01 17:19:03 #11 type] 
Type organizationalunits.UnitOfWorkType is not enhanced.

[2018-09-01 17:19:03 #12 type] 
Type organizationalunits.CommiteeType is not enhanced.

[2018-09-01 17:19:03 #13 type] 
Type organizationalunits.SingleUnitType is not enhanced.

[2018-09-01 17:19:03 #14 type] 
Type organizationalunits.PositionType is not enhanced.

[2018-09-01 17:19:03 #15 type] 
Type organizationalunits.RoleType is not enhanced.

[2018-09-01 17:19:03 #16 type] 
Type decisionpremise.ValueDecisionPremiseType is not enhanced.

[2018-09-01 17:19:03 #17 type] 
Type decisionpremise.AbstractGoalType is not enhanced.

[2018-09-01 17:19:03 #18 type] 
Type decisionpremise.DecisionGoalType is not enhanced.

[2018-09-01 17:19:04 #19 type] 
Type decisionpremise.Value is not enhanced.

[2018-09-01 17:19:04 #20 type] 
Type decisionpremise.OrdinalValue is not enhanced.

[2018-09-01 17:19:04 #21 type] 
Type decisionpremise.RationaleSpec is not enhanced.

[2018-09-01 17:19:04 #22 type] 
Type decisionpremise.EngagementGoalType is not enhanced.

[2018-09-01 17:19:04 #23 type] 
Type decisionpremise.SymbolicGoalType is not enhanced.

[2018-09-01 17:19:04 #24 type] 
Type decisionpremise.FactualDecisionPremiseType is not enhanced.

[2018-09-01 17:19:04 #25 type] 
Type decisionpremise.ActionVariableType is not enhanced.

[2018-09-01 17:19:04 #26 type] 
Type decisionpremise.PresumedInfluenceRelationType is not enhanced.

[2018-09-01 17:19:04 #27 type] 
Type decisionpremise.EnvironmentalFactorType is not enhanced.

[2018-09-01 17:19:04 #28 type] 
Type supportrequirements.InformationType is not enhanced.

[2018-09-01 17:19:04 #29 type] 
Type supportrequirements.InformationSystemType is not enhanced.

[2018-09-01 17:19:04 #30 type] 
Type supportrequirements.InformationNeedSatisfactionRelation is not enhanced.

[2018-09-01 17:19:04 #31 type] 
Type supportrequirements.AnalysisNeedSatisfactionRelationType is not enhanced.

[2018-09-01 17:19:04 #32 type] 
Type supportrequirements.InformationNeedType is not enhanced.

[2018-09-01 17:19:04 #33 type] 
Type supportrequirements.AnalysisNeedType is not enhanced.

[2018-09-01 17:19:04 #34 type] 
Type decisionpremise.CoherenceRationaleSpec is not enhanced.

[2018-09-01 17:19:04 #35 type] 
Type decisionprocess.StimulusInstance is not enhanced.

------------------------------------------------------------------------------------------------------------------------

[2018-09-01 17:23:35 #1 store] 
Database '/Users/safefy/git/BP18/Database/projectDB.odb' is opened by 1944@MacFys-MacBook-Pro.local

[2018-09-01 17:23:35 #2 type] 
Type decisionprocess.DecisionProcessType is not enhanced.

[2018-09-01 17:23:35 #3 type] 
Type decisionprocess.DecisionProcessInstance is not enhanced.

[2018-09-01 17:23:35 #4 type] 
Type decisionpremise.RelevanceRelationType is not enhanced.

[2018-09-01 17:23:35 #5 type] 
Type organizationalunits.ParticipationRelationType is not enhanced.

[2018-09-01 17:23:35 #6 type] 
Type decisionprocess.StimulusType is not enhanced.

[2018-09-01 17:23:35 #7 type] 
Type decisionpremise.DecisionPremiseType is not enhanced.

[2018-09-01 17:23:35 #8 type] 
Type organizationalunits.OrganizationalUnitType is not enhanced.

[2018-09-01 17:23:35 #9 type] 
Type supportrequirements.SupportRequirementType is not enhanced.

[2018-09-01 17:23:35 #10 type] 
Type organizationalunits.BoardType is not enhanced.

[2018-09-01 17:23:35 #11 type] 
Type organizationalunits.UnitOfWorkType is not enhanced.

[2018-09-01 17:23:35 #12 type] 
Type organizationalunits.CommiteeType is not enhanced.

[2018-09-01 17:23:35 #13 type] 
Type organizationalunits.SingleUnitType is not enhanced.

[2018-09-01 17:23:35 #14 type] 
Type organizationalunits.PositionType is not enhanced.

[2018-09-01 17:23:35 #15 type] 
Type organizationalunits.RoleType is not enhanced.

[2018-09-01 17:23:35 #16 type] 
Type decisionpremise.ValueDecisionPremiseType is not enhanced.

[2018-09-01 17:23:35 #17 type] 
Type decisionpremise.AbstractGoalType is not enhanced.

[2018-09-01 17:23:35 #18 type] 
Type decisionpremise.DecisionGoalType is not enhanced.

[2018-09-01 17:23:35 #19 type] 
Type decisionpremise.Value is not enhanced.

[2018-09-01 17:23:35 #20 type] 
Type decisionpremise.OrdinalValue is not enhanced.

[2018-09-01 17:23:35 #21 type] 
Type decisionpremise.RationaleSpec is not enhanced.

[2018-09-01 17:23:35 #22 type] 
Type decisionpremise.EngagementGoalType is not enhanced.

[2018-09-01 17:23:35 #23 type] 
Type decisionpremise.SymbolicGoalType is not enhanced.

[2018-09-01 17:23:35 #24 type] 
Type decisionpremise.FactualDecisionPremiseType is not enhanced.

[2018-09-01 17:23:35 #25 type] 
Type decisionpremise.ActionVariableType is not enhanced.

[2018-09-01 17:23:35 #26 type] 
Type decisionpremise.PresumedInfluenceRelationType is not enhanced.

[2018-09-01 17:23:35 #27 type] 
Type decisionpremise.EnvironmentalFactorType is not enhanced.

[2018-09-01 17:23:35 #28 type] 
Type supportrequirements.InformationType is not enhanced.

[2018-09-01 17:23:35 #29 type] 
Type supportrequirements.InformationSystemType is not enhanced.

[2018-09-01 17:23:35 #30 type] 
Type supportrequirements.InformationNeedSatisfactionRelation is not enhanced.

[2018-09-01 17:23:35 #31 type] 
Type supportrequirements.AnalysisNeedSatisfactionRelationType is not enhanced.

[2018-09-01 17:23:35 #32 type] 
Type supportrequirements.InformationNeedType is not enhanced.

[2018-09-01 17:23:35 #33 type] 
Type supportrequirements.AnalysisNeedType is not enhanced.

[2018-09-01 17:23:35 #34 type] 
Type decisionpremise.CoherenceRationaleSpec is not enhanced.

[2018-09-01 17:23:35 #35 type] 
Type decisionprocess.StimulusInstance is not enhanced.

------------------------------------------------------------------------------------------------------------------------

[2018-09-01 17:24:53 #1 store] 
Database '/Users/safefy/git/BP18/Database/projectDB.odb' is opened by 1954@MacFys-MacBook-Pro.local

[2018-09-01 17:24:53 #2 type] 
Type decisionprocess.DecisionProcessType is not enhanced.

[2018-09-01 17:24:53 #3 type] 
Type decisionprocess.DecisionProcessInstance is not enhanced.

[2018-09-01 17:24:53 #4 type] 
Type decisionpremise.RelevanceRelationType is not enhanced.

[2018-09-01 17:24:53 #5 type] 
Type organizationalunits.ParticipationRelationType is not enhanced.

[2018-09-01 17:24:53 #6 type] 
Type decisionprocess.StimulusType is not enhanced.

[2018-09-01 17:24:53 #7 type] 
Type decisionpremise.DecisionPremiseType is not enhanced.

[2018-09-01 17:24:53 #8 type] 
Type organizationalunits.OrganizationalUnitType is not enhanced.

[2018-09-01 17:24:53 #9 type] 
Type supportrequirements.SupportRequirementType is not enhanced.

[2018-09-01 17:24:53 #10 type] 
Type organizationalunits.BoardType is not enhanced.

[2018-09-01 17:24:53 #11 type] 
Type organizationalunits.UnitOfWorkType is not enhanced.

[2018-09-01 17:24:53 #12 type] 
Type organizationalunits.CommiteeType is not enhanced.

[2018-09-01 17:24:53 #13 type] 
Type organizationalunits.SingleUnitType is not enhanced.

[2018-09-01 17:24:53 #14 type] 
Type organizationalunits.PositionType is not enhanced.

[2018-09-01 17:24:53 #15 type] 
Type organizationalunits.RoleType is not enhanced.

[2018-09-01 17:24:53 #16 type] 
Type decisionpremise.ValueDecisionPremiseType is not enhanced.

[2018-09-01 17:24:53 #17 type] 
Type decisionpremise.AbstractGoalType is not enhanced.

[2018-09-01 17:24:53 #18 type] 
Type decisionpremise.DecisionGoalType is not enhanced.

[2018-09-01 17:24:53 #19 type] 
Type decisionpremise.Value is not enhanced.

[2018-09-01 17:24:53 #20 type] 
Type decisionpremise.OrdinalValue is not enhanced.

[2018-09-01 17:24:53 #21 type] 
Type decisionpremise.RationaleSpec is not enhanced.

[2018-09-01 17:24:53 #22 type] 
Type decisionpremise.EngagementGoalType is not enhanced.

[2018-09-01 17:24:53 #23 type] 
Type decisionpremise.SymbolicGoalType is not enhanced.

[2018-09-01 17:24:53 #24 type] 
Type decisionpremise.FactualDecisionPremiseType is not enhanced.

[2018-09-01 17:24:53 #25 type] 
Type decisionpremise.ActionVariableType is not enhanced.

[2018-09-01 17:24:53 #26 type] 
Type decisionpremise.PresumedInfluenceRelationType is not enhanced.

[2018-09-01 17:24:53 #27 type] 
Type decisionpremise.EnvironmentalFactorType is not enhanced.

[2018-09-01 17:24:53 #28 type] 
Type supportrequirements.InformationType is not enhanced.

[2018-09-01 17:24:53 #29 type] 
Type supportrequirements.InformationSystemType is not enhanced.

[2018-09-01 17:24:53 #30 type] 
Type supportrequirements.InformationNeedSatisfactionRelation is not enhanced.

[2018-09-01 17:24:53 #31 type] 
Type supportrequirements.AnalysisNeedSatisfactionRelationType is not enhanced.

[2018-09-01 17:24:53 #32 type] 
Type supportrequirements.InformationNeedType is not enhanced.

[2018-09-01 17:24:53 #33 type] 
Type supportrequirements.AnalysisNeedType is not enhanced.

[2018-09-01 17:24:53 #34 type] 
Type decisionpremise.CoherenceRationaleSpec is not enhanced.

[2018-09-01 17:24:53 #35 type] 
Type decisionprocess.StimulusInstance is not enhanced.

------------------------------------------------------------------------------------------------------------------------

[2018-09-01 17:33:38 #1 store] 
Database '/Users/safefy/git/BP18/Database/projectDB.odb' is opened by 2013@MacFys-MacBook-Pro.local

[2018-09-01 17:33:38 #2 type] 
Type decisionprocess.DecisionProcessType is not enhanced.

[2018-09-01 17:33:38 #3 type] 
Type decisionprocess.DecisionProcessInstance is not enhanced.

[2018-09-01 17:33:38 #4 type] 
Type decisionpremise.RelevanceRelationType is not enhanced.

[2018-09-01 17:33:38 #5 type] 
Type organizationalunits.ParticipationRelationType is not enhanced.

[2018-09-01 17:33:38 #6 type] 
Type decisionprocess.StimulusType is not enhanced.

[2018-09-01 17:33:38 #7 type] 
Type decisionpremise.DecisionPremiseType is not enhanced.

[2018-09-01 17:33:38 #8 type] 
Type organizationalunits.OrganizationalUnitType is not enhanced.

[2018-09-01 17:33:38 #9 type] 
Type supportrequirements.SupportRequirementType is not enhanced.

[2018-09-01 17:33:38 #10 type] 
Type organizationalunits.BoardType is not enhanced.

[2018-09-01 17:33:38 #11 type] 
Type organizationalunits.UnitOfWorkType is not enhanced.

[2018-09-01 17:33:38 #12 type] 
Type organizationalunits.CommiteeType is not enhanced.

[2018-09-01 17:33:38 #13 type] 
Type organizationalunits.SingleUnitType is not enhanced.

[2018-09-01 17:33:38 #14 type] 
Type organizationalunits.PositionType is not enhanced.

[2018-09-01 17:33:38 #15 type] 
Type organizationalunits.RoleType is not enhanced.

[2018-09-01 17:33:38 #16 type] 
Type decisionpremise.ValueDecisionPremiseType is not enhanced.

[2018-09-01 17:33:38 #17 type] 
Type decisionpremise.AbstractGoalType is not enhanced.

[2018-09-01 17:33:38 #18 type] 
Type decisionpremise.DecisionGoalType is not enhanced.

[2018-09-01 17:33:38 #19 type] 
Type decisionpremise.Value is not enhanced.

[2018-09-01 17:33:38 #20 type] 
Type decisionpremise.OrdinalValue is not enhanced.

[2018-09-01 17:33:38 #21 type] 
Type decisionpremise.RationaleSpec is not enhanced.

[2018-09-01 17:33:38 #22 type] 
Type decisionpremise.EngagementGoalType is not enhanced.

[2018-09-01 17:33:38 #23 type] 
Type decisionpremise.SymbolicGoalType is not enhanced.

[2018-09-01 17:33:38 #24 type] 
Type decisionpremise.FactualDecisionPremiseType is not enhanced.

[2018-09-01 17:33:38 #25 type] 
Type decisionpremise.ActionVariableType is not enhanced.

[2018-09-01 17:33:38 #26 type] 
Type decisionpremise.PresumedInfluenceRelationType is not enhanced.

[2018-09-01 17:33:38 #27 type] 
Type decisionpremise.EnvironmentalFactorType is not enhanced.

[2018-09-01 17:33:38 #28 type] 
Type supportrequirements.InformationType is not enhanced.

[2018-09-01 17:33:38 #29 type] 
Type supportrequirements.InformationSystemType is not enhanced.

[2018-09-01 17:33:38 #30 type] 
Type supportrequirements.InformationNeedSatisfactionRelation is not enhanced.

[2018-09-01 17:33:38 #31 type] 
Type supportrequirements.AnalysisNeedSatisfactionRelationType is not enhanced.

[2018-09-01 17:33:38 #32 type] 
Type supportrequirements.InformationNeedType is not enhanced.

[2018-09-01 17:33:38 #33 type] 
Type supportrequirements.AnalysisNeedType is not enhanced.

[2018-09-01 17:33:38 #34 type] 
Type decisionpremise.CoherenceRationaleSpec is not enhanced.

[2018-09-01 17:33:38 #35 type] 
Type decisionprocess.StimulusInstance is not enhanced.

------------------------------------------------------------------------------------------------------------------------

[2018-09-01 17:34:56 #1 store] 
Database '/Users/safefy/git/BP18/Database/projectDB.odb' is opened by 2023@MacFys-MacBook-Pro.local

[2018-09-01 17:34:56 #2 type] 
Type decisionprocess.DecisionProcessType is not enhanced.

[2018-09-01 17:34:56 #3 type] 
Type decisionprocess.DecisionProcessInstance is not enhanced.

[2018-09-01 17:34:56 #4 type] 
Type decisionpremise.RelevanceRelationType is not enhanced.

[2018-09-01 17:34:56 #5 type] 
Type organizationalunits.ParticipationRelationType is not enhanced.

[2018-09-01 17:34:56 #6 type] 
Type decisionprocess.StimulusType is not enhanced.

[2018-09-01 17:34:56 #7 type] 
Type decisionpremise.DecisionPremiseType is not enhanced.

[2018-09-01 17:34:56 #8 type] 
Type organizationalunits.OrganizationalUnitType is not enhanced.

[2018-09-01 17:34:56 #9 type] 
Type supportrequirements.SupportRequirementType is not enhanced.

[2018-09-01 17:34:56 #10 type] 
Type organizationalunits.BoardType is not enhanced.

[2018-09-01 17:34:56 #11 type] 
Type organizationalunits.UnitOfWorkType is not enhanced.

[2018-09-01 17:34:56 #12 type] 
Type organizationalunits.CommiteeType is not enhanced.

[2018-09-01 17:34:56 #13 type] 
Type organizationalunits.SingleUnitType is not enhanced.

[2018-09-01 17:34:56 #14 type] 
Type organizationalunits.PositionType is not enhanced.

[2018-09-01 17:34:56 #15 type] 
Type organizationalunits.RoleType is not enhanced.

[2018-09-01 17:34:56 #16 type] 
Type decisionpremise.ValueDecisionPremiseType is not enhanced.

[2018-09-01 17:34:56 #17 type] 
Type decisionpremise.AbstractGoalType is not enhanced.

[2018-09-01 17:34:56 #18 type] 
Type decisionpremise.DecisionGoalType is not enhanced.

[2018-09-01 17:34:56 #19 type] 
Type decisionpremise.Value is not enhanced.

[2018-09-01 17:34:56 #20 type] 
Type decisionpremise.OrdinalValue is not enhanced.

[2018-09-01 17:34:56 #21 type] 
Type decisionpremise.RationaleSpec is not enhanced.

[2018-09-01 17:34:56 #22 type] 
Type decisionpremise.EngagementGoalType is not enhanced.

[2018-09-01 17:34:56 #23 type] 
Type decisionpremise.SymbolicGoalType is not enhanced.

[2018-09-01 17:34:56 #24 type] 
Type decisionpremise.FactualDecisionPremiseType is not enhanced.

[2018-09-01 17:34:56 #25 type] 
Type decisionpremise.ActionVariableType is not enhanced.

[2018-09-01 17:34:56 #26 type] 
Type decisionpremise.PresumedInfluenceRelationType is not enhanced.

[2018-09-01 17:34:56 #27 type] 
Type decisionpremise.EnvironmentalFactorType is not enhanced.

[2018-09-01 17:34:56 #28 type] 
Type supportrequirements.InformationType is not enhanced.

[2018-09-01 17:34:56 #29 type] 
Type supportrequirements.InformationSystemType is not enhanced.

[2018-09-01 17:34:56 #30 type] 
Type supportrequirements.InformationNeedSatisfactionRelation is not enhanced.

[2018-09-01 17:34:56 #31 type] 
Type supportrequirements.AnalysisNeedSatisfactionRelationType is not enhanced.

[2018-09-01 17:34:56 #32 type] 
Type supportrequirements.InformationNeedType is not enhanced.

[2018-09-01 17:34:56 #33 type] 
Type supportrequirements.AnalysisNeedType is not enhanced.

[2018-09-01 17:34:56 #34 type] 
Type decisionpremise.CoherenceRationaleSpec is not enhanced.

[2018-09-01 17:34:56 #35 type] 
Type decisionprocess.StimulusInstance is not enhanced.

------------------------------------------------------------------------------------------------------------------------

[2018-09-01 17:35:46 #1 store] 
Database '/Users/safefy/git/BP18/Database/projectDB.odb' is opened by 2034@MacFys-MacBook-Pro.local

[2018-09-01 17:35:46 #2 type] 
Type decisionprocess.DecisionProcessType is not enhanced.

[2018-09-01 17:35:46 #3 type] 
Type decisionprocess.DecisionProcessInstance is not enhanced.

[2018-09-01 17:35:46 #4 type] 
Type decisionpremise.RelevanceRelationType is not enhanced.

[2018-09-01 17:35:46 #5 type] 
Type organizationalunits.ParticipationRelationType is not enhanced.

[2018-09-01 17:35:46 #6 type] 
Type decisionprocess.StimulusType is not enhanced.

[2018-09-01 17:35:46 #7 type] 
Type decisionpremise.DecisionPremiseType is not enhanced.

[2018-09-01 17:35:46 #8 type] 
Type organizationalunits.OrganizationalUnitType is not enhanced.

[2018-09-01 17:35:46 #9 type] 
Type supportrequirements.SupportRequirementType is not enhanced.

[2018-09-01 17:35:46 #10 type] 
Type organizationalunits.BoardType is not enhanced.

[2018-09-01 17:35:46 #11 type] 
Type organizationalunits.UnitOfWorkType is not enhanced.

[2018-09-01 17:35:46 #12 type] 
Type organizationalunits.CommiteeType is not enhanced.

[2018-09-01 17:35:46 #13 type] 
Type organizationalunits.SingleUnitType is not enhanced.

[2018-09-01 17:35:46 #14 type] 
Type organizationalunits.PositionType is not enhanced.

[2018-09-01 17:35:46 #15 type] 
Type organizationalunits.RoleType is not enhanced.

[2018-09-01 17:35:46 #16 type] 
Type decisionpremise.ValueDecisionPremiseType is not enhanced.

[2018-09-01 17:35:46 #17 type] 
Type decisionpremise.AbstractGoalType is not enhanced.

[2018-09-01 17:35:46 #18 type] 
Type decisionpremise.DecisionGoalType is not enhanced.

[2018-09-01 17:35:46 #19 type] 
Type decisionpremise.Value is not enhanced.

[2018-09-01 17:35:46 #20 type] 
Type decisionpremise.OrdinalValue is not enhanced.

[2018-09-01 17:35:46 #21 type] 
Type decisionpremise.RationaleSpec is not enhanced.

[2018-09-01 17:35:46 #22 type] 
Type decisionpremise.EngagementGoalType is not enhanced.

[2018-09-01 17:35:46 #23 type] 
Type decisionpremise.SymbolicGoalType is not enhanced.

[2018-09-01 17:35:46 #24 type] 
Type decisionpremise.FactualDecisionPremiseType is not enhanced.

[2018-09-01 17:35:46 #25 type] 
Type decisionpremise.ActionVariableType is not enhanced.

[2018-09-01 17:35:46 #26 type] 
Type decisionpremise.PresumedInfluenceRelationType is not enhanced.

[2018-09-01 17:35:46 #27 type] 
Type decisionpremise.EnvironmentalFactorType is not enhanced.

[2018-09-01 17:35:46 #28 type] 
Type supportrequirements.InformationType is not enhanced.

[2018-09-01 17:35:46 #29 type] 
Type supportrequirements.InformationSystemType is not enhanced.

[2018-09-01 17:35:46 #30 type] 
Type supportrequirements.InformationNeedSatisfactionRelation is not enhanced.

[2018-09-01 17:35:46 #31 type] 
Type supportrequirements.AnalysisNeedSatisfactionRelationType is not enhanced.

[2018-09-01 17:35:46 #32 type] 
Type supportrequirements.InformationNeedType is not enhanced.

[2018-09-01 17:35:46 #33 type] 
Type supportrequirements.AnalysisNeedType is not enhanced.

[2018-09-01 17:35:46 #34 type] 
Type decisionpremise.CoherenceRationaleSpec is not enhanced.

[2018-09-01 17:35:46 #35 type] 
Type decisionprocess.StimulusInstance is not enhanced.

------------------------------------------------------------------------------------------------------------------------

[2018-09-01 17:36:34 #1 store] 
Database '/Users/safefy/git/BP18/Database/projectDB.odb' is opened by 2043@MacFys-MacBook-Pro.local

[2018-09-01 17:36:34 #2 type] 
Type decisionprocess.DecisionProcessType is not enhanced.

[2018-09-01 17:36:34 #3 type] 
Type decisionprocess.DecisionProcessInstance is not enhanced.

[2018-09-01 17:36:34 #4 type] 
Type decisionpremise.RelevanceRelationType is not enhanced.

[2018-09-01 17:36:34 #5 type] 
Type organizationalunits.ParticipationRelationType is not enhanced.

[2018-09-01 17:36:34 #6 type] 
Type decisionprocess.StimulusType is not enhanced.

[2018-09-01 17:36:34 #7 type] 
Type decisionpremise.DecisionPremiseType is not enhanced.

[2018-09-01 17:36:34 #8 type] 
Type organizationalunits.OrganizationalUnitType is not enhanced.

[2018-09-01 17:36:34 #9 type] 
Type supportrequirements.SupportRequirementType is not enhanced.

[2018-09-01 17:36:34 #10 type] 
Type organizationalunits.BoardType is not enhanced.

[2018-09-01 17:36:34 #11 type] 
Type organizationalunits.UnitOfWorkType is not enhanced.

[2018-09-01 17:36:34 #12 type] 
Type organizationalunits.CommiteeType is not enhanced.

[2018-09-01 17:36:34 #13 type] 
Type organizationalunits.SingleUnitType is not enhanced.

[2018-09-01 17:36:34 #14 type] 
Type organizationalunits.PositionType is not enhanced.

[2018-09-01 17:36:34 #15 type] 
Type organizationalunits.RoleType is not enhanced.

[2018-09-01 17:36:34 #16 type] 
Type decisionpremise.ValueDecisionPremiseType is not enhanced.

[2018-09-01 17:36:34 #17 type] 
Type decisionpremise.AbstractGoalType is not enhanced.

[2018-09-01 17:36:34 #18 type] 
Type decisionpremise.DecisionGoalType is not enhanced.

[2018-09-01 17:36:34 #19 type] 
Type decisionpremise.Value is not enhanced.

[2018-09-01 17:36:34 #20 type] 
Type decisionpremise.OrdinalValue is not enhanced.

[2018-09-01 17:36:34 #21 type] 
Type decisionpremise.RationaleSpec is not enhanced.

[2018-09-01 17:36:34 #22 type] 
Type decisionpremise.EngagementGoalType is not enhanced.

[2018-09-01 17:36:34 #23 type] 
Type decisionpremise.SymbolicGoalType is not enhanced.

[2018-09-01 17:36:34 #24 type] 
Type decisionpremise.FactualDecisionPremiseType is not enhanced.

[2018-09-01 17:36:34 #25 type] 
Type decisionpremise.ActionVariableType is not enhanced.

[2018-09-01 17:36:34 #26 type] 
Type decisionpremise.PresumedInfluenceRelationType is not enhanced.

[2018-09-01 17:36:34 #27 type] 
Type decisionpremise.EnvironmentalFactorType is not enhanced.

[2018-09-01 17:36:34 #28 type] 
Type supportrequirements.InformationType is not enhanced.

[2018-09-01 17:36:34 #29 type] 
Type supportrequirements.InformationSystemType is not enhanced.

[2018-09-01 17:36:34 #30 type] 
Type supportrequirements.InformationNeedSatisfactionRelation is not enhanced.

[2018-09-01 17:36:34 #31 type] 
Type supportrequirements.AnalysisNeedSatisfactionRelationType is not enhanced.

[2018-09-01 17:36:34 #32 type] 
Type supportrequirements.InformationNeedType is not enhanced.

[2018-09-01 17:36:34 #33 type] 
Type supportrequirements.AnalysisNeedType is not enhanced.

[2018-09-01 17:36:34 #34 type] 
Type decisionpremise.CoherenceRationaleSpec is not enhanced.

[2018-09-01 17:36:34 #35 type] 
Type decisionprocess.StimulusInstance is not enhanced.

------------------------------------------------------------------------------------------------------------------------

[2018-09-01 17:37:53 #1 store] 
Database '/Users/safefy/git/BP18/Database/projectDB.odb' is opened by 2054@MacFys-MacBook-Pro.local

[2018-09-01 17:37:53 #2 type] 
Type decisionprocess.DecisionProcessType is not enhanced.

[2018-09-01 17:37:53 #3 type] 
Type decisionprocess.DecisionProcessInstance is not enhanced.

[2018-09-01 17:37:53 #4 type] 
Type decisionpremise.RelevanceRelationType is not enhanced.

[2018-09-01 17:37:53 #5 type] 
Type organizationalunits.ParticipationRelationType is not enhanced.

[2018-09-01 17:37:53 #6 type] 
Type decisionprocess.StimulusType is not enhanced.

[2018-09-01 17:37:53 #7 type] 
Type decisionpremise.DecisionPremiseType is not enhanced.

[2018-09-01 17:37:53 #8 type] 
Type organizationalunits.OrganizationalUnitType is not enhanced.

[2018-09-01 17:37:53 #9 type] 
Type supportrequirements.SupportRequirementType is not enhanced.

[2018-09-01 17:37:53 #10 type] 
Type organizationalunits.BoardType is not enhanced.

[2018-09-01 17:37:53 #11 type] 
Type organizationalunits.UnitOfWorkType is not enhanced.

[2018-09-01 17:37:53 #12 type] 
Type organizationalunits.CommiteeType is not enhanced.

[2018-09-01 17:37:53 #13 type] 
Type organizationalunits.SingleUnitType is not enhanced.

[2018-09-01 17:37:53 #14 type] 
Type organizationalunits.PositionType is not enhanced.

[2018-09-01 17:37:53 #15 type] 
Type organizationalunits.RoleType is not enhanced.

[2018-09-01 17:37:53 #16 type] 
Type decisionpremise.ValueDecisionPremiseType is not enhanced.

[2018-09-01 17:37:53 #17 type] 
Type decisionpremise.AbstractGoalType is not enhanced.

[2018-09-01 17:37:53 #18 type] 
Type decisionpremise.DecisionGoalType is not enhanced.

[2018-09-01 17:37:53 #19 type] 
Type decisionpremise.Value is not enhanced.

[2018-09-01 17:37:53 #20 type] 
Type decisionpremise.OrdinalValue is not enhanced.

[2018-09-01 17:37:53 #21 type] 
Type decisionpremise.RationaleSpec is not enhanced.

[2018-09-01 17:37:53 #22 type] 
Type decisionpremise.EngagementGoalType is not enhanced.

[2018-09-01 17:37:53 #23 type] 
Type decisionpremise.SymbolicGoalType is not enhanced.

[2018-09-01 17:37:53 #24 type] 
Type decisionpremise.FactualDecisionPremiseType is not enhanced.

[2018-09-01 17:37:53 #25 type] 
Type decisionpremise.ActionVariableType is not enhanced.

[2018-09-01 17:37:53 #26 type] 
Type decisionpremise.PresumedInfluenceRelationType is not enhanced.

[2018-09-01 17:37:53 #27 type] 
Type decisionpremise.EnvironmentalFactorType is not enhanced.

[2018-09-01 17:37:53 #28 type] 
Type supportrequirements.InformationType is not enhanced.

[2018-09-01 17:37:53 #29 type] 
Type supportrequirements.InformationSystemType is not enhanced.

[2018-09-01 17:37:53 #30 type] 
Type supportrequirements.InformationNeedSatisfactionRelation is not enhanced.

[2018-09-01 17:37:53 #31 type] 
Type supportrequirements.AnalysisNeedSatisfactionRelationType is not enhanced.

[2018-09-01 17:37:53 #32 type] 
Type supportrequirements.InformationNeedType is not enhanced.

[2018-09-01 17:37:53 #33 type] 
Type supportrequirements.AnalysisNeedType is not enhanced.

[2018-09-01 17:37:53 #34 type] 
Type decisionpremise.CoherenceRationaleSpec is not enhanced.

[2018-09-01 17:37:53 #35 type] 
Type decisionprocess.StimulusInstance is not enhanced.

------------------------------------------------------------------------------------------------------------------------

[2018-09-01 17:39:09 #1 store] 
Database '/Users/safefy/git/BP18/Database/projectDB.odb' is opened by 2063@MacFys-MacBook-Pro.local

[2018-09-01 17:39:09 #2 type] 
Type decisionprocess.DecisionProcessType is not enhanced.

[2018-09-01 17:39:09 #3 type] 
Type decisionprocess.DecisionProcessInstance is not enhanced.

[2018-09-01 17:39:09 #4 type] 
Type decisionpremise.RelevanceRelationType is not enhanced.

[2018-09-01 17:39:09 #5 type] 
Type organizationalunits.ParticipationRelationType is not enhanced.

[2018-09-01 17:39:09 #6 type] 
Type decisionprocess.StimulusType is not enhanced.

[2018-09-01 17:39:09 #7 type] 
Type decisionpremise.DecisionPremiseType is not enhanced.

[2018-09-01 17:39:09 #8 type] 
Type organizationalunits.OrganizationalUnitType is not enhanced.

[2018-09-01 17:39:09 #9 type] 
Type supportrequirements.SupportRequirementType is not enhanced.

[2018-09-01 17:39:09 #10 type] 
Type organizationalunits.BoardType is not enhanced.

[2018-09-01 17:39:09 #11 type] 
Type organizationalunits.UnitOfWorkType is not enhanced.

[2018-09-01 17:39:09 #12 type] 
Type organizationalunits.CommiteeType is not enhanced.

[2018-09-01 17:39:09 #13 type] 
Type organizationalunits.SingleUnitType is not enhanced.

[2018-09-01 17:39:09 #14 type] 
Type organizationalunits.PositionType is not enhanced.

[2018-09-01 17:39:09 #15 type] 
Type organizationalunits.RoleType is not enhanced.

[2018-09-01 17:39:09 #16 type] 
Type decisionpremise.ValueDecisionPremiseType is not enhanced.

[2018-09-01 17:39:09 #17 type] 
Type decisionpremise.AbstractGoalType is not enhanced.

[2018-09-01 17:39:09 #18 type] 
Type decisionpremise.DecisionGoalType is not enhanced.

[2018-09-01 17:39:09 #19 type] 
Type decisionpremise.Value is not enhanced.

[2018-09-01 17:39:09 #20 type] 
Type decisionpremise.OrdinalValue is not enhanced.

[2018-09-01 17:39:09 #21 type] 
Type decisionpremise.RationaleSpec is not enhanced.

[2018-09-01 17:39:09 #22 type] 
Type decisionpremise.EngagementGoalType is not enhanced.

[2018-09-01 17:39:09 #23 type] 
Type decisionpremise.SymbolicGoalType is not enhanced.

[2018-09-01 17:39:09 #24 type] 
Type decisionpremise.FactualDecisionPremiseType is not enhanced.

[2018-09-01 17:39:09 #25 type] 
Type decisionpremise.ActionVariableType is not enhanced.

[2018-09-01 17:39:09 #26 type] 
Type decisionpremise.PresumedInfluenceRelationType is not enhanced.

[2018-09-01 17:39:09 #27 type] 
Type decisionpremise.EnvironmentalFactorType is not enhanced.

[2018-09-01 17:39:09 #28 type] 
Type supportrequirements.InformationType is not enhanced.

[2018-09-01 17:39:09 #29 type] 
Type supportrequirements.InformationSystemType is not enhanced.

[2018-09-01 17:39:09 #30 type] 
Type supportrequirements.InformationNeedSatisfactionRelation is not enhanced.

[2018-09-01 17:39:09 #31 type] 
Type supportrequirements.AnalysisNeedSatisfactionRelationType is not enhanced.

[2018-09-01 17:39:09 #32 type] 
Type supportrequirements.InformationNeedType is not enhanced.

[2018-09-01 17:39:09 #33 type] 
Type supportrequirements.AnalysisNeedType is not enhanced.

[2018-09-01 17:39:09 #34 type] 
Type decisionpremise.CoherenceRationaleSpec is not enhanced.

[2018-09-01 17:39:09 #35 type] 
Type decisionprocess.StimulusInstance is not enhanced.

------------------------------------------------------------------------------------------------------------------------

[2018-09-01 17:39:53 #1 store] 
Database '/Users/safefy/git/BP18/Database/projectDB.odb' is opened by 2068@MacFys-MacBook-Pro.local

[2018-09-01 17:39:53 #2 type] 
Type decisionprocess.DecisionProcessType is not enhanced.

[2018-09-01 17:39:53 #3 type] 
Type decisionprocess.DecisionProcessInstance is not enhanced.

[2018-09-01 17:39:53 #4 type] 
Type decisionpremise.RelevanceRelationType is not enhanced.

[2018-09-01 17:39:53 #5 type] 
Type organizationalunits.ParticipationRelationType is not enhanced.

[2018-09-01 17:39:53 #6 type] 
Type decisionprocess.StimulusType is not enhanced.

[2018-09-01 17:39:53 #7 type] 
Type decisionpremise.DecisionPremiseType is not enhanced.

[2018-09-01 17:39:53 #8 type] 
Type organizationalunits.OrganizationalUnitType is not enhanced.

[2018-09-01 17:39:53 #9 type] 
Type supportrequirements.SupportRequirementType is not enhanced.

[2018-09-01 17:39:53 #10 type] 
Type organizationalunits.BoardType is not enhanced.

[2018-09-01 17:39:53 #11 type] 
Type organizationalunits.UnitOfWorkType is not enhanced.

[2018-09-01 17:39:53 #12 type] 
Type organizationalunits.CommiteeType is not enhanced.

[2018-09-01 17:39:53 #13 type] 
Type organizationalunits.SingleUnitType is not enhanced.

[2018-09-01 17:39:53 #14 type] 
Type organizationalunits.PositionType is not enhanced.

[2018-09-01 17:39:53 #15 type] 
Type organizationalunits.RoleType is not enhanced.

[2018-09-01 17:39:53 #16 type] 
Type decisionpremise.ValueDecisionPremiseType is not enhanced.

[2018-09-01 17:39:53 #17 type] 
Type decisionpremise.AbstractGoalType is not enhanced.

[2018-09-01 17:39:53 #18 type] 
Type decisionpremise.DecisionGoalType is not enhanced.

[2018-09-01 17:39:53 #19 type] 
Type decisionpremise.Value is not enhanced.

[2018-09-01 17:39:53 #20 type] 
Type decisionpremise.OrdinalValue is not enhanced.

[2018-09-01 17:39:53 #21 type] 
Type decisionpremise.RationaleSpec is not enhanced.

[2018-09-01 17:39:53 #22 type] 
Type decisionpremise.EngagementGoalType is not enhanced.

[2018-09-01 17:39:53 #23 type] 
Type decisionpremise.SymbolicGoalType is not enhanced.

[2018-09-01 17:39:53 #24 type] 
Type decisionpremise.FactualDecisionPremiseType is not enhanced.

[2018-09-01 17:39:53 #25 type] 
Type decisionpremise.ActionVariableType is not enhanced.

[2018-09-01 17:39:53 #26 type] 
Type decisionpremise.PresumedInfluenceRelationType is not enhanced.

[2018-09-01 17:39:53 #27 type] 
Type decisionpremise.EnvironmentalFactorType is not enhanced.

[2018-09-01 17:39:53 #28 type] 
Type supportrequirements.InformationType is not enhanced.

[2018-09-01 17:39:53 #29 type] 
Type supportrequirements.InformationSystemType is not enhanced.

[2018-09-01 17:39:53 #30 type] 
Type supportrequirements.InformationNeedSatisfactionRelation is not enhanced.

[2018-09-01 17:39:53 #31 type] 
Type supportrequirements.AnalysisNeedSatisfactionRelationType is not enhanced.

[2018-09-01 17:39:53 #32 type] 
Type supportrequirements.InformationNeedType is not enhanced.

[2018-09-01 17:39:53 #33 type] 
Type supportrequirements.AnalysisNeedType is not enhanced.

[2018-09-01 17:39:53 #34 type] 
Type decisionpremise.CoherenceRationaleSpec is not enhanced.

[2018-09-01 17:39:53 #35 type] 
Type decisionprocess.StimulusInstance is not enhanced.

------------------------------------------------------------------------------------------------------------------------

[2018-09-01 17:40:26 #1 store] 
Database '/Users/safefy/git/BP18/Database/projectDB.odb' is opened by 2073@MacFys-MacBook-Pro.local

[2018-09-01 17:40:26 #2 type] 
Type decisionprocess.DecisionProcessType is not enhanced.

[2018-09-01 17:40:26 #3 type] 
Type decisionprocess.DecisionProcessInstance is not enhanced.

[2018-09-01 17:40:26 #4 type] 
Type decisionpremise.RelevanceRelationType is not enhanced.

[2018-09-01 17:40:26 #5 type] 
Type organizationalunits.ParticipationRelationType is not enhanced.

[2018-09-01 17:40:26 #6 type] 
Type decisionprocess.StimulusType is not enhanced.

[2018-09-01 17:40:26 #7 type] 
Type decisionpremise.DecisionPremiseType is not enhanced.

[2018-09-01 17:40:26 #8 type] 
Type organizationalunits.OrganizationalUnitType is not enhanced.

[2018-09-01 17:40:26 #9 type] 
Type supportrequirements.SupportRequirementType is not enhanced.

[2018-09-01 17:40:26 #10 type] 
Type organizationalunits.BoardType is not enhanced.

[2018-09-01 17:40:26 #11 type] 
Type organizationalunits.UnitOfWorkType is not enhanced.

[2018-09-01 17:40:26 #12 type] 
Type organizationalunits.CommiteeType is not enhanced.

[2018-09-01 17:40:26 #13 type] 
Type organizationalunits.SingleUnitType is not enhanced.

[2018-09-01 17:40:26 #14 type] 
Type organizationalunits.PositionType is not enhanced.

[2018-09-01 17:40:26 #15 type] 
Type organizationalunits.RoleType is not enhanced.

[2018-09-01 17:40:26 #16 type] 
Type decisionpremise.ValueDecisionPremiseType is not enhanced.

[2018-09-01 17:40:26 #17 type] 
Type decisionpremise.AbstractGoalType is not enhanced.

[2018-09-01 17:40:26 #18 type] 
Type decisionpremise.DecisionGoalType is not enhanced.

[2018-09-01 17:40:26 #19 type] 
Type decisionpremise.Value is not enhanced.

[2018-09-01 17:40:26 #20 type] 
Type decisionpremise.OrdinalValue is not enhanced.

[2018-09-01 17:40:26 #21 type] 
Type decisionpremise.RationaleSpec is not enhanced.

[2018-09-01 17:40:26 #22 type] 
Type decisionpremise.EngagementGoalType is not enhanced.

[2018-09-01 17:40:26 #23 type] 
Type decisionpremise.SymbolicGoalType is not enhanced.

[2018-09-01 17:40:26 #24 type] 
Type decisionpremise.FactualDecisionPremiseType is not enhanced.

[2018-09-01 17:40:26 #25 type] 
Type decisionpremise.ActionVariableType is not enhanced.

[2018-09-01 17:40:26 #26 type] 
Type decisionpremise.PresumedInfluenceRelationType is not enhanced.

[2018-09-01 17:40:26 #27 type] 
Type decisionpremise.EnvironmentalFactorType is not enhanced.

[2018-09-01 17:40:26 #28 type] 
Type supportrequirements.InformationType is not enhanced.

[2018-09-01 17:40:26 #29 type] 
Type supportrequirements.InformationSystemType is not enhanced.

[2018-09-01 17:40:26 #30 type] 
Type supportrequirements.InformationNeedSatisfactionRelation is not enhanced.

[2018-09-01 17:40:26 #31 type] 
Type supportrequirements.AnalysisNeedSatisfactionRelationType is not enhanced.

[2018-09-01 17:40:26 #32 type] 
Type supportrequirements.InformationNeedType is not enhanced.

[2018-09-01 17:40:26 #33 type] 
Type supportrequirements.AnalysisNeedType is not enhanced.

[2018-09-01 17:40:26 #34 type] 
Type decisionpremise.CoherenceRationaleSpec is not enhanced.

[2018-09-01 17:40:26 #35 type] 
Type decisionprocess.StimulusInstance is not enhanced.

------------------------------------------------------------------------------------------------------------------------

[2018-09-01 17:42:59 #1 store] 
Database '/Users/safefy/git/BP18/Database/projectDB.odb' is opened by 2094@MacFys-MacBook-Pro.local

[2018-09-01 17:43:00 #2 type] 
Type decisionprocess.DecisionProcessType is not enhanced.

[2018-09-01 17:43:00 #3 type] 
Type decisionprocess.DecisionProcessInstance is not enhanced.

[2018-09-01 17:43:00 #4 type] 
Type decisionpremise.RelevanceRelationType is not enhanced.

[2018-09-01 17:43:00 #5 type] 
Type organizationalunits.ParticipationRelationType is not enhanced.

[2018-09-01 17:43:00 #6 type] 
Type decisionprocess.StimulusType is not enhanced.

[2018-09-01 17:43:00 #7 type] 
Type decisionpremise.DecisionPremiseType is not enhanced.

[2018-09-01 17:43:00 #8 type] 
Type organizationalunits.OrganizationalUnitType is not enhanced.

[2018-09-01 17:43:00 #9 type] 
Type supportrequirements.SupportRequirementType is not enhanced.

[2018-09-01 17:43:00 #10 type] 
Type organizationalunits.BoardType is not enhanced.

[2018-09-01 17:43:00 #11 type] 
Type organizationalunits.UnitOfWorkType is not enhanced.

[2018-09-01 17:43:00 #12 type] 
Type organizationalunits.CommiteeType is not enhanced.

[2018-09-01 17:43:00 #13 type] 
Type organizationalunits.SingleUnitType is not enhanced.

[2018-09-01 17:43:00 #14 type] 
Type organizationalunits.PositionType is not enhanced.

[2018-09-01 17:43:00 #15 type] 
Type organizationalunits.RoleType is not enhanced.

[2018-09-01 17:43:00 #16 type] 
Type decisionpremise.ValueDecisionPremiseType is not enhanced.

[2018-09-01 17:43:00 #17 type] 
Type decisionpremise.AbstractGoalType is not enhanced.

[2018-09-01 17:43:00 #18 type] 
Type decisionpremise.DecisionGoalType is not enhanced.

[2018-09-01 17:43:00 #19 type] 
Type decisionpremise.Value is not enhanced.

[2018-09-01 17:43:00 #20 type] 
Type decisionpremise.OrdinalValue is not enhanced.

[2018-09-01 17:43:00 #21 type] 
Type decisionpremise.RationaleSpec is not enhanced.

[2018-09-01 17:43:00 #22 type] 
Type decisionpremise.EngagementGoalType is not enhanced.

[2018-09-01 17:43:00 #23 type] 
Type decisionpremise.SymbolicGoalType is not enhanced.

[2018-09-01 17:43:00 #24 type] 
Type decisionpremise.FactualDecisionPremiseType is not enhanced.

[2018-09-01 17:43:00 #25 type] 
Type decisionpremise.ActionVariableType is not enhanced.

[2018-09-01 17:43:00 #26 type] 
Type decisionpremise.PresumedInfluenceRelationType is not enhanced.

[2018-09-01 17:43:00 #27 type] 
Type decisionpremise.EnvironmentalFactorType is not enhanced.

[2018-09-01 17:43:00 #28 type] 
Type supportrequirements.InformationType is not enhanced.

[2018-09-01 17:43:00 #29 type] 
Type supportrequirements.InformationSystemType is not enhanced.

[2018-09-01 17:43:00 #30 type] 
Type supportrequirements.InformationNeedSatisfactionRelation is not enhanced.

[2018-09-01 17:43:00 #31 type] 
Type supportrequirements.AnalysisNeedSatisfactionRelationType is not enhanced.

[2018-09-01 17:43:00 #32 type] 
Type supportrequirements.InformationNeedType is not enhanced.

[2018-09-01 17:43:00 #33 type] 
Type supportrequirements.AnalysisNeedType is not enhanced.

[2018-09-01 17:43:00 #34 type] 
Type decisionpremise.CoherenceRationaleSpec is not enhanced.

[2018-09-01 17:43:00 #35 type] 
Type decisionprocess.StimulusInstance is not enhanced.

