------------------------------------------------------------------------------------------------------------------------

[2018-08-30 21:13:02 #1 store] 
Database '/Users/safefy/git/BP18/Database/projectDB.odb' is opened by 1351@MacFys-MacBook-Pro.local

[2018-08-30 21:13:02 #2 type] 
Type decisionprocess.DecisionProcessType is not enhanced.

[2018-08-30 21:13:02 #3 type] 
Type decisionprocess.DecisionProcessInstance is not enhanced.

[2018-08-30 21:13:02 #4 type] 
Type decisionpremise.RelevanceRelationType is not enhanced.

[2018-08-30 21:13:02 #5 type] 
Type organizationalunits.ParticipationRelationType is not enhanced.

[2018-08-30 21:13:02 #6 type] 
Type decisionprocess.StimulusType is not enhanced.

[2018-08-30 21:13:02 #7 type] 
Type decisionpremise.DecisionPremiseType is not enhanced.

[2018-08-30 21:13:02 #8 type] 
Type organizationalunits.OrganizationalUnitType is not enhanced.

[2018-08-30 21:13:02 #9 type] 
Type supportrequirements.SupportRequirementType is not enhanced.

[2018-08-30 21:13:02 #10 type] 
Type organizationalunits.BoardType is not enhanced.

[2018-08-30 21:13:02 #11 type] 
Type organizationalunits.UnitOfWorkType is not enhanced.

[2018-08-30 21:13:02 #12 type] 
Type organizationalunits.CommiteeType is not enhanced.

[2018-08-30 21:13:02 #13 type] 
Type organizationalunits.SingleUnitType is not enhanced.

[2018-08-30 21:13:02 #14 type] 
Type organizationalunits.PositionType is not enhanced.

[2018-08-30 21:13:02 #15 type] 
Type organizationalunits.RoleType is not enhanced.

[2018-08-30 21:13:02 #16 type] 
Type decisionpremise.ValueDecisionPremiseType is not enhanced.

[2018-08-30 21:13:02 #17 type] 
Type decisionpremise.AbstractGoalType is not enhanced.

[2018-08-30 21:13:02 #18 type] 
Type decisionpremise.DecisionGoalType is not enhanced.

[2018-08-30 21:13:02 #19 type] 
Type decisionpremise.Value is not enhanced.

[2018-08-30 21:13:02 #20 type] 
Type decisionpremise.OrdinalValue is not enhanced.

[2018-08-30 21:13:02 #21 type] 
Type decisionpremise.RationaleSpec is not enhanced.

[2018-08-30 21:13:02 #22 type] 
Type decisionpremise.EngagementGoalType is not enhanced.

[2018-08-30 21:13:02 #23 type] 
Type decisionpremise.SymbolicGoalType is not enhanced.

[2018-08-30 21:13:02 #24 type] 
Type decisionpremise.FactualDecisionPremiseType is not enhanced.

[2018-08-30 21:13:02 #25 type] 
Type decisionpremise.ActionVariableType is not enhanced.

[2018-08-30 21:13:02 #26 type] 
Type decisionpremise.PresumedInfluenceRelationType is not enhanced.

[2018-08-30 21:13:02 #27 type] 
Type decisionpremise.EnvironmentalFactorType is not enhanced.

[2018-08-30 21:13:02 #28 type] 
Type supportrequirements.InformationType is not enhanced.

[2018-08-30 21:13:02 #29 type] 
Type supportrequirements.InformationSystemType is not enhanced.

[2018-08-30 21:13:02 #30 type] 
Type supportrequirements.InformationNeedSatisfactionRelation is not enhanced.

[2018-08-30 21:13:02 #31 type] 
Type supportrequirements.AnalysisNeedSatisfactionRelationType is not enhanced.

[2018-08-30 21:13:02 #32 type] 
Type supportrequirements.InformationNeedType is not enhanced.

[2018-08-30 21:13:02 #33 type] 
Type supportrequirements.AnalysisNeedType is not enhanced.

[2018-08-30 21:13:02 #34 type] 
Type decisionpremise.CoherenceRationaleSpec is not enhanced.

------------------------------------------------------------------------------------------------------------------------

[2018-08-30 21:16:38 #1 store] 
Database '/Users/safefy/git/BP18/Database/projectDB.odb' is opened by 1373@MacFys-MacBook-Pro.local

[2018-08-30 21:16:38 #2 type] 
Type decisionprocess.DecisionProcessType is not enhanced.

[2018-08-30 21:16:38 #3 type] 
Type decisionprocess.DecisionProcessInstance is not enhanced.

[2018-08-30 21:16:38 #4 type] 
Type decisionpremise.RelevanceRelationType is not enhanced.

[2018-08-30 21:16:38 #5 type] 
Type organizationalunits.ParticipationRelationType is not enhanced.

[2018-08-30 21:16:38 #6 type] 
Type decisionprocess.StimulusType is not enhanced.

[2018-08-30 21:16:38 #7 type] 
Type decisionpremise.DecisionPremiseType is not enhanced.

[2018-08-30 21:16:38 #8 type] 
Type organizationalunits.OrganizationalUnitType is not enhanced.

[2018-08-30 21:16:38 #9 type] 
Type supportrequirements.SupportRequirementType is not enhanced.

[2018-08-30 21:16:38 #10 type] 
Type organizationalunits.BoardType is not enhanced.

[2018-08-30 21:16:38 #11 type] 
Type organizationalunits.UnitOfWorkType is not enhanced.

[2018-08-30 21:16:38 #12 type] 
Type organizationalunits.CommiteeType is not enhanced.

[2018-08-30 21:16:38 #13 type] 
Type organizationalunits.SingleUnitType is not enhanced.

[2018-08-30 21:16:38 #14 type] 
Type organizationalunits.PositionType is not enhanced.

[2018-08-30 21:16:38 #15 type] 
Type organizationalunits.RoleType is not enhanced.

[2018-08-30 21:16:38 #16 type] 
Type decisionpremise.ValueDecisionPremiseType is not enhanced.

[2018-08-30 21:16:38 #17 type] 
Type decisionpremise.AbstractGoalType is not enhanced.

[2018-08-30 21:16:38 #18 type] 
Type decisionpremise.DecisionGoalType is not enhanced.

[2018-08-30 21:16:38 #19 type] 
Type decisionpremise.Value is not enhanced.

[2018-08-30 21:16:38 #20 type] 
Type decisionpremise.OrdinalValue is not enhanced.

[2018-08-30 21:16:38 #21 type] 
Type decisionpremise.RationaleSpec is not enhanced.

[2018-08-30 21:16:38 #22 type] 
Type decisionpremise.EngagementGoalType is not enhanced.

[2018-08-30 21:16:38 #23 type] 
Type decisionpremise.SymbolicGoalType is not enhanced.

[2018-08-30 21:16:38 #24 type] 
Type decisionpremise.FactualDecisionPremiseType is not enhanced.

[2018-08-30 21:16:38 #25 type] 
Type decisionpremise.ActionVariableType is not enhanced.

[2018-08-30 21:16:38 #26 type] 
Type decisionpremise.PresumedInfluenceRelationType is not enhanced.

[2018-08-30 21:16:38 #27 type] 
Type decisionpremise.EnvironmentalFactorType is not enhanced.

[2018-08-30 21:16:38 #28 type] 
Type supportrequirements.InformationType is not enhanced.

[2018-08-30 21:16:38 #29 type] 
Type supportrequirements.InformationSystemType is not enhanced.

[2018-08-30 21:16:38 #30 type] 
Type supportrequirements.InformationNeedSatisfactionRelation is not enhanced.

[2018-08-30 21:16:38 #31 type] 
Type supportrequirements.AnalysisNeedSatisfactionRelationType is not enhanced.

[2018-08-30 21:16:38 #32 type] 
Type supportrequirements.InformationNeedType is not enhanced.

[2018-08-30 21:16:38 #33 type] 
Type supportrequirements.AnalysisNeedType is not enhanced.

[2018-08-30 21:16:38 #34 type] 
Type decisionpremise.CoherenceRationaleSpec is not enhanced.

------------------------------------------------------------------------------------------------------------------------

[2018-08-30 22:31:13 #1 store] 
Database '/Users/safefy/git/BP18/Database/projectDB.odb' is opened by 1959@MacFys-MacBook-Pro.local

[2018-08-30 22:31:13 #2 type] 
Type decisionprocess.DecisionProcessType is not enhanced.

[2018-08-30 22:31:13 #3 type] 
Type decisionprocess.DecisionProcessInstance is not enhanced.

[2018-08-30 22:31:13 #4 type] 
Type decisionpremise.RelevanceRelationType is not enhanced.

[2018-08-30 22:31:13 #5 type] 
Type organizationalunits.ParticipationRelationType is not enhanced.

[2018-08-30 22:31:13 #6 type] 
Type decisionprocess.StimulusType is not enhanced.

[2018-08-30 22:31:13 #7 type] 
Type decisionpremise.DecisionPremiseType is not enhanced.

[2018-08-30 22:31:13 #8 type] 
Type organizationalunits.OrganizationalUnitType is not enhanced.

[2018-08-30 22:31:13 #9 type] 
Type supportrequirements.SupportRequirementType is not enhanced.

[2018-08-30 22:31:13 #10 type] 
Type organizationalunits.BoardType is not enhanced.

[2018-08-30 22:31:13 #11 type] 
Type organizationalunits.UnitOfWorkType is not enhanced.

[2018-08-30 22:31:13 #12 type] 
Type organizationalunits.CommiteeType is not enhanced.

[2018-08-30 22:31:13 #13 type] 
Type organizationalunits.SingleUnitType is not enhanced.

[2018-08-30 22:31:13 #14 type] 
Type organizationalunits.PositionType is not enhanced.

[2018-08-30 22:31:13 #15 type] 
Type organizationalunits.RoleType is not enhanced.

[2018-08-30 22:31:13 #16 type] 
Type decisionpremise.ValueDecisionPremiseType is not enhanced.

[2018-08-30 22:31:13 #17 type] 
Type decisionpremise.AbstractGoalType is not enhanced.

[2018-08-30 22:31:13 #18 type] 
Type decisionpremise.DecisionGoalType is not enhanced.

[2018-08-30 22:31:13 #19 type] 
Type decisionpremise.Value is not enhanced.

[2018-08-30 22:31:13 #20 type] 
Type decisionpremise.OrdinalValue is not enhanced.

[2018-08-30 22:31:13 #21 type] 
Type decisionpremise.RationaleSpec is not enhanced.

[2018-08-30 22:31:13 #22 type] 
Type decisionpremise.EngagementGoalType is not enhanced.

[2018-08-30 22:31:13 #23 type] 
Type decisionpremise.SymbolicGoalType is not enhanced.

[2018-08-30 22:31:13 #24 type] 
Type decisionpremise.FactualDecisionPremiseType is not enhanced.

[2018-08-30 22:31:13 #25 type] 
Type decisionpremise.ActionVariableType is not enhanced.

[2018-08-30 22:31:13 #26 type] 
Type decisionpremise.PresumedInfluenceRelationType is not enhanced.

[2018-08-30 22:31:13 #27 type] 
Type decisionpremise.EnvironmentalFactorType is not enhanced.

[2018-08-30 22:31:13 #28 type] 
Type supportrequirements.InformationType is not enhanced.

[2018-08-30 22:31:13 #29 type] 
Type supportrequirements.InformationSystemType is not enhanced.

[2018-08-30 22:31:13 #30 type] 
Type supportrequirements.InformationNeedSatisfactionRelation is not enhanced.

[2018-08-30 22:31:13 #31 type] 
Type supportrequirements.AnalysisNeedSatisfactionRelationType is not enhanced.

[2018-08-30 22:31:13 #32 type] 
Type supportrequirements.InformationNeedType is not enhanced.

[2018-08-30 22:31:13 #33 type] 
Type supportrequirements.AnalysisNeedType is not enhanced.

[2018-08-30 22:31:13 #34 type] 
Type decisionpremise.CoherenceRationaleSpec is not enhanced.

------------------------------------------------------------------------------------------------------------------------

[2018-08-30 22:32:42 #1 store] 
Database '/Users/safefy/git/BP18/Database/projectDB.odb' is opened by 1974@MacFys-MacBook-Pro.local

[2018-08-30 22:32:42 #2 type] 
Type decisionprocess.DecisionProcessType is not enhanced.

[2018-08-30 22:32:42 #3 type] 
Type decisionprocess.DecisionProcessInstance is not enhanced.

[2018-08-30 22:32:42 #4 type] 
Type decisionpremise.RelevanceRelationType is not enhanced.

[2018-08-30 22:32:42 #5 type] 
Type organizationalunits.ParticipationRelationType is not enhanced.

[2018-08-30 22:32:42 #6 type] 
Type decisionprocess.StimulusType is not enhanced.

[2018-08-30 22:32:42 #7 type] 
Type decisionpremise.DecisionPremiseType is not enhanced.

[2018-08-30 22:32:42 #8 type] 
Type organizationalunits.OrganizationalUnitType is not enhanced.

[2018-08-30 22:32:42 #9 type] 
Type supportrequirements.SupportRequirementType is not enhanced.

[2018-08-30 22:32:42 #10 type] 
Type organizationalunits.BoardType is not enhanced.

[2018-08-30 22:32:42 #11 type] 
Type organizationalunits.UnitOfWorkType is not enhanced.

[2018-08-30 22:32:42 #12 type] 
Type organizationalunits.CommiteeType is not enhanced.

[2018-08-30 22:32:42 #13 type] 
Type organizationalunits.SingleUnitType is not enhanced.

[2018-08-30 22:32:42 #14 type] 
Type organizationalunits.PositionType is not enhanced.

[2018-08-30 22:32:42 #15 type] 
Type organizationalunits.RoleType is not enhanced.

[2018-08-30 22:32:42 #16 type] 
Type decisionpremise.ValueDecisionPremiseType is not enhanced.

[2018-08-30 22:32:42 #17 type] 
Type decisionpremise.AbstractGoalType is not enhanced.

[2018-08-30 22:32:42 #18 type] 
Type decisionpremise.DecisionGoalType is not enhanced.

[2018-08-30 22:32:42 #19 type] 
Type decisionpremise.Value is not enhanced.

[2018-08-30 22:32:42 #20 type] 
Type decisionpremise.OrdinalValue is not enhanced.

[2018-08-30 22:32:42 #21 type] 
Type decisionpremise.RationaleSpec is not enhanced.

[2018-08-30 22:32:42 #22 type] 
Type decisionpremise.EngagementGoalType is not enhanced.

[2018-08-30 22:32:42 #23 type] 
Type decisionpremise.SymbolicGoalType is not enhanced.

[2018-08-30 22:32:42 #24 type] 
Type decisionpremise.FactualDecisionPremiseType is not enhanced.

[2018-08-30 22:32:42 #25 type] 
Type decisionpremise.ActionVariableType is not enhanced.

[2018-08-30 22:32:42 #26 type] 
Type decisionpremise.PresumedInfluenceRelationType is not enhanced.

[2018-08-30 22:32:42 #27 type] 
Type decisionpremise.EnvironmentalFactorType is not enhanced.

[2018-08-30 22:32:42 #28 type] 
Type supportrequirements.InformationType is not enhanced.

[2018-08-30 22:32:42 #29 type] 
Type supportrequirements.InformationSystemType is not enhanced.

[2018-08-30 22:32:42 #30 type] 
Type supportrequirements.InformationNeedSatisfactionRelation is not enhanced.

[2018-08-30 22:32:42 #31 type] 
Type supportrequirements.AnalysisNeedSatisfactionRelationType is not enhanced.

[2018-08-30 22:32:42 #32 type] 
Type supportrequirements.InformationNeedType is not enhanced.

[2018-08-30 22:32:42 #33 type] 
Type supportrequirements.AnalysisNeedType is not enhanced.

[2018-08-30 22:32:42 #34 type] 
Type decisionpremise.CoherenceRationaleSpec is not enhanced.

[2018-08-30 22:32:42 #35 type] 
Type decisionprocess.StimulusInstance is not enhanced.

[2018-08-30 22:32:42 #36 type.registry] 
New type java.time.LocalDate

------------------------------------------------------------------------------------------------------------------------

[2018-08-30 22:33:32 #1 store] 
Database '/Users/safefy/git/BP18/Database/projectDB.odb' has been recovered (tr. 128-128)

[2018-08-30 22:33:32 #2 store] 
Database '/Users/safefy/git/BP18/Database/projectDB.odb' is opened by 1981@MacFys-MacBook-Pro.local

[2018-08-30 22:33:32 #3 type] 
Type decisionprocess.DecisionProcessType is not enhanced.

[2018-08-30 22:33:32 #4 type] 
Type decisionprocess.DecisionProcessInstance is not enhanced.

[2018-08-30 22:33:32 #5 type] 
Type decisionpremise.RelevanceRelationType is not enhanced.

[2018-08-30 22:33:32 #6 type] 
Type organizationalunits.ParticipationRelationType is not enhanced.

[2018-08-30 22:33:32 #7 type] 
Type decisionprocess.StimulusType is not enhanced.

[2018-08-30 22:33:32 #8 type] 
Type decisionpremise.DecisionPremiseType is not enhanced.

[2018-08-30 22:33:32 #9 type] 
Type organizationalunits.OrganizationalUnitType is not enhanced.

[2018-08-30 22:33:32 #10 type] 
Type supportrequirements.SupportRequirementType is not enhanced.

[2018-08-30 22:33:32 #11 type] 
Type organizationalunits.BoardType is not enhanced.

[2018-08-30 22:33:32 #12 type] 
Type organizationalunits.UnitOfWorkType is not enhanced.

[2018-08-30 22:33:32 #13 type] 
Type organizationalunits.CommiteeType is not enhanced.

[2018-08-30 22:33:32 #14 type] 
Type organizationalunits.SingleUnitType is not enhanced.

[2018-08-30 22:33:32 #15 type] 
Type organizationalunits.PositionType is not enhanced.

[2018-08-30 22:33:32 #16 type] 
Type organizationalunits.RoleType is not enhanced.

[2018-08-30 22:33:32 #17 type] 
Type decisionpremise.ValueDecisionPremiseType is not enhanced.

[2018-08-30 22:33:32 #18 type] 
Type decisionpremise.AbstractGoalType is not enhanced.

[2018-08-30 22:33:32 #19 type] 
Type decisionpremise.DecisionGoalType is not enhanced.

[2018-08-30 22:33:32 #20 type] 
Type decisionpremise.Value is not enhanced.

[2018-08-30 22:33:32 #21 type] 
Type decisionpremise.OrdinalValue is not enhanced.

[2018-08-30 22:33:32 #22 type] 
Type decisionpremise.RationaleSpec is not enhanced.

[2018-08-30 22:33:32 #23 type] 
Type decisionpremise.EngagementGoalType is not enhanced.

[2018-08-30 22:33:32 #24 type] 
Type decisionpremise.SymbolicGoalType is not enhanced.

[2018-08-30 22:33:32 #25 type] 
Type decisionpremise.FactualDecisionPremiseType is not enhanced.

[2018-08-30 22:33:32 #26 type] 
Type decisionpremise.ActionVariableType is not enhanced.

[2018-08-30 22:33:32 #27 type] 
Type decisionpremise.PresumedInfluenceRelationType is not enhanced.

[2018-08-30 22:33:32 #28 type] 
Type decisionpremise.EnvironmentalFactorType is not enhanced.

[2018-08-30 22:33:32 #29 type] 
Type supportrequirements.InformationType is not enhanced.

[2018-08-30 22:33:32 #30 type] 
Type supportrequirements.InformationSystemType is not enhanced.

[2018-08-30 22:33:32 #31 type] 
Type supportrequirements.InformationNeedSatisfactionRelation is not enhanced.

[2018-08-30 22:33:32 #32 type] 
Type supportrequirements.AnalysisNeedSatisfactionRelationType is not enhanced.

[2018-08-30 22:33:32 #33 type] 
Type supportrequirements.InformationNeedType is not enhanced.

[2018-08-30 22:33:32 #34 type] 
Type supportrequirements.AnalysisNeedType is not enhanced.

[2018-08-30 22:33:32 #35 type] 
Type decisionpremise.CoherenceRationaleSpec is not enhanced.

[2018-08-30 22:33:32 #36 type] 
Type decisionprocess.StimulusInstance is not enhanced.

------------------------------------------------------------------------------------------------------------------------

[2018-08-30 22:34:44 #1 store] 
Database '/Users/safefy/git/BP18/Database/projectDB.odb' is opened by 1989@MacFys-MacBook-Pro.local

[2018-08-30 22:34:45 #2 type] 
Type decisionprocess.DecisionProcessType is not enhanced.

[2018-08-30 22:34:45 #3 type] 
Type decisionprocess.DecisionProcessInstance is not enhanced.

[2018-08-30 22:34:45 #4 type] 
Type decisionpremise.RelevanceRelationType is not enhanced.

[2018-08-30 22:34:45 #5 type] 
Type organizationalunits.ParticipationRelationType is not enhanced.

[2018-08-30 22:34:45 #6 type] 
Type decisionprocess.StimulusType is not enhanced.

[2018-08-30 22:34:45 #7 type] 
Type decisionpremise.DecisionPremiseType is not enhanced.

[2018-08-30 22:34:45 #8 type] 
Type organizationalunits.OrganizationalUnitType is not enhanced.

[2018-08-30 22:34:45 #9 type] 
Type supportrequirements.SupportRequirementType is not enhanced.

[2018-08-30 22:34:45 #10 type] 
Type organizationalunits.BoardType is not enhanced.

[2018-08-30 22:34:45 #11 type] 
Type organizationalunits.UnitOfWorkType is not enhanced.

[2018-08-30 22:34:45 #12 type] 
Type organizationalunits.CommiteeType is not enhanced.

[2018-08-30 22:34:45 #13 type] 
Type organizationalunits.SingleUnitType is not enhanced.

[2018-08-30 22:34:45 #14 type] 
Type organizationalunits.PositionType is not enhanced.

[2018-08-30 22:34:45 #15 type] 
Type organizationalunits.RoleType is not enhanced.

[2018-08-30 22:34:45 #16 type] 
Type decisionpremise.ValueDecisionPremiseType is not enhanced.

[2018-08-30 22:34:45 #17 type] 
Type decisionpremise.AbstractGoalType is not enhanced.

[2018-08-30 22:34:45 #18 type] 
Type decisionpremise.DecisionGoalType is not enhanced.

[2018-08-30 22:34:45 #19 type] 
Type decisionpremise.Value is not enhanced.

[2018-08-30 22:34:45 #20 type] 
Type decisionpremise.OrdinalValue is not enhanced.

[2018-08-30 22:34:45 #21 type] 
Type decisionpremise.RationaleSpec is not enhanced.

[2018-08-30 22:34:45 #22 type] 
Type decisionpremise.EngagementGoalType is not enhanced.

[2018-08-30 22:34:45 #23 type] 
Type decisionpremise.SymbolicGoalType is not enhanced.

[2018-08-30 22:34:45 #24 type] 
Type decisionpremise.FactualDecisionPremiseType is not enhanced.

[2018-08-30 22:34:45 #25 type] 
Type decisionpremise.ActionVariableType is not enhanced.

[2018-08-30 22:34:45 #26 type] 
Type decisionpremise.PresumedInfluenceRelationType is not enhanced.

[2018-08-30 22:34:45 #27 type] 
Type decisionpremise.EnvironmentalFactorType is not enhanced.

[2018-08-30 22:34:45 #28 type] 
Type supportrequirements.InformationType is not enhanced.

[2018-08-30 22:34:45 #29 type] 
Type supportrequirements.InformationSystemType is not enhanced.

[2018-08-30 22:34:45 #30 type] 
Type supportrequirements.InformationNeedSatisfactionRelation is not enhanced.

[2018-08-30 22:34:45 #31 type] 
Type supportrequirements.AnalysisNeedSatisfactionRelationType is not enhanced.

[2018-08-30 22:34:45 #32 type] 
Type supportrequirements.InformationNeedType is not enhanced.

[2018-08-30 22:34:45 #33 type] 
Type supportrequirements.AnalysisNeedType is not enhanced.

[2018-08-30 22:34:45 #34 type] 
Type decisionpremise.CoherenceRationaleSpec is not enhanced.

[2018-08-30 22:34:45 #35 type] 
Type decisionprocess.StimulusInstance is not enhanced.

------------------------------------------------------------------------------------------------------------------------

[2018-08-30 22:35:54 #1 store] 
Database '/Users/safefy/git/BP18/Database/projectDB.odb' is opened by 1997@MacFys-MacBook-Pro.local

[2018-08-30 22:35:54 #2 type] 
Type decisionprocess.DecisionProcessType is not enhanced.

[2018-08-30 22:35:54 #3 type] 
Type decisionprocess.DecisionProcessInstance is not enhanced.

[2018-08-30 22:35:54 #4 type] 
Type decisionpremise.RelevanceRelationType is not enhanced.

[2018-08-30 22:35:54 #5 type] 
Type organizationalunits.ParticipationRelationType is not enhanced.

[2018-08-30 22:35:54 #6 type] 
Type decisionprocess.StimulusType is not enhanced.

[2018-08-30 22:35:54 #7 type] 
Type decisionpremise.DecisionPremiseType is not enhanced.

[2018-08-30 22:35:54 #8 type] 
Type organizationalunits.OrganizationalUnitType is not enhanced.

[2018-08-30 22:35:54 #9 type] 
Type supportrequirements.SupportRequirementType is not enhanced.

[2018-08-30 22:35:54 #10 type] 
Type organizationalunits.BoardType is not enhanced.

[2018-08-30 22:35:54 #11 type] 
Type organizationalunits.UnitOfWorkType is not enhanced.

[2018-08-30 22:35:54 #12 type] 
Type organizationalunits.CommiteeType is not enhanced.

[2018-08-30 22:35:54 #13 type] 
Type organizationalunits.SingleUnitType is not enhanced.

[2018-08-30 22:35:54 #14 type] 
Type organizationalunits.PositionType is not enhanced.

[2018-08-30 22:35:54 #15 type] 
Type organizationalunits.RoleType is not enhanced.

[2018-08-30 22:35:54 #16 type] 
Type decisionpremise.ValueDecisionPremiseType is not enhanced.

[2018-08-30 22:35:54 #17 type] 
Type decisionpremise.AbstractGoalType is not enhanced.

[2018-08-30 22:35:54 #18 type] 
Type decisionpremise.DecisionGoalType is not enhanced.

[2018-08-30 22:35:54 #19 type] 
Type decisionpremise.Value is not enhanced.

[2018-08-30 22:35:54 #20 type] 
Type decisionpremise.OrdinalValue is not enhanced.

[2018-08-30 22:35:54 #21 type] 
Type decisionpremise.RationaleSpec is not enhanced.

[2018-08-30 22:35:54 #22 type] 
Type decisionpremise.EngagementGoalType is not enhanced.

[2018-08-30 22:35:54 #23 type] 
Type decisionpremise.SymbolicGoalType is not enhanced.

[2018-08-30 22:35:54 #24 type] 
Type decisionpremise.FactualDecisionPremiseType is not enhanced.

[2018-08-30 22:35:54 #25 type] 
Type decisionpremise.ActionVariableType is not enhanced.

[2018-08-30 22:35:54 #26 type] 
Type decisionpremise.PresumedInfluenceRelationType is not enhanced.

[2018-08-30 22:35:54 #27 type] 
Type decisionpremise.EnvironmentalFactorType is not enhanced.

[2018-08-30 22:35:54 #28 type] 
Type supportrequirements.InformationType is not enhanced.

[2018-08-30 22:35:54 #29 type] 
Type supportrequirements.InformationSystemType is not enhanced.

[2018-08-30 22:35:54 #30 type] 
Type supportrequirements.InformationNeedSatisfactionRelation is not enhanced.

[2018-08-30 22:35:54 #31 type] 
Type supportrequirements.AnalysisNeedSatisfactionRelationType is not enhanced.

[2018-08-30 22:35:54 #32 type] 
Type supportrequirements.InformationNeedType is not enhanced.

[2018-08-30 22:35:54 #33 type] 
Type supportrequirements.AnalysisNeedType is not enhanced.

[2018-08-30 22:35:54 #34 type] 
Type decisionpremise.CoherenceRationaleSpec is not enhanced.

[2018-08-30 22:35:54 #35 type] 
Type decisionprocess.StimulusInstance is not enhanced.

------------------------------------------------------------------------------------------------------------------------

[2018-08-30 22:39:14 #1 store] 
Database '/Users/safefy/git/BP18/Database/projectDB.odb' is opened by 2019@MacFys-MacBook-Pro.local

[2018-08-30 22:39:15 #2 type] 
Type decisionprocess.DecisionProcessType is not enhanced.

[2018-08-30 22:39:15 #3 type] 
Type decisionprocess.DecisionProcessInstance is not enhanced.

[2018-08-30 22:39:15 #4 type] 
Type decisionpremise.RelevanceRelationType is not enhanced.

[2018-08-30 22:39:15 #5 type] 
Type organizationalunits.ParticipationRelationType is not enhanced.

[2018-08-30 22:39:15 #6 type] 
Type decisionprocess.StimulusType is not enhanced.

[2018-08-30 22:39:15 #7 type] 
Type decisionpremise.DecisionPremiseType is not enhanced.

[2018-08-30 22:39:15 #8 type] 
Type organizationalunits.OrganizationalUnitType is not enhanced.

[2018-08-30 22:39:15 #9 type] 
Type supportrequirements.SupportRequirementType is not enhanced.

[2018-08-30 22:39:15 #10 type] 
Type organizationalunits.BoardType is not enhanced.

[2018-08-30 22:39:15 #11 type] 
Type organizationalunits.UnitOfWorkType is not enhanced.

[2018-08-30 22:39:15 #12 type] 
Type organizationalunits.CommiteeType is not enhanced.

[2018-08-30 22:39:15 #13 type] 
Type organizationalunits.SingleUnitType is not enhanced.

[2018-08-30 22:39:15 #14 type] 
Type organizationalunits.PositionType is not enhanced.

[2018-08-30 22:39:15 #15 type] 
Type organizationalunits.RoleType is not enhanced.

[2018-08-30 22:39:15 #16 type] 
Type decisionpremise.ValueDecisionPremiseType is not enhanced.

[2018-08-30 22:39:15 #17 type] 
Type decisionpremise.AbstractGoalType is not enhanced.

[2018-08-30 22:39:15 #18 type] 
Type decisionpremise.DecisionGoalType is not enhanced.

[2018-08-30 22:39:15 #19 type] 
Type decisionpremise.Value is not enhanced.

[2018-08-30 22:39:15 #20 type] 
Type decisionpremise.OrdinalValue is not enhanced.

[2018-08-30 22:39:15 #21 type] 
Type decisionpremise.RationaleSpec is not enhanced.

[2018-08-30 22:39:15 #22 type] 
Type decisionpremise.EngagementGoalType is not enhanced.

[2018-08-30 22:39:15 #23 type] 
Type decisionpremise.SymbolicGoalType is not enhanced.

[2018-08-30 22:39:15 #24 type] 
Type decisionpremise.FactualDecisionPremiseType is not enhanced.

[2018-08-30 22:39:15 #25 type] 
Type decisionpremise.ActionVariableType is not enhanced.

[2018-08-30 22:39:15 #26 type] 
Type decisionpremise.PresumedInfluenceRelationType is not enhanced.

[2018-08-30 22:39:15 #27 type] 
Type decisionpremise.EnvironmentalFactorType is not enhanced.

[2018-08-30 22:39:15 #28 type] 
Type supportrequirements.InformationType is not enhanced.

[2018-08-30 22:39:15 #29 type] 
Type supportrequirements.InformationSystemType is not enhanced.

[2018-08-30 22:39:15 #30 type] 
Type supportrequirements.InformationNeedSatisfactionRelation is not enhanced.

[2018-08-30 22:39:15 #31 type] 
Type supportrequirements.AnalysisNeedSatisfactionRelationType is not enhanced.

[2018-08-30 22:39:15 #32 type] 
Type supportrequirements.InformationNeedType is not enhanced.

[2018-08-30 22:39:15 #33 type] 
Type supportrequirements.AnalysisNeedType is not enhanced.

[2018-08-30 22:39:15 #34 type] 
Type decisionpremise.CoherenceRationaleSpec is not enhanced.

[2018-08-30 22:39:15 #35 type] 
Type decisionprocess.StimulusInstance is not enhanced.

------------------------------------------------------------------------------------------------------------------------

[2018-08-30 22:39:45 #1 store] 
Database '/Users/safefy/git/BP18/Database/projectDB.odb' is opened by 2023@MacFys-MacBook-Pro.local

[2018-08-30 22:39:45 #2 type] 
Type decisionprocess.DecisionProcessType is not enhanced.

[2018-08-30 22:39:45 #3 type] 
Type decisionprocess.DecisionProcessInstance is not enhanced.

[2018-08-30 22:39:45 #4 type] 
Type decisionpremise.RelevanceRelationType is not enhanced.

[2018-08-30 22:39:45 #5 type] 
Type organizationalunits.ParticipationRelationType is not enhanced.

[2018-08-30 22:39:45 #6 type] 
Type decisionprocess.StimulusType is not enhanced.

[2018-08-30 22:39:46 #7 type] 
Type decisionpremise.DecisionPremiseType is not enhanced.

[2018-08-30 22:39:46 #8 type] 
Type organizationalunits.OrganizationalUnitType is not enhanced.

[2018-08-30 22:39:46 #9 type] 
Type supportrequirements.SupportRequirementType is not enhanced.

[2018-08-30 22:39:46 #10 type] 
Type organizationalunits.BoardType is not enhanced.

[2018-08-30 22:39:46 #11 type] 
Type organizationalunits.UnitOfWorkType is not enhanced.

[2018-08-30 22:39:46 #12 type] 
Type organizationalunits.CommiteeType is not enhanced.

[2018-08-30 22:39:46 #13 type] 
Type organizationalunits.SingleUnitType is not enhanced.

[2018-08-30 22:39:46 #14 type] 
Type organizationalunits.PositionType is not enhanced.

[2018-08-30 22:39:46 #15 type] 
Type organizationalunits.RoleType is not enhanced.

[2018-08-30 22:39:46 #16 type] 
Type decisionpremise.ValueDecisionPremiseType is not enhanced.

[2018-08-30 22:39:46 #17 type] 
Type decisionpremise.AbstractGoalType is not enhanced.

[2018-08-30 22:39:46 #18 type] 
Type decisionpremise.DecisionGoalType is not enhanced.

[2018-08-30 22:39:46 #19 type] 
Type decisionpremise.Value is not enhanced.

[2018-08-30 22:39:46 #20 type] 
Type decisionpremise.OrdinalValue is not enhanced.

[2018-08-30 22:39:46 #21 type] 
Type decisionpremise.RationaleSpec is not enhanced.

[2018-08-30 22:39:46 #22 type] 
Type decisionpremise.EngagementGoalType is not enhanced.

[2018-08-30 22:39:46 #23 type] 
Type decisionpremise.SymbolicGoalType is not enhanced.

[2018-08-30 22:39:46 #24 type] 
Type decisionpremise.FactualDecisionPremiseType is not enhanced.

[2018-08-30 22:39:46 #25 type] 
Type decisionpremise.ActionVariableType is not enhanced.

[2018-08-30 22:39:46 #26 type] 
Type decisionpremise.PresumedInfluenceRelationType is not enhanced.

[2018-08-30 22:39:46 #27 type] 
Type decisionpremise.EnvironmentalFactorType is not enhanced.

[2018-08-30 22:39:46 #28 type] 
Type supportrequirements.InformationType is not enhanced.

[2018-08-30 22:39:46 #29 type] 
Type supportrequirements.InformationSystemType is not enhanced.

[2018-08-30 22:39:46 #30 type] 
Type supportrequirements.InformationNeedSatisfactionRelation is not enhanced.

[2018-08-30 22:39:46 #31 type] 
Type supportrequirements.AnalysisNeedSatisfactionRelationType is not enhanced.

[2018-08-30 22:39:46 #32 type] 
Type supportrequirements.InformationNeedType is not enhanced.

[2018-08-30 22:39:46 #33 type] 
Type supportrequirements.AnalysisNeedType is not enhanced.

[2018-08-30 22:39:46 #34 type] 
Type decisionpremise.CoherenceRationaleSpec is not enhanced.

[2018-08-30 22:39:46 #35 type] 
Type decisionprocess.StimulusInstance is not enhanced.

------------------------------------------------------------------------------------------------------------------------

[2018-08-30 22:41:05 #1 store] 
Database '/Users/safefy/git/BP18/Database/projectDB.odb' is opened by 2034@MacFys-MacBook-Pro.local

[2018-08-30 22:41:05 #2 type] 
Type decisionprocess.DecisionProcessType is not enhanced.

[2018-08-30 22:41:05 #3 type] 
Type decisionprocess.DecisionProcessInstance is not enhanced.

[2018-08-30 22:41:05 #4 type] 
Type decisionpremise.RelevanceRelationType is not enhanced.

[2018-08-30 22:41:05 #5 type] 
Type organizationalunits.ParticipationRelationType is not enhanced.

[2018-08-30 22:41:05 #6 type] 
Type decisionprocess.StimulusType is not enhanced.

[2018-08-30 22:41:05 #7 type] 
Type decisionpremise.DecisionPremiseType is not enhanced.

[2018-08-30 22:41:05 #8 type] 
Type organizationalunits.OrganizationalUnitType is not enhanced.

[2018-08-30 22:41:05 #9 type] 
Type supportrequirements.SupportRequirementType is not enhanced.

[2018-08-30 22:41:05 #10 type] 
Type organizationalunits.BoardType is not enhanced.

[2018-08-30 22:41:05 #11 type] 
Type organizationalunits.UnitOfWorkType is not enhanced.

[2018-08-30 22:41:05 #12 type] 
Type organizationalunits.CommiteeType is not enhanced.

[2018-08-30 22:41:05 #13 type] 
Type organizationalunits.SingleUnitType is not enhanced.

[2018-08-30 22:41:05 #14 type] 
Type organizationalunits.PositionType is not enhanced.

[2018-08-30 22:41:05 #15 type] 
Type organizationalunits.RoleType is not enhanced.

[2018-08-30 22:41:05 #16 type] 
Type decisionpremise.ValueDecisionPremiseType is not enhanced.

[2018-08-30 22:41:05 #17 type] 
Type decisionpremise.AbstractGoalType is not enhanced.

[2018-08-30 22:41:05 #18 type] 
Type decisionpremise.DecisionGoalType is not enhanced.

[2018-08-30 22:41:05 #19 type] 
Type decisionpremise.Value is not enhanced.

[2018-08-30 22:41:05 #20 type] 
Type decisionpremise.OrdinalValue is not enhanced.

[2018-08-30 22:41:05 #21 type] 
Type decisionpremise.RationaleSpec is not enhanced.

[2018-08-30 22:41:05 #22 type] 
Type decisionpremise.EngagementGoalType is not enhanced.

[2018-08-30 22:41:05 #23 type] 
Type decisionpremise.SymbolicGoalType is not enhanced.

[2018-08-30 22:41:05 #24 type] 
Type decisionpremise.FactualDecisionPremiseType is not enhanced.

[2018-08-30 22:41:05 #25 type] 
Type decisionpremise.ActionVariableType is not enhanced.

[2018-08-30 22:41:05 #26 type] 
Type decisionpremise.PresumedInfluenceRelationType is not enhanced.

[2018-08-30 22:41:05 #27 type] 
Type decisionpremise.EnvironmentalFactorType is not enhanced.

[2018-08-30 22:41:05 #28 type] 
Type supportrequirements.InformationType is not enhanced.

[2018-08-30 22:41:05 #29 type] 
Type supportrequirements.InformationSystemType is not enhanced.

[2018-08-30 22:41:05 #30 type] 
Type supportrequirements.InformationNeedSatisfactionRelation is not enhanced.

[2018-08-30 22:41:05 #31 type] 
Type supportrequirements.AnalysisNeedSatisfactionRelationType is not enhanced.

[2018-08-30 22:41:05 #32 type] 
Type supportrequirements.InformationNeedType is not enhanced.

[2018-08-30 22:41:05 #33 type] 
Type supportrequirements.AnalysisNeedType is not enhanced.

[2018-08-30 22:41:05 #34 type] 
Type decisionpremise.CoherenceRationaleSpec is not enhanced.

[2018-08-30 22:41:05 #35 type] 
Type decisionprocess.StimulusInstance is not enhanced.

------------------------------------------------------------------------------------------------------------------------

[2018-08-30 22:45:23 #1 store] 
Database '/Users/safefy/git/BP18/Database/projectDB.odb' is opened by 2062@MacFys-MacBook-Pro.local

[2018-08-30 22:45:23 #2 type] 
Type decisionprocess.DecisionProcessType is not enhanced.

[2018-08-30 22:45:23 #3 type] 
Type decisionprocess.DecisionProcessInstance is not enhanced.

[2018-08-30 22:45:23 #4 type] 
Type decisionpremise.RelevanceRelationType is not enhanced.

[2018-08-30 22:45:23 #5 type] 
Type organizationalunits.ParticipationRelationType is not enhanced.

[2018-08-30 22:45:23 #6 type] 
Type decisionprocess.StimulusType is not enhanced.

[2018-08-30 22:45:23 #7 type] 
Type decisionpremise.DecisionPremiseType is not enhanced.

[2018-08-30 22:45:23 #8 type] 
Type organizationalunits.OrganizationalUnitType is not enhanced.

[2018-08-30 22:45:23 #9 type] 
Type supportrequirements.SupportRequirementType is not enhanced.

[2018-08-30 22:45:23 #10 type] 
Type organizationalunits.BoardType is not enhanced.

[2018-08-30 22:45:23 #11 type] 
Type organizationalunits.UnitOfWorkType is not enhanced.

[2018-08-30 22:45:23 #12 type] 
Type organizationalunits.CommiteeType is not enhanced.

[2018-08-30 22:45:23 #13 type] 
Type organizationalunits.SingleUnitType is not enhanced.

[2018-08-30 22:45:23 #14 type] 
Type organizationalunits.PositionType is not enhanced.

[2018-08-30 22:45:23 #15 type] 
Type organizationalunits.RoleType is not enhanced.

[2018-08-30 22:45:23 #16 type] 
Type decisionpremise.ValueDecisionPremiseType is not enhanced.

[2018-08-30 22:45:23 #17 type] 
Type decisionpremise.AbstractGoalType is not enhanced.

[2018-08-30 22:45:23 #18 type] 
Type decisionpremise.DecisionGoalType is not enhanced.

[2018-08-30 22:45:23 #19 type] 
Type decisionpremise.Value is not enhanced.

[2018-08-30 22:45:23 #20 type] 
Type decisionpremise.OrdinalValue is not enhanced.

[2018-08-30 22:45:23 #21 type] 
Type decisionpremise.RationaleSpec is not enhanced.

[2018-08-30 22:45:23 #22 type] 
Type decisionpremise.EngagementGoalType is not enhanced.

[2018-08-30 22:45:23 #23 type] 
Type decisionpremise.SymbolicGoalType is not enhanced.

[2018-08-30 22:45:23 #24 type] 
Type decisionpremise.FactualDecisionPremiseType is not enhanced.

[2018-08-30 22:45:23 #25 type] 
Type decisionpremise.ActionVariableType is not enhanced.

[2018-08-30 22:45:23 #26 type] 
Type decisionpremise.PresumedInfluenceRelationType is not enhanced.

[2018-08-30 22:45:23 #27 type] 
Type decisionpremise.EnvironmentalFactorType is not enhanced.

[2018-08-30 22:45:23 #28 type] 
Type supportrequirements.InformationType is not enhanced.

[2018-08-30 22:45:23 #29 type] 
Type supportrequirements.InformationSystemType is not enhanced.

[2018-08-30 22:45:23 #30 type] 
Type supportrequirements.InformationNeedSatisfactionRelation is not enhanced.

[2018-08-30 22:45:23 #31 type] 
Type supportrequirements.AnalysisNeedSatisfactionRelationType is not enhanced.

[2018-08-30 22:45:23 #32 type] 
Type supportrequirements.InformationNeedType is not enhanced.

[2018-08-30 22:45:23 #33 type] 
Type supportrequirements.AnalysisNeedType is not enhanced.

[2018-08-30 22:45:23 #34 type] 
Type decisionpremise.CoherenceRationaleSpec is not enhanced.

[2018-08-30 22:45:23 #35 type] 
Type decisionprocess.StimulusInstance is not enhanced.

------------------------------------------------------------------------------------------------------------------------

[2018-08-30 22:45:46 #1 store] 
Database '/Users/safefy/git/BP18/Database/projectDB.odb' is opened by 2065@MacFys-MacBook-Pro.local

[2018-08-30 22:45:46 #2 type] 
Type decisionprocess.DecisionProcessType is not enhanced.

[2018-08-30 22:45:47 #3 type] 
Type decisionprocess.DecisionProcessInstance is not enhanced.

[2018-08-30 22:45:47 #4 type] 
Type decisionpremise.RelevanceRelationType is not enhanced.

[2018-08-30 22:45:47 #5 type] 
Type organizationalunits.ParticipationRelationType is not enhanced.

[2018-08-30 22:45:47 #6 type] 
Type decisionprocess.StimulusType is not enhanced.

[2018-08-30 22:45:47 #7 type] 
Type decisionpremise.DecisionPremiseType is not enhanced.

[2018-08-30 22:45:47 #8 type] 
Type organizationalunits.OrganizationalUnitType is not enhanced.

[2018-08-30 22:45:47 #9 type] 
Type supportrequirements.SupportRequirementType is not enhanced.

[2018-08-30 22:45:47 #10 type] 
Type organizationalunits.BoardType is not enhanced.

[2018-08-30 22:45:47 #11 type] 
Type organizationalunits.UnitOfWorkType is not enhanced.

[2018-08-30 22:45:47 #12 type] 
Type organizationalunits.CommiteeType is not enhanced.

[2018-08-30 22:45:47 #13 type] 
Type organizationalunits.SingleUnitType is not enhanced.

[2018-08-30 22:45:47 #14 type] 
Type organizationalunits.PositionType is not enhanced.

[2018-08-30 22:45:47 #15 type] 
Type organizationalunits.RoleType is not enhanced.

[2018-08-30 22:45:47 #16 type] 
Type decisionpremise.ValueDecisionPremiseType is not enhanced.

[2018-08-30 22:45:47 #17 type] 
Type decisionpremise.AbstractGoalType is not enhanced.

[2018-08-30 22:45:47 #18 type] 
Type decisionpremise.DecisionGoalType is not enhanced.

[2018-08-30 22:45:47 #19 type] 
Type decisionpremise.Value is not enhanced.

[2018-08-30 22:45:47 #20 type] 
Type decisionpremise.OrdinalValue is not enhanced.

[2018-08-30 22:45:47 #21 type] 
Type decisionpremise.RationaleSpec is not enhanced.

[2018-08-30 22:45:47 #22 type] 
Type decisionpremise.EngagementGoalType is not enhanced.

[2018-08-30 22:45:47 #23 type] 
Type decisionpremise.SymbolicGoalType is not enhanced.

[2018-08-30 22:45:47 #24 type] 
Type decisionpremise.FactualDecisionPremiseType is not enhanced.

[2018-08-30 22:45:47 #25 type] 
Type decisionpremise.ActionVariableType is not enhanced.

[2018-08-30 22:45:47 #26 type] 
Type decisionpremise.PresumedInfluenceRelationType is not enhanced.

[2018-08-30 22:45:47 #27 type] 
Type decisionpremise.EnvironmentalFactorType is not enhanced.

[2018-08-30 22:45:47 #28 type] 
Type supportrequirements.InformationType is not enhanced.

[2018-08-30 22:45:47 #29 type] 
Type supportrequirements.InformationSystemType is not enhanced.

[2018-08-30 22:45:47 #30 type] 
Type supportrequirements.InformationNeedSatisfactionRelation is not enhanced.

[2018-08-30 22:45:47 #31 type] 
Type supportrequirements.AnalysisNeedSatisfactionRelationType is not enhanced.

[2018-08-30 22:45:47 #32 type] 
Type supportrequirements.InformationNeedType is not enhanced.

[2018-08-30 22:45:47 #33 type] 
Type supportrequirements.AnalysisNeedType is not enhanced.

[2018-08-30 22:45:47 #34 type] 
Type decisionpremise.CoherenceRationaleSpec is not enhanced.

[2018-08-30 22:45:47 #35 type] 
Type decisionprocess.StimulusInstance is not enhanced.

