------------------------------------------------------------------------------------------------------------------------

[2018-08-23 09:06:30 #1 store] 
Database '/Users/safefy/git/BP18/Database/projectDB.odb' is opened by 672@MacFys-MBP.fritz.box

[2018-08-23 09:06:30 #2 type] 
Type decisionprocess.DecisionProcessType is not enhanced.

[2018-08-23 09:06:30 #3 type] 
Type decisionpremise.RelevanceRelationType is not enhanced.

[2018-08-23 09:06:30 #4 type] 
Type organizationalunits.ParticipationRelationType is not enhanced.

[2018-08-23 09:06:30 #5 type] 
Type decisionprocess.StimulusType is not enhanced.

[2018-08-23 09:06:30 #6 type] 
Type decisionpremise.DecisionPremiseType is not enhanced.

[2018-08-23 09:06:30 #7 type] 
Type organizationalunits.OrganizationalUnitType is not enhanced.

[2018-08-23 09:06:30 #8 type] 
Type supportrequirements.SupportRequirementType is not enhanced.

[2018-08-23 09:06:30 #9 type] 
Type organizationalunits.BoardType is not enhanced.

[2018-08-23 09:06:30 #10 type] 
Type organizationalunits.UnitOfWorkType is not enhanced.

[2018-08-23 09:06:30 #11 type] 
Type organizationalunits.CommiteeType is not enhanced.

[2018-08-23 09:06:30 #12 type] 
Type organizationalunits.SingleUnitType is not enhanced.

[2018-08-23 09:06:30 #13 type] 
Type organizationalunits.PositionType is not enhanced.

[2018-08-23 09:06:30 #14 type] 
Type organizationalunits.RoleType is not enhanced.

[2018-08-23 09:06:30 #15 type] 
Type decisionpremise.ValueDecisionPremiseType is not enhanced.

[2018-08-23 09:06:30 #16 type] 
Type decisionpremise.AbstractGoalType is not enhanced.

[2018-08-23 09:06:30 #17 type] 
Type decisionpremise.DecisionGoalType is not enhanced.

[2018-08-23 09:06:30 #18 type] 
Type decisionpremise.Value is not enhanced.

[2018-08-23 09:06:30 #19 type] 
Type decisionpremise.OrdinalValue is not enhanced.

[2018-08-23 09:06:30 #20 type] 
Type decisionpremise.RationaleSpec is not enhanced.

[2018-08-23 09:06:30 #21 type] 
Type decisionpremise.EngagementGoalType is not enhanced.

[2018-08-23 09:06:30 #22 type] 
Type decisionpremise.SymbolicGoalType is not enhanced.

[2018-08-23 09:06:30 #23 type] 
Type decisionpremise.FactualDecisionPremiseType is not enhanced.

[2018-08-23 09:06:30 #24 type] 
Type decisionpremise.ActionVariableType is not enhanced.

[2018-08-23 09:06:30 #25 type] 
Type decisionpremise.PresumedInfluenceRelationType is not enhanced.

[2018-08-23 09:06:30 #26 type] 
Type decisionpremise.EnvironmentalFactorType is not enhanced.

[2018-08-23 09:06:30 #27 type] 
Type supportrequirements.InformationType is not enhanced.

[2018-08-23 09:06:30 #28 type] 
Type supportrequirements.InformationSystemType is not enhanced.

[2018-08-23 09:06:30 #29 type] 
Type supportrequirements.InformationNeedSatisfactionRelation is not enhanced.

[2018-08-23 09:06:30 #30 type] 
Type supportrequirements.AnalysisNeedSatisfactionRelationType is not enhanced.

[2018-08-23 09:06:30 #31 type] 
Type supportrequirements.InformationNeedType is not enhanced.

[2018-08-23 09:06:30 #32 type] 
Type supportrequirements.AnalysisNeedType is not enhanced.

[2018-08-23 09:06:30 #33 type] 
Type decisionpremise.CoherenceRationaleSpec is not enhanced.

------------------------------------------------------------------------------------------------------------------------

[2018-08-23 09:07:13 #1 store] 
Database '/Users/safefy/git/BP18/Database/projectDB.odb' is opened by 675@MacFys-MBP.fritz.box

[2018-08-23 09:07:13 #2 type] 
Type decisionprocess.DecisionProcessType is not enhanced.

[2018-08-23 09:07:13 #3 type] 
Type decisionpremise.RelevanceRelationType is not enhanced.

[2018-08-23 09:07:13 #4 type] 
Type organizationalunits.ParticipationRelationType is not enhanced.

[2018-08-23 09:07:13 #5 type] 
Type decisionprocess.StimulusType is not enhanced.

[2018-08-23 09:07:13 #6 type] 
Type decisionpremise.DecisionPremiseType is not enhanced.

[2018-08-23 09:07:13 #7 type] 
Type organizationalunits.OrganizationalUnitType is not enhanced.

[2018-08-23 09:07:13 #8 type] 
Type supportrequirements.SupportRequirementType is not enhanced.

[2018-08-23 09:07:13 #9 type] 
Type organizationalunits.BoardType is not enhanced.

[2018-08-23 09:07:13 #10 type] 
Type organizationalunits.UnitOfWorkType is not enhanced.

[2018-08-23 09:07:13 #11 type] 
Type organizationalunits.CommiteeType is not enhanced.

[2018-08-23 09:07:13 #12 type] 
Type organizationalunits.SingleUnitType is not enhanced.

[2018-08-23 09:07:13 #13 type] 
Type organizationalunits.PositionType is not enhanced.

[2018-08-23 09:07:13 #14 type] 
Type organizationalunits.RoleType is not enhanced.

[2018-08-23 09:07:13 #15 type] 
Type decisionpremise.ValueDecisionPremiseType is not enhanced.

[2018-08-23 09:07:13 #16 type] 
Type decisionpremise.AbstractGoalType is not enhanced.

[2018-08-23 09:07:13 #17 type] 
Type decisionpremise.DecisionGoalType is not enhanced.

[2018-08-23 09:07:13 #18 type] 
Type decisionpremise.Value is not enhanced.

[2018-08-23 09:07:13 #19 type] 
Type decisionpremise.OrdinalValue is not enhanced.

[2018-08-23 09:07:13 #20 type] 
Type decisionpremise.RationaleSpec is not enhanced.

[2018-08-23 09:07:13 #21 type] 
Type decisionpremise.EngagementGoalType is not enhanced.

[2018-08-23 09:07:13 #22 type] 
Type decisionpremise.SymbolicGoalType is not enhanced.

[2018-08-23 09:07:13 #23 type] 
Type decisionpremise.FactualDecisionPremiseType is not enhanced.

[2018-08-23 09:07:13 #24 type] 
Type decisionpremise.ActionVariableType is not enhanced.

[2018-08-23 09:07:13 #25 type] 
Type decisionpremise.PresumedInfluenceRelationType is not enhanced.

[2018-08-23 09:07:13 #26 type] 
Type decisionpremise.EnvironmentalFactorType is not enhanced.

[2018-08-23 09:07:13 #27 type] 
Type supportrequirements.InformationType is not enhanced.

[2018-08-23 09:07:13 #28 type] 
Type supportrequirements.InformationSystemType is not enhanced.

[2018-08-23 09:07:13 #29 type] 
Type supportrequirements.InformationNeedSatisfactionRelation is not enhanced.

[2018-08-23 09:07:13 #30 type] 
Type supportrequirements.AnalysisNeedSatisfactionRelationType is not enhanced.

[2018-08-23 09:07:13 #31 type] 
Type supportrequirements.InformationNeedType is not enhanced.

[2018-08-23 09:07:13 #32 type] 
Type supportrequirements.AnalysisNeedType is not enhanced.

[2018-08-23 09:07:13 #33 type] 
Type decisionpremise.CoherenceRationaleSpec is not enhanced.

------------------------------------------------------------------------------------------------------------------------

[2018-08-23 09:08:43 #1 store] 
Database '/Users/safefy/git/BP18/Database/projectDB.odb' is opened by 676@MacFys-MBP.fritz.box

[2018-08-23 09:08:43 #2 type] 
Type decisionprocess.DecisionProcessType is not enhanced.

[2018-08-23 09:08:43 #3 type] 
Type decisionpremise.RelevanceRelationType is not enhanced.

[2018-08-23 09:08:43 #4 type] 
Type organizationalunits.ParticipationRelationType is not enhanced.

[2018-08-23 09:08:43 #5 type] 
Type decisionprocess.StimulusType is not enhanced.

[2018-08-23 09:08:43 #6 type] 
Type decisionpremise.DecisionPremiseType is not enhanced.

[2018-08-23 09:08:43 #7 type] 
Type organizationalunits.OrganizationalUnitType is not enhanced.

[2018-08-23 09:08:43 #8 type] 
Type supportrequirements.SupportRequirementType is not enhanced.

[2018-08-23 09:08:43 #9 type] 
Type organizationalunits.BoardType is not enhanced.

[2018-08-23 09:08:43 #10 type] 
Type organizationalunits.UnitOfWorkType is not enhanced.

[2018-08-23 09:08:43 #11 type] 
Type organizationalunits.CommiteeType is not enhanced.

[2018-08-23 09:08:43 #12 type] 
Type organizationalunits.SingleUnitType is not enhanced.

[2018-08-23 09:08:43 #13 type] 
Type organizationalunits.PositionType is not enhanced.

[2018-08-23 09:08:43 #14 type] 
Type organizationalunits.RoleType is not enhanced.

[2018-08-23 09:08:43 #15 type] 
Type decisionpremise.ValueDecisionPremiseType is not enhanced.

[2018-08-23 09:08:43 #16 type] 
Type decisionpremise.AbstractGoalType is not enhanced.

[2018-08-23 09:08:43 #17 type] 
Type decisionpremise.DecisionGoalType is not enhanced.

[2018-08-23 09:08:43 #18 type] 
Type decisionpremise.Value is not enhanced.

[2018-08-23 09:08:43 #19 type] 
Type decisionpremise.OrdinalValue is not enhanced.

[2018-08-23 09:08:43 #20 type] 
Type decisionpremise.RationaleSpec is not enhanced.

[2018-08-23 09:08:43 #21 type] 
Type decisionpremise.EngagementGoalType is not enhanced.

[2018-08-23 09:08:43 #22 type] 
Type decisionpremise.SymbolicGoalType is not enhanced.

[2018-08-23 09:08:43 #23 type] 
Type decisionpremise.FactualDecisionPremiseType is not enhanced.

[2018-08-23 09:08:43 #24 type] 
Type decisionpremise.ActionVariableType is not enhanced.

[2018-08-23 09:08:43 #25 type] 
Type decisionpremise.PresumedInfluenceRelationType is not enhanced.

[2018-08-23 09:08:43 #26 type] 
Type decisionpremise.EnvironmentalFactorType is not enhanced.

[2018-08-23 09:08:43 #27 type] 
Type supportrequirements.InformationType is not enhanced.

[2018-08-23 09:08:43 #28 type] 
Type supportrequirements.InformationSystemType is not enhanced.

[2018-08-23 09:08:43 #29 type] 
Type supportrequirements.InformationNeedSatisfactionRelation is not enhanced.

[2018-08-23 09:08:43 #30 type] 
Type supportrequirements.AnalysisNeedSatisfactionRelationType is not enhanced.

[2018-08-23 09:08:43 #31 type] 
Type supportrequirements.InformationNeedType is not enhanced.

[2018-08-23 09:08:43 #32 type] 
Type supportrequirements.AnalysisNeedType is not enhanced.

[2018-08-23 09:08:43 #33 type] 
Type decisionpremise.CoherenceRationaleSpec is not enhanced.

------------------------------------------------------------------------------------------------------------------------

[2018-08-23 09:10:44 #1 store] 
Database '/Users/safefy/git/BP18/Database/projectDB.odb' is opened by 677@MacFys-MBP.fritz.box

[2018-08-23 09:10:44 #2 type] 
Type decisionprocess.DecisionProcessType is not enhanced.

[2018-08-23 09:10:44 #3 type] 
Type decisionpremise.RelevanceRelationType is not enhanced.

[2018-08-23 09:10:44 #4 type] 
Type organizationalunits.ParticipationRelationType is not enhanced.

[2018-08-23 09:10:44 #5 type] 
Type decisionprocess.StimulusType is not enhanced.

[2018-08-23 09:10:44 #6 type] 
Type decisionpremise.DecisionPremiseType is not enhanced.

[2018-08-23 09:10:44 #7 type] 
Type organizationalunits.OrganizationalUnitType is not enhanced.

[2018-08-23 09:10:44 #8 type] 
Type supportrequirements.SupportRequirementType is not enhanced.

[2018-08-23 09:10:44 #9 type] 
Type organizationalunits.BoardType is not enhanced.

[2018-08-23 09:10:44 #10 type] 
Type organizationalunits.UnitOfWorkType is not enhanced.

[2018-08-23 09:10:44 #11 type] 
Type organizationalunits.CommiteeType is not enhanced.

[2018-08-23 09:10:44 #12 type] 
Type organizationalunits.SingleUnitType is not enhanced.

[2018-08-23 09:10:44 #13 type] 
Type organizationalunits.PositionType is not enhanced.

[2018-08-23 09:10:44 #14 type] 
Type organizationalunits.RoleType is not enhanced.

[2018-08-23 09:10:44 #15 type] 
Type decisionpremise.ValueDecisionPremiseType is not enhanced.

[2018-08-23 09:10:44 #16 type] 
Type decisionpremise.AbstractGoalType is not enhanced.

[2018-08-23 09:10:44 #17 type] 
Type decisionpremise.DecisionGoalType is not enhanced.

[2018-08-23 09:10:44 #18 type] 
Type decisionpremise.Value is not enhanced.

[2018-08-23 09:10:44 #19 type] 
Type decisionpremise.OrdinalValue is not enhanced.

[2018-08-23 09:10:44 #20 type] 
Type decisionpremise.RationaleSpec is not enhanced.

[2018-08-23 09:10:44 #21 type] 
Type decisionpremise.EngagementGoalType is not enhanced.

[2018-08-23 09:10:44 #22 type] 
Type decisionpremise.SymbolicGoalType is not enhanced.

[2018-08-23 09:10:44 #23 type] 
Type decisionpremise.FactualDecisionPremiseType is not enhanced.

[2018-08-23 09:10:44 #24 type] 
Type decisionpremise.ActionVariableType is not enhanced.

[2018-08-23 09:10:44 #25 type] 
Type decisionpremise.PresumedInfluenceRelationType is not enhanced.

[2018-08-23 09:10:44 #26 type] 
Type decisionpremise.EnvironmentalFactorType is not enhanced.

[2018-08-23 09:10:44 #27 type] 
Type supportrequirements.InformationType is not enhanced.

[2018-08-23 09:10:44 #28 type] 
Type supportrequirements.InformationSystemType is not enhanced.

[2018-08-23 09:10:44 #29 type] 
Type supportrequirements.InformationNeedSatisfactionRelation is not enhanced.

[2018-08-23 09:10:44 #30 type] 
Type supportrequirements.AnalysisNeedSatisfactionRelationType is not enhanced.

[2018-08-23 09:10:44 #31 type] 
Type supportrequirements.InformationNeedType is not enhanced.

[2018-08-23 09:10:44 #32 type] 
Type supportrequirements.AnalysisNeedType is not enhanced.

[2018-08-23 09:10:44 #33 type] 
Type decisionpremise.CoherenceRationaleSpec is not enhanced.

------------------------------------------------------------------------------------------------------------------------

[2018-08-23 09:12:34 #1 store] 
Database '/Users/safefy/git/BP18/Database/projectDB.odb' is opened by 681@MacFys-MBP.fritz.box

[2018-08-23 09:12:35 #2 type] 
Type decisionprocess.DecisionProcessType is not enhanced.

[2018-08-23 09:12:35 #3 type] 
Type decisionprocess.DecisionProcessInstance is not enhanced.

[2018-08-23 09:12:35 #4 type.registry] 
New type decisionprocess.StimulusInstance

[2018-08-23 09:12:35 #5 type.registry] 
New type javafx.beans.Observable

[2018-08-23 09:12:35 #6 type.registry] 
New type javafx.beans.value.ObservableValue

[2018-08-23 09:12:35 #7 type.registry] 
New type javafx.beans.value.ObservableObjectValue

[2018-08-23 09:12:35 #8 type.registry] 
New type javafx.beans.value.ObservableStringValue

[2018-08-23 09:12:35 #9 type.registry] 
New type javafx.beans.binding.StringExpression

[2018-08-23 09:12:35 #10 type.registry] 
New type javafx.beans.property.ReadOnlyProperty

[2018-08-23 09:12:35 #11 type.registry] 
New type javafx.beans.property.ReadOnlyStringProperty

[2018-08-23 09:12:35 #12 type.registry] 
New type javafx.beans.value.WritableValue

[2018-08-23 09:12:35 #13 type.registry] 
New type javafx.beans.property.Property

[2018-08-23 09:12:35 #14 type.registry] 
New type javafx.beans.value.WritableObjectValue

[2018-08-23 09:12:35 #15 type.registry] 
New type javafx.beans.value.WritableStringValue

[2018-08-23 09:12:35 #16 type.registry] 
New type javafx.beans.property.StringProperty

[2018-08-23 09:12:35 #17 type] 
Type decisionpremise.RelevanceRelationType is not enhanced.

[2018-08-23 09:12:35 #18 type] 
Type organizationalunits.ParticipationRelationType is not enhanced.

[2018-08-23 09:12:35 #19 type] 
Type decisionprocess.StimulusType is not enhanced.

[2018-08-23 09:12:35 #20 type] 
Type decisionpremise.DecisionPremiseType is not enhanced.

[2018-08-23 09:12:35 #21 type] 
Type organizationalunits.OrganizationalUnitType is not enhanced.

[2018-08-23 09:12:35 #22 type] 
Type supportrequirements.SupportRequirementType is not enhanced.

[2018-08-23 09:12:35 #23 type] 
Type organizationalunits.BoardType is not enhanced.

[2018-08-23 09:12:35 #24 type] 
Type organizationalunits.UnitOfWorkType is not enhanced.

[2018-08-23 09:12:35 #25 type] 
Type organizationalunits.CommiteeType is not enhanced.

[2018-08-23 09:12:35 #26 type] 
Type organizationalunits.SingleUnitType is not enhanced.

[2018-08-23 09:12:35 #27 type] 
Type organizationalunits.PositionType is not enhanced.

[2018-08-23 09:12:35 #28 type] 
Type organizationalunits.RoleType is not enhanced.

[2018-08-23 09:12:35 #29 type] 
Type decisionpremise.ValueDecisionPremiseType is not enhanced.

[2018-08-23 09:12:35 #30 type] 
Type decisionpremise.AbstractGoalType is not enhanced.

[2018-08-23 09:12:35 #31 type] 
Type decisionpremise.DecisionGoalType is not enhanced.

[2018-08-23 09:12:35 #32 type] 
Type decisionpremise.Value is not enhanced.

[2018-08-23 09:12:35 #33 type] 
Type decisionpremise.OrdinalValue is not enhanced.

[2018-08-23 09:12:35 #34 type] 
Type decisionpremise.RationaleSpec is not enhanced.

[2018-08-23 09:12:35 #35 type] 
Type decisionpremise.EngagementGoalType is not enhanced.

[2018-08-23 09:12:35 #36 type] 
Type decisionpremise.SymbolicGoalType is not enhanced.

[2018-08-23 09:12:35 #37 type] 
Type decisionpremise.FactualDecisionPremiseType is not enhanced.

[2018-08-23 09:12:35 #38 type] 
Type decisionpremise.ActionVariableType is not enhanced.

[2018-08-23 09:12:35 #39 type] 
Type decisionpremise.PresumedInfluenceRelationType is not enhanced.

[2018-08-23 09:12:35 #40 type] 
Type decisionpremise.EnvironmentalFactorType is not enhanced.

[2018-08-23 09:12:35 #41 type] 
Type supportrequirements.InformationType is not enhanced.

[2018-08-23 09:12:35 #42 type] 
Type supportrequirements.InformationSystemType is not enhanced.

[2018-08-23 09:12:35 #43 type] 
Type supportrequirements.InformationNeedSatisfactionRelation is not enhanced.

[2018-08-23 09:12:35 #44 type] 
Type supportrequirements.AnalysisNeedSatisfactionRelationType is not enhanced.

[2018-08-23 09:12:35 #45 type] 
Type supportrequirements.InformationNeedType is not enhanced.

[2018-08-23 09:12:35 #46 type] 
Type supportrequirements.AnalysisNeedType is not enhanced.

[2018-08-23 09:12:35 #47 type] 
Type decisionpremise.CoherenceRationaleSpec is not enhanced.

------------------------------------------------------------------------------------------------------------------------

[2018-08-23 09:17:10 #1 store] 
Database '/Users/safefy/git/BP18/Database/projectDB.odb' is opened by 712@MacFys-MBP.fritz.box

[2018-08-23 09:17:10 #2 type] 
Type decisionprocess.DecisionProcessType is not enhanced.

[2018-08-23 09:17:10 #3 type] 
Type decisionpremise.RelevanceRelationType is not enhanced.

[2018-08-23 09:17:10 #4 type] 
Type organizationalunits.ParticipationRelationType is not enhanced.

[2018-08-23 09:17:10 #5 type] 
Type decisionprocess.StimulusType is not enhanced.

[2018-08-23 09:17:10 #6 type] 
Type decisionpremise.DecisionPremiseType is not enhanced.

[2018-08-23 09:17:10 #7 type] 
Type organizationalunits.OrganizationalUnitType is not enhanced.

[2018-08-23 09:17:10 #8 type] 
Type supportrequirements.SupportRequirementType is not enhanced.

[2018-08-23 09:17:10 #9 type] 
Type organizationalunits.BoardType is not enhanced.

[2018-08-23 09:17:10 #10 type] 
Type organizationalunits.UnitOfWorkType is not enhanced.

[2018-08-23 09:17:10 #11 type] 
Type organizationalunits.CommiteeType is not enhanced.

[2018-08-23 09:17:10 #12 type] 
Type organizationalunits.SingleUnitType is not enhanced.

[2018-08-23 09:17:10 #13 type] 
Type organizationalunits.PositionType is not enhanced.

[2018-08-23 09:17:10 #14 type] 
Type organizationalunits.RoleType is not enhanced.

[2018-08-23 09:17:10 #15 type] 
Type decisionpremise.ValueDecisionPremiseType is not enhanced.

[2018-08-23 09:17:10 #16 type] 
Type decisionpremise.AbstractGoalType is not enhanced.

[2018-08-23 09:17:10 #17 type] 
Type decisionpremise.DecisionGoalType is not enhanced.

[2018-08-23 09:17:10 #18 type] 
Type decisionpremise.Value is not enhanced.

[2018-08-23 09:17:10 #19 type] 
Type decisionpremise.OrdinalValue is not enhanced.

[2018-08-23 09:17:10 #20 type] 
Type decisionpremise.RationaleSpec is not enhanced.

[2018-08-23 09:17:10 #21 type] 
Type decisionpremise.EngagementGoalType is not enhanced.

[2018-08-23 09:17:10 #22 type] 
Type decisionpremise.SymbolicGoalType is not enhanced.

[2018-08-23 09:17:10 #23 type] 
Type decisionpremise.FactualDecisionPremiseType is not enhanced.

[2018-08-23 09:17:10 #24 type] 
Type decisionpremise.ActionVariableType is not enhanced.

[2018-08-23 09:17:10 #25 type] 
Type decisionpremise.PresumedInfluenceRelationType is not enhanced.

[2018-08-23 09:17:10 #26 type] 
Type decisionpremise.EnvironmentalFactorType is not enhanced.

[2018-08-23 09:17:10 #27 type] 
Type supportrequirements.InformationType is not enhanced.

[2018-08-23 09:17:10 #28 type] 
Type supportrequirements.InformationSystemType is not enhanced.

[2018-08-23 09:17:10 #29 type] 
Type supportrequirements.InformationNeedSatisfactionRelation is not enhanced.

[2018-08-23 09:17:10 #30 type] 
Type supportrequirements.AnalysisNeedSatisfactionRelationType is not enhanced.

[2018-08-23 09:17:11 #31 type] 
Type supportrequirements.InformationNeedType is not enhanced.

[2018-08-23 09:17:11 #32 type] 
Type supportrequirements.AnalysisNeedType is not enhanced.

[2018-08-23 09:17:11 #33 type] 
Type decisionpremise.CoherenceRationaleSpec is not enhanced.

------------------------------------------------------------------------------------------------------------------------

[2018-08-23 12:59:21 #1 store] 
Database '/Users/safefy/git/BP18/Database/projectDB.odb' is opened by 883@MacFys-MacBook-Pro.local

[2018-08-23 12:59:22 #2 type] 
Type decisionprocess.DecisionProcessType is not enhanced.

[2018-08-23 12:59:22 #3 type] 
Type decisionpremise.RelevanceRelationType is not enhanced.

[2018-08-23 12:59:22 #4 type] 
Type organizationalunits.ParticipationRelationType is not enhanced.

[2018-08-23 12:59:22 #5 type] 
Type decisionprocess.StimulusType is not enhanced.

[2018-08-23 12:59:22 #6 type] 
Type decisionpremise.DecisionPremiseType is not enhanced.

[2018-08-23 12:59:22 #7 type] 
Type organizationalunits.OrganizationalUnitType is not enhanced.

[2018-08-23 12:59:22 #8 type] 
Type supportrequirements.SupportRequirementType is not enhanced.

[2018-08-23 12:59:22 #9 type] 
Type organizationalunits.BoardType is not enhanced.

[2018-08-23 12:59:22 #10 type] 
Type organizationalunits.UnitOfWorkType is not enhanced.

[2018-08-23 12:59:22 #11 type] 
Type organizationalunits.CommiteeType is not enhanced.

[2018-08-23 12:59:22 #12 type] 
Type organizationalunits.SingleUnitType is not enhanced.

[2018-08-23 12:59:22 #13 type] 
Type organizationalunits.PositionType is not enhanced.

[2018-08-23 12:59:22 #14 type] 
Type organizationalunits.RoleType is not enhanced.

[2018-08-23 12:59:22 #15 type] 
Type decisionpremise.ValueDecisionPremiseType is not enhanced.

[2018-08-23 12:59:22 #16 type] 
Type decisionpremise.AbstractGoalType is not enhanced.

[2018-08-23 12:59:22 #17 type] 
Type decisionpremise.DecisionGoalType is not enhanced.

[2018-08-23 12:59:22 #18 type] 
Type decisionpremise.Value is not enhanced.

[2018-08-23 12:59:22 #19 type] 
Type decisionpremise.OrdinalValue is not enhanced.

[2018-08-23 12:59:22 #20 type] 
Type decisionpremise.RationaleSpec is not enhanced.

[2018-08-23 12:59:22 #21 type] 
Type decisionpremise.EngagementGoalType is not enhanced.

[2018-08-23 12:59:22 #22 type] 
Type decisionpremise.SymbolicGoalType is not enhanced.

[2018-08-23 12:59:22 #23 type] 
Type decisionpremise.FactualDecisionPremiseType is not enhanced.

[2018-08-23 12:59:22 #24 type] 
Type decisionpremise.ActionVariableType is not enhanced.

[2018-08-23 12:59:22 #25 type] 
Type decisionpremise.PresumedInfluenceRelationType is not enhanced.

[2018-08-23 12:59:22 #26 type] 
Type decisionpremise.EnvironmentalFactorType is not enhanced.

[2018-08-23 12:59:22 #27 type] 
Type supportrequirements.InformationType is not enhanced.

[2018-08-23 12:59:22 #28 type] 
Type supportrequirements.InformationSystemType is not enhanced.

[2018-08-23 12:59:22 #29 type] 
Type supportrequirements.InformationNeedSatisfactionRelation is not enhanced.

[2018-08-23 12:59:22 #30 type] 
Type supportrequirements.AnalysisNeedSatisfactionRelationType is not enhanced.

[2018-08-23 12:59:22 #31 type] 
Type supportrequirements.InformationNeedType is not enhanced.

[2018-08-23 12:59:22 #32 type] 
Type supportrequirements.AnalysisNeedType is not enhanced.

[2018-08-23 12:59:22 #33 type] 
Type decisionpremise.CoherenceRationaleSpec is not enhanced.

------------------------------------------------------------------------------------------------------------------------

[2018-08-23 13:00:16 #1 store] 
Database '/Users/safefy/git/BP18/Database/projectDB.odb' is opened by 885@MacFys-MacBook-Pro.local

[2018-08-23 13:00:16 #2 type] 
Type decisionprocess.DecisionProcessType is not enhanced.

[2018-08-23 13:00:16 #3 type] 
Type decisionpremise.RelevanceRelationType is not enhanced.

[2018-08-23 13:00:16 #4 type] 
Type organizationalunits.ParticipationRelationType is not enhanced.

[2018-08-23 13:00:16 #5 type] 
Type decisionprocess.StimulusType is not enhanced.

[2018-08-23 13:00:16 #6 type] 
Type decisionpremise.DecisionPremiseType is not enhanced.

[2018-08-23 13:00:16 #7 type] 
Type organizationalunits.OrganizationalUnitType is not enhanced.

[2018-08-23 13:00:16 #8 type] 
Type supportrequirements.SupportRequirementType is not enhanced.

[2018-08-23 13:00:16 #9 type] 
Type organizationalunits.BoardType is not enhanced.

[2018-08-23 13:00:16 #10 type] 
Type organizationalunits.UnitOfWorkType is not enhanced.

[2018-08-23 13:00:16 #11 type] 
Type organizationalunits.CommiteeType is not enhanced.

[2018-08-23 13:00:16 #12 type] 
Type organizationalunits.SingleUnitType is not enhanced.

[2018-08-23 13:00:16 #13 type] 
Type organizationalunits.PositionType is not enhanced.

[2018-08-23 13:00:16 #14 type] 
Type organizationalunits.RoleType is not enhanced.

[2018-08-23 13:00:16 #15 type] 
Type decisionpremise.ValueDecisionPremiseType is not enhanced.

[2018-08-23 13:00:16 #16 type] 
Type decisionpremise.AbstractGoalType is not enhanced.

[2018-08-23 13:00:16 #17 type] 
Type decisionpremise.DecisionGoalType is not enhanced.

[2018-08-23 13:00:16 #18 type] 
Type decisionpremise.Value is not enhanced.

[2018-08-23 13:00:16 #19 type] 
Type decisionpremise.OrdinalValue is not enhanced.

[2018-08-23 13:00:16 #20 type] 
Type decisionpremise.RationaleSpec is not enhanced.

[2018-08-23 13:00:16 #21 type] 
Type decisionpremise.EngagementGoalType is not enhanced.

[2018-08-23 13:00:16 #22 type] 
Type decisionpremise.SymbolicGoalType is not enhanced.

[2018-08-23 13:00:16 #23 type] 
Type decisionpremise.FactualDecisionPremiseType is not enhanced.

[2018-08-23 13:00:16 #24 type] 
Type decisionpremise.ActionVariableType is not enhanced.

[2018-08-23 13:00:16 #25 type] 
Type decisionpremise.PresumedInfluenceRelationType is not enhanced.

[2018-08-23 13:00:16 #26 type] 
Type decisionpremise.EnvironmentalFactorType is not enhanced.

[2018-08-23 13:00:16 #27 type] 
Type supportrequirements.InformationType is not enhanced.

[2018-08-23 13:00:16 #28 type] 
Type supportrequirements.InformationSystemType is not enhanced.

[2018-08-23 13:00:16 #29 type] 
Type supportrequirements.InformationNeedSatisfactionRelation is not enhanced.

[2018-08-23 13:00:16 #30 type] 
Type supportrequirements.AnalysisNeedSatisfactionRelationType is not enhanced.

[2018-08-23 13:00:16 #31 type] 
Type supportrequirements.InformationNeedType is not enhanced.

[2018-08-23 13:00:16 #32 type] 
Type supportrequirements.AnalysisNeedType is not enhanced.

[2018-08-23 13:00:16 #33 type] 
Type decisionpremise.CoherenceRationaleSpec is not enhanced.

------------------------------------------------------------------------------------------------------------------------

[2018-08-23 13:04:22 #1 store] 
Database '/Users/safefy/git/BP18/Database/projectDB.odb' is opened by 887@MacFys-MacBook-Pro.local

[2018-08-23 13:04:22 #2 type] 
Type decisionprocess.DecisionProcessType is not enhanced.

[2018-08-23 13:04:22 #3 type] 
Type decisionpremise.RelevanceRelationType is not enhanced.

[2018-08-23 13:04:22 #4 type] 
Type organizationalunits.ParticipationRelationType is not enhanced.

[2018-08-23 13:04:22 #5 type] 
Type decisionprocess.StimulusType is not enhanced.

[2018-08-23 13:04:22 #6 type] 
Type decisionpremise.DecisionPremiseType is not enhanced.

[2018-08-23 13:04:22 #7 type] 
Type organizationalunits.OrganizationalUnitType is not enhanced.

[2018-08-23 13:04:22 #8 type] 
Type supportrequirements.SupportRequirementType is not enhanced.

[2018-08-23 13:04:22 #9 type] 
Type organizationalunits.BoardType is not enhanced.

[2018-08-23 13:04:22 #10 type] 
Type organizationalunits.UnitOfWorkType is not enhanced.

[2018-08-23 13:04:22 #11 type] 
Type organizationalunits.CommiteeType is not enhanced.

[2018-08-23 13:04:22 #12 type] 
Type organizationalunits.SingleUnitType is not enhanced.

[2018-08-23 13:04:22 #13 type] 
Type organizationalunits.PositionType is not enhanced.

[2018-08-23 13:04:22 #14 type] 
Type organizationalunits.RoleType is not enhanced.

[2018-08-23 13:04:22 #15 type] 
Type decisionpremise.ValueDecisionPremiseType is not enhanced.

[2018-08-23 13:04:22 #16 type] 
Type decisionpremise.AbstractGoalType is not enhanced.

[2018-08-23 13:04:22 #17 type] 
Type decisionpremise.DecisionGoalType is not enhanced.

[2018-08-23 13:04:22 #18 type] 
Type decisionpremise.Value is not enhanced.

[2018-08-23 13:04:22 #19 type] 
Type decisionpremise.OrdinalValue is not enhanced.

[2018-08-23 13:04:22 #20 type] 
Type decisionpremise.RationaleSpec is not enhanced.

[2018-08-23 13:04:22 #21 type] 
Type decisionpremise.EngagementGoalType is not enhanced.

[2018-08-23 13:04:22 #22 type] 
Type decisionpremise.SymbolicGoalType is not enhanced.

[2018-08-23 13:04:22 #23 type] 
Type decisionpremise.FactualDecisionPremiseType is not enhanced.

[2018-08-23 13:04:22 #24 type] 
Type decisionpremise.ActionVariableType is not enhanced.

[2018-08-23 13:04:22 #25 type] 
Type decisionpremise.PresumedInfluenceRelationType is not enhanced.

[2018-08-23 13:04:22 #26 type] 
Type decisionpremise.EnvironmentalFactorType is not enhanced.

[2018-08-23 13:04:22 #27 type] 
Type supportrequirements.InformationType is not enhanced.

[2018-08-23 13:04:22 #28 type] 
Type supportrequirements.InformationSystemType is not enhanced.

[2018-08-23 13:04:22 #29 type] 
Type supportrequirements.InformationNeedSatisfactionRelation is not enhanced.

[2018-08-23 13:04:22 #30 type] 
Type supportrequirements.AnalysisNeedSatisfactionRelationType is not enhanced.

[2018-08-23 13:04:22 #31 type] 
Type supportrequirements.InformationNeedType is not enhanced.

[2018-08-23 13:04:22 #32 type] 
Type supportrequirements.AnalysisNeedType is not enhanced.

[2018-08-23 13:04:22 #33 type] 
Type decisionpremise.CoherenceRationaleSpec is not enhanced.

------------------------------------------------------------------------------------------------------------------------

[2018-08-23 13:04:47 #1 store] 
Database '/Users/safefy/git/BP18/Database/projectDB.odb' is opened by 888@MacFys-MacBook-Pro.local

[2018-08-23 13:04:47 #2 type] 
Type decisionprocess.DecisionProcessType is not enhanced.

[2018-08-23 13:04:47 #3 type] 
Type decisionpremise.RelevanceRelationType is not enhanced.

[2018-08-23 13:04:47 #4 type] 
Type organizationalunits.ParticipationRelationType is not enhanced.

[2018-08-23 13:04:47 #5 type] 
Type decisionprocess.StimulusType is not enhanced.

[2018-08-23 13:04:47 #6 type] 
Type decisionpremise.DecisionPremiseType is not enhanced.

[2018-08-23 13:04:47 #7 type] 
Type organizationalunits.OrganizationalUnitType is not enhanced.

[2018-08-23 13:04:47 #8 type] 
Type supportrequirements.SupportRequirementType is not enhanced.

[2018-08-23 13:04:47 #9 type] 
Type organizationalunits.BoardType is not enhanced.

[2018-08-23 13:04:47 #10 type] 
Type organizationalunits.UnitOfWorkType is not enhanced.

[2018-08-23 13:04:47 #11 type] 
Type organizationalunits.CommiteeType is not enhanced.

[2018-08-23 13:04:47 #12 type] 
Type organizationalunits.SingleUnitType is not enhanced.

[2018-08-23 13:04:47 #13 type] 
Type organizationalunits.PositionType is not enhanced.

[2018-08-23 13:04:47 #14 type] 
Type organizationalunits.RoleType is not enhanced.

[2018-08-23 13:04:47 #15 type] 
Type decisionpremise.ValueDecisionPremiseType is not enhanced.

[2018-08-23 13:04:47 #16 type] 
Type decisionpremise.AbstractGoalType is not enhanced.

[2018-08-23 13:04:47 #17 type] 
Type decisionpremise.DecisionGoalType is not enhanced.

[2018-08-23 13:04:47 #18 type] 
Type decisionpremise.Value is not enhanced.

[2018-08-23 13:04:47 #19 type] 
Type decisionpremise.OrdinalValue is not enhanced.

[2018-08-23 13:04:47 #20 type] 
Type decisionpremise.RationaleSpec is not enhanced.

[2018-08-23 13:04:47 #21 type] 
Type decisionpremise.EngagementGoalType is not enhanced.

[2018-08-23 13:04:47 #22 type] 
Type decisionpremise.SymbolicGoalType is not enhanced.

[2018-08-23 13:04:47 #23 type] 
Type decisionpremise.FactualDecisionPremiseType is not enhanced.

[2018-08-23 13:04:47 #24 type] 
Type decisionpremise.ActionVariableType is not enhanced.

[2018-08-23 13:04:47 #25 type] 
Type decisionpremise.PresumedInfluenceRelationType is not enhanced.

[2018-08-23 13:04:47 #26 type] 
Type decisionpremise.EnvironmentalFactorType is not enhanced.

[2018-08-23 13:04:47 #27 type] 
Type supportrequirements.InformationType is not enhanced.

[2018-08-23 13:04:47 #28 type] 
Type supportrequirements.InformationSystemType is not enhanced.

[2018-08-23 13:04:47 #29 type] 
Type supportrequirements.InformationNeedSatisfactionRelation is not enhanced.

[2018-08-23 13:04:47 #30 type] 
Type supportrequirements.AnalysisNeedSatisfactionRelationType is not enhanced.

[2018-08-23 13:04:47 #31 type] 
Type supportrequirements.InformationNeedType is not enhanced.

[2018-08-23 13:04:47 #32 type] 
Type supportrequirements.AnalysisNeedType is not enhanced.

[2018-08-23 13:04:47 #33 type] 
Type decisionpremise.CoherenceRationaleSpec is not enhanced.

------------------------------------------------------------------------------------------------------------------------

[2018-08-23 13:05:52 #1 store] 
Database '/Users/safefy/git/BP18/Database/projectDB.odb' is opened by 889@MacFys-MacBook-Pro.local

[2018-08-23 13:05:52 #2 type] 
Type decisionprocess.DecisionProcessType is not enhanced.

[2018-08-23 13:05:52 #3 type] 
Type decisionpremise.RelevanceRelationType is not enhanced.

[2018-08-23 13:05:52 #4 type] 
Type organizationalunits.ParticipationRelationType is not enhanced.

[2018-08-23 13:05:52 #5 type] 
Type decisionprocess.StimulusType is not enhanced.

[2018-08-23 13:05:52 #6 type] 
Type decisionpremise.DecisionPremiseType is not enhanced.

[2018-08-23 13:05:52 #7 type] 
Type organizationalunits.OrganizationalUnitType is not enhanced.

[2018-08-23 13:05:52 #8 type] 
Type supportrequirements.SupportRequirementType is not enhanced.

[2018-08-23 13:05:52 #9 type] 
Type organizationalunits.BoardType is not enhanced.

[2018-08-23 13:05:52 #10 type] 
Type organizationalunits.UnitOfWorkType is not enhanced.

[2018-08-23 13:05:52 #11 type] 
Type organizationalunits.CommiteeType is not enhanced.

[2018-08-23 13:05:52 #12 type] 
Type organizationalunits.SingleUnitType is not enhanced.

[2018-08-23 13:05:52 #13 type] 
Type organizationalunits.PositionType is not enhanced.

[2018-08-23 13:05:52 #14 type] 
Type organizationalunits.RoleType is not enhanced.

[2018-08-23 13:05:52 #15 type] 
Type decisionpremise.ValueDecisionPremiseType is not enhanced.

[2018-08-23 13:05:52 #16 type] 
Type decisionpremise.AbstractGoalType is not enhanced.

[2018-08-23 13:05:52 #17 type] 
Type decisionpremise.DecisionGoalType is not enhanced.

[2018-08-23 13:05:52 #18 type] 
Type decisionpremise.Value is not enhanced.

[2018-08-23 13:05:52 #19 type] 
Type decisionpremise.OrdinalValue is not enhanced.

[2018-08-23 13:05:52 #20 type] 
Type decisionpremise.RationaleSpec is not enhanced.

[2018-08-23 13:05:52 #21 type] 
Type decisionpremise.EngagementGoalType is not enhanced.

[2018-08-23 13:05:52 #22 type] 
Type decisionpremise.SymbolicGoalType is not enhanced.

[2018-08-23 13:05:52 #23 type] 
Type decisionpremise.FactualDecisionPremiseType is not enhanced.

[2018-08-23 13:05:52 #24 type] 
Type decisionpremise.ActionVariableType is not enhanced.

[2018-08-23 13:05:52 #25 type] 
Type decisionpremise.PresumedInfluenceRelationType is not enhanced.

[2018-08-23 13:05:52 #26 type] 
Type decisionpremise.EnvironmentalFactorType is not enhanced.

[2018-08-23 13:05:52 #27 type] 
Type supportrequirements.InformationType is not enhanced.

[2018-08-23 13:05:52 #28 type] 
Type supportrequirements.InformationSystemType is not enhanced.

[2018-08-23 13:05:52 #29 type] 
Type supportrequirements.InformationNeedSatisfactionRelation is not enhanced.

[2018-08-23 13:05:52 #30 type] 
Type supportrequirements.AnalysisNeedSatisfactionRelationType is not enhanced.

[2018-08-23 13:05:52 #31 type] 
Type supportrequirements.InformationNeedType is not enhanced.

[2018-08-23 13:05:52 #32 type] 
Type supportrequirements.AnalysisNeedType is not enhanced.

[2018-08-23 13:05:52 #33 type] 
Type decisionpremise.CoherenceRationaleSpec is not enhanced.

------------------------------------------------------------------------------------------------------------------------

[2018-08-23 13:07:10 #1 store] 
Database '/Users/safefy/git/BP18/Database/projectDB.odb' is opened by 892@MacFys-MacBook-Pro.local

[2018-08-23 13:07:10 #2 type] 
Type decisionprocess.DecisionProcessType is not enhanced.

[2018-08-23 13:07:10 #3 type] 
Type decisionpremise.RelevanceRelationType is not enhanced.

[2018-08-23 13:07:10 #4 type] 
Type organizationalunits.ParticipationRelationType is not enhanced.

[2018-08-23 13:07:10 #5 type] 
Type decisionprocess.StimulusType is not enhanced.

[2018-08-23 13:07:10 #6 type] 
Type decisionpremise.DecisionPremiseType is not enhanced.

[2018-08-23 13:07:10 #7 type] 
Type organizationalunits.OrganizationalUnitType is not enhanced.

[2018-08-23 13:07:10 #8 type] 
Type supportrequirements.SupportRequirementType is not enhanced.

[2018-08-23 13:07:10 #9 type] 
Type organizationalunits.BoardType is not enhanced.

[2018-08-23 13:07:10 #10 type] 
Type organizationalunits.UnitOfWorkType is not enhanced.

[2018-08-23 13:07:10 #11 type] 
Type organizationalunits.CommiteeType is not enhanced.

[2018-08-23 13:07:10 #12 type] 
Type organizationalunits.SingleUnitType is not enhanced.

[2018-08-23 13:07:10 #13 type] 
Type organizationalunits.PositionType is not enhanced.

[2018-08-23 13:07:10 #14 type] 
Type organizationalunits.RoleType is not enhanced.

[2018-08-23 13:07:10 #15 type] 
Type decisionpremise.ValueDecisionPremiseType is not enhanced.

[2018-08-23 13:07:10 #16 type] 
Type decisionpremise.AbstractGoalType is not enhanced.

[2018-08-23 13:07:10 #17 type] 
Type decisionpremise.DecisionGoalType is not enhanced.

[2018-08-23 13:07:10 #18 type] 
Type decisionpremise.Value is not enhanced.

[2018-08-23 13:07:10 #19 type] 
Type decisionpremise.OrdinalValue is not enhanced.

[2018-08-23 13:07:10 #20 type] 
Type decisionpremise.RationaleSpec is not enhanced.

[2018-08-23 13:07:10 #21 type] 
Type decisionpremise.EngagementGoalType is not enhanced.

[2018-08-23 13:07:10 #22 type] 
Type decisionpremise.SymbolicGoalType is not enhanced.

[2018-08-23 13:07:10 #23 type] 
Type decisionpremise.FactualDecisionPremiseType is not enhanced.

[2018-08-23 13:07:10 #24 type] 
Type decisionpremise.ActionVariableType is not enhanced.

[2018-08-23 13:07:10 #25 type] 
Type decisionpremise.PresumedInfluenceRelationType is not enhanced.

[2018-08-23 13:07:10 #26 type] 
Type decisionpremise.EnvironmentalFactorType is not enhanced.

[2018-08-23 13:07:11 #27 type] 
Type supportrequirements.InformationType is not enhanced.

[2018-08-23 13:07:11 #28 type] 
Type supportrequirements.InformationSystemType is not enhanced.

[2018-08-23 13:07:11 #29 type] 
Type supportrequirements.InformationNeedSatisfactionRelation is not enhanced.

[2018-08-23 13:07:11 #30 type] 
Type supportrequirements.AnalysisNeedSatisfactionRelationType is not enhanced.

[2018-08-23 13:07:11 #31 type] 
Type supportrequirements.InformationNeedType is not enhanced.

[2018-08-23 13:07:11 #32 type] 
Type supportrequirements.AnalysisNeedType is not enhanced.

[2018-08-23 13:07:11 #33 type] 
Type decisionpremise.CoherenceRationaleSpec is not enhanced.

------------------------------------------------------------------------------------------------------------------------

[2018-08-23 13:08:25 #1 store] 
Database '/Users/safefy/git/BP18/Database/projectDB.odb' is opened by 894@MacFys-MacBook-Pro.local

[2018-08-23 13:08:25 #2 type] 
Type decisionprocess.DecisionProcessType is not enhanced.

[2018-08-23 13:08:25 #3 type] 
Type decisionpremise.RelevanceRelationType is not enhanced.

[2018-08-23 13:08:25 #4 type] 
Type organizationalunits.ParticipationRelationType is not enhanced.

[2018-08-23 13:08:25 #5 type] 
Type decisionprocess.StimulusType is not enhanced.

[2018-08-23 13:08:25 #6 type] 
Type decisionpremise.DecisionPremiseType is not enhanced.

[2018-08-23 13:08:25 #7 type] 
Type organizationalunits.OrganizationalUnitType is not enhanced.

[2018-08-23 13:08:25 #8 type] 
Type supportrequirements.SupportRequirementType is not enhanced.

[2018-08-23 13:08:25 #9 type] 
Type organizationalunits.BoardType is not enhanced.

[2018-08-23 13:08:25 #10 type] 
Type organizationalunits.UnitOfWorkType is not enhanced.

[2018-08-23 13:08:25 #11 type] 
Type organizationalunits.CommiteeType is not enhanced.

[2018-08-23 13:08:25 #12 type] 
Type organizationalunits.SingleUnitType is not enhanced.

[2018-08-23 13:08:25 #13 type] 
Type organizationalunits.PositionType is not enhanced.

[2018-08-23 13:08:25 #14 type] 
Type organizationalunits.RoleType is not enhanced.

[2018-08-23 13:08:25 #15 type] 
Type decisionpremise.ValueDecisionPremiseType is not enhanced.

[2018-08-23 13:08:25 #16 type] 
Type decisionpremise.AbstractGoalType is not enhanced.

[2018-08-23 13:08:25 #17 type] 
Type decisionpremise.DecisionGoalType is not enhanced.

[2018-08-23 13:08:25 #18 type] 
Type decisionpremise.Value is not enhanced.

[2018-08-23 13:08:25 #19 type] 
Type decisionpremise.OrdinalValue is not enhanced.

[2018-08-23 13:08:25 #20 type] 
Type decisionpremise.RationaleSpec is not enhanced.

[2018-08-23 13:08:25 #21 type] 
Type decisionpremise.EngagementGoalType is not enhanced.

[2018-08-23 13:08:25 #22 type] 
Type decisionpremise.SymbolicGoalType is not enhanced.

[2018-08-23 13:08:25 #23 type] 
Type decisionpremise.FactualDecisionPremiseType is not enhanced.

[2018-08-23 13:08:25 #24 type] 
Type decisionpremise.ActionVariableType is not enhanced.

[2018-08-23 13:08:25 #25 type] 
Type decisionpremise.PresumedInfluenceRelationType is not enhanced.

[2018-08-23 13:08:25 #26 type] 
Type decisionpremise.EnvironmentalFactorType is not enhanced.

[2018-08-23 13:08:25 #27 type] 
Type supportrequirements.InformationType is not enhanced.

[2018-08-23 13:08:25 #28 type] 
Type supportrequirements.InformationSystemType is not enhanced.

[2018-08-23 13:08:25 #29 type] 
Type supportrequirements.InformationNeedSatisfactionRelation is not enhanced.

[2018-08-23 13:08:25 #30 type] 
Type supportrequirements.AnalysisNeedSatisfactionRelationType is not enhanced.

[2018-08-23 13:08:25 #31 type] 
Type supportrequirements.InformationNeedType is not enhanced.

[2018-08-23 13:08:25 #32 type] 
Type supportrequirements.AnalysisNeedType is not enhanced.

[2018-08-23 13:08:25 #33 type] 
Type decisionpremise.CoherenceRationaleSpec is not enhanced.

------------------------------------------------------------------------------------------------------------------------

[2018-08-23 15:57:31 #1 store] 
Database '/Users/safefy/git/BP18/Database/projectDB.odb' is opened by 1035@MacFys-MacBook-Pro.local

[2018-08-23 15:57:31 #2 type] 
Type decisionprocess.DecisionProcessType is not enhanced.

[2018-08-23 15:57:31 #3 type] 
Type decisionpremise.RelevanceRelationType is not enhanced.

[2018-08-23 15:57:31 #4 type] 
Type organizationalunits.ParticipationRelationType is not enhanced.

[2018-08-23 15:57:31 #5 type] 
Type decisionprocess.StimulusType is not enhanced.

[2018-08-23 15:57:31 #6 type] 
Type decisionpremise.DecisionPremiseType is not enhanced.

[2018-08-23 15:57:31 #7 type] 
Type organizationalunits.OrganizationalUnitType is not enhanced.

[2018-08-23 15:57:31 #8 type] 
Type supportrequirements.SupportRequirementType is not enhanced.

[2018-08-23 15:57:31 #9 type] 
Type organizationalunits.BoardType is not enhanced.

[2018-08-23 15:57:31 #10 type] 
Type organizationalunits.UnitOfWorkType is not enhanced.

[2018-08-23 15:57:31 #11 type] 
Type organizationalunits.CommiteeType is not enhanced.

[2018-08-23 15:57:31 #12 type] 
Type organizationalunits.SingleUnitType is not enhanced.

[2018-08-23 15:57:31 #13 type] 
Type organizationalunits.PositionType is not enhanced.

[2018-08-23 15:57:31 #14 type] 
Type organizationalunits.RoleType is not enhanced.

[2018-08-23 15:57:31 #15 type] 
Type decisionpremise.ValueDecisionPremiseType is not enhanced.

[2018-08-23 15:57:31 #16 type] 
Type decisionpremise.AbstractGoalType is not enhanced.

[2018-08-23 15:57:31 #17 type] 
Type decisionpremise.DecisionGoalType is not enhanced.

[2018-08-23 15:57:31 #18 type] 
Type decisionpremise.Value is not enhanced.

[2018-08-23 15:57:31 #19 type] 
Type decisionpremise.OrdinalValue is not enhanced.

[2018-08-23 15:57:31 #20 type] 
Type decisionpremise.RationaleSpec is not enhanced.

[2018-08-23 15:57:31 #21 type] 
Type decisionpremise.EngagementGoalType is not enhanced.

[2018-08-23 15:57:31 #22 type] 
Type decisionpremise.SymbolicGoalType is not enhanced.

[2018-08-23 15:57:31 #23 type] 
Type decisionpremise.FactualDecisionPremiseType is not enhanced.

[2018-08-23 15:57:31 #24 type] 
Type decisionpremise.ActionVariableType is not enhanced.

[2018-08-23 15:57:31 #25 type] 
Type decisionpremise.PresumedInfluenceRelationType is not enhanced.

[2018-08-23 15:57:31 #26 type] 
Type decisionpremise.EnvironmentalFactorType is not enhanced.

[2018-08-23 15:57:31 #27 type] 
Type supportrequirements.InformationType is not enhanced.

[2018-08-23 15:57:31 #28 type] 
Type supportrequirements.InformationSystemType is not enhanced.

[2018-08-23 15:57:31 #29 type] 
Type supportrequirements.InformationNeedSatisfactionRelation is not enhanced.

[2018-08-23 15:57:31 #30 type] 
Type supportrequirements.AnalysisNeedSatisfactionRelationType is not enhanced.

[2018-08-23 15:57:31 #31 type] 
Type supportrequirements.InformationNeedType is not enhanced.

[2018-08-23 15:57:31 #32 type] 
Type supportrequirements.AnalysisNeedType is not enhanced.

[2018-08-23 15:57:31 #33 type] 
Type decisionpremise.CoherenceRationaleSpec is not enhanced.

------------------------------------------------------------------------------------------------------------------------

[2018-08-23 15:58:15 #1 store] 
Database '/Users/safefy/git/BP18/Database/projectDB.odb' is opened by 1037@MacFys-MacBook-Pro.local

[2018-08-23 15:58:15 #2 type] 
Type decisionprocess.DecisionProcessType is not enhanced.

[2018-08-23 15:58:15 #3 type] 
Type decisionpremise.RelevanceRelationType is not enhanced.

[2018-08-23 15:58:15 #4 type] 
Type organizationalunits.ParticipationRelationType is not enhanced.

[2018-08-23 15:58:15 #5 type] 
Type decisionprocess.StimulusType is not enhanced.

[2018-08-23 15:58:15 #6 type] 
Type decisionpremise.DecisionPremiseType is not enhanced.

[2018-08-23 15:58:15 #7 type] 
Type organizationalunits.OrganizationalUnitType is not enhanced.

[2018-08-23 15:58:15 #8 type] 
Type supportrequirements.SupportRequirementType is not enhanced.

[2018-08-23 15:58:15 #9 type] 
Type organizationalunits.BoardType is not enhanced.

[2018-08-23 15:58:15 #10 type] 
Type organizationalunits.UnitOfWorkType is not enhanced.

[2018-08-23 15:58:15 #11 type] 
Type organizationalunits.CommiteeType is not enhanced.

[2018-08-23 15:58:15 #12 type] 
Type organizationalunits.SingleUnitType is not enhanced.

[2018-08-23 15:58:15 #13 type] 
Type organizationalunits.PositionType is not enhanced.

[2018-08-23 15:58:15 #14 type] 
Type organizationalunits.RoleType is not enhanced.

[2018-08-23 15:58:15 #15 type] 
Type decisionpremise.ValueDecisionPremiseType is not enhanced.

[2018-08-23 15:58:15 #16 type] 
Type decisionpremise.AbstractGoalType is not enhanced.

[2018-08-23 15:58:15 #17 type] 
Type decisionpremise.DecisionGoalType is not enhanced.

[2018-08-23 15:58:15 #18 type] 
Type decisionpremise.Value is not enhanced.

[2018-08-23 15:58:15 #19 type] 
Type decisionpremise.OrdinalValue is not enhanced.

[2018-08-23 15:58:15 #20 type] 
Type decisionpremise.RationaleSpec is not enhanced.

[2018-08-23 15:58:15 #21 type] 
Type decisionpremise.EngagementGoalType is not enhanced.

[2018-08-23 15:58:15 #22 type] 
Type decisionpremise.SymbolicGoalType is not enhanced.

[2018-08-23 15:58:15 #23 type] 
Type decisionpremise.FactualDecisionPremiseType is not enhanced.

[2018-08-23 15:58:15 #24 type] 
Type decisionpremise.ActionVariableType is not enhanced.

[2018-08-23 15:58:15 #25 type] 
Type decisionpremise.PresumedInfluenceRelationType is not enhanced.

[2018-08-23 15:58:15 #26 type] 
Type decisionpremise.EnvironmentalFactorType is not enhanced.

[2018-08-23 15:58:15 #27 type] 
Type supportrequirements.InformationType is not enhanced.

[2018-08-23 15:58:15 #28 type] 
Type supportrequirements.InformationSystemType is not enhanced.

[2018-08-23 15:58:15 #29 type] 
Type supportrequirements.InformationNeedSatisfactionRelation is not enhanced.

[2018-08-23 15:58:15 #30 type] 
Type supportrequirements.AnalysisNeedSatisfactionRelationType is not enhanced.

[2018-08-23 15:58:15 #31 type] 
Type supportrequirements.InformationNeedType is not enhanced.

[2018-08-23 15:58:15 #32 type] 
Type supportrequirements.AnalysisNeedType is not enhanced.

[2018-08-23 15:58:15 #33 type] 
Type decisionpremise.CoherenceRationaleSpec is not enhanced.

------------------------------------------------------------------------------------------------------------------------

[2018-08-23 15:59:01 #1 store] 
Database '/Users/safefy/git/BP18/Database/projectDB.odb' is opened by 1040@MacFys-MacBook-Pro.local

[2018-08-23 15:59:02 #2 type] 
Type decisionprocess.DecisionProcessType is not enhanced.

[2018-08-23 15:59:02 #3 type] 
Type decisionpremise.RelevanceRelationType is not enhanced.

[2018-08-23 15:59:02 #4 type] 
Type organizationalunits.ParticipationRelationType is not enhanced.

[2018-08-23 15:59:02 #5 type] 
Type decisionprocess.StimulusType is not enhanced.

[2018-08-23 15:59:02 #6 type] 
Type decisionpremise.DecisionPremiseType is not enhanced.

[2018-08-23 15:59:02 #7 type] 
Type organizationalunits.OrganizationalUnitType is not enhanced.

[2018-08-23 15:59:02 #8 type] 
Type supportrequirements.SupportRequirementType is not enhanced.

[2018-08-23 15:59:02 #9 type] 
Type organizationalunits.BoardType is not enhanced.

[2018-08-23 15:59:02 #10 type] 
Type organizationalunits.UnitOfWorkType is not enhanced.

[2018-08-23 15:59:02 #11 type] 
Type organizationalunits.CommiteeType is not enhanced.

[2018-08-23 15:59:02 #12 type] 
Type organizationalunits.SingleUnitType is not enhanced.

[2018-08-23 15:59:02 #13 type] 
Type organizationalunits.PositionType is not enhanced.

[2018-08-23 15:59:02 #14 type] 
Type organizationalunits.RoleType is not enhanced.

[2018-08-23 15:59:02 #15 type] 
Type decisionpremise.ValueDecisionPremiseType is not enhanced.

[2018-08-23 15:59:02 #16 type] 
Type decisionpremise.AbstractGoalType is not enhanced.

[2018-08-23 15:59:02 #17 type] 
Type decisionpremise.DecisionGoalType is not enhanced.

[2018-08-23 15:59:02 #18 type] 
Type decisionpremise.Value is not enhanced.

[2018-08-23 15:59:02 #19 type] 
Type decisionpremise.OrdinalValue is not enhanced.

[2018-08-23 15:59:02 #20 type] 
Type decisionpremise.RationaleSpec is not enhanced.

[2018-08-23 15:59:02 #21 type] 
Type decisionpremise.EngagementGoalType is not enhanced.

[2018-08-23 15:59:02 #22 type] 
Type decisionpremise.SymbolicGoalType is not enhanced.

[2018-08-23 15:59:02 #23 type] 
Type decisionpremise.FactualDecisionPremiseType is not enhanced.

[2018-08-23 15:59:02 #24 type] 
Type decisionpremise.ActionVariableType is not enhanced.

[2018-08-23 15:59:02 #25 type] 
Type decisionpremise.PresumedInfluenceRelationType is not enhanced.

[2018-08-23 15:59:02 #26 type] 
Type decisionpremise.EnvironmentalFactorType is not enhanced.

[2018-08-23 15:59:02 #27 type] 
Type supportrequirements.InformationType is not enhanced.

[2018-08-23 15:59:02 #28 type] 
Type supportrequirements.InformationSystemType is not enhanced.

[2018-08-23 15:59:02 #29 type] 
Type supportrequirements.InformationNeedSatisfactionRelation is not enhanced.

[2018-08-23 15:59:02 #30 type] 
Type supportrequirements.AnalysisNeedSatisfactionRelationType is not enhanced.

[2018-08-23 15:59:02 #31 type] 
Type supportrequirements.InformationNeedType is not enhanced.

[2018-08-23 15:59:02 #32 type] 
Type supportrequirements.AnalysisNeedType is not enhanced.

[2018-08-23 15:59:02 #33 type] 
Type decisionpremise.CoherenceRationaleSpec is not enhanced.

------------------------------------------------------------------------------------------------------------------------

[2018-08-23 15:59:26 #1 store] 
Database '/Users/safefy/git/BP18/Database/projectDB.odb' is opened by 1041@MacFys-MacBook-Pro.local

[2018-08-23 15:59:26 #2 type] 
Type decisionprocess.DecisionProcessType is not enhanced.

[2018-08-23 15:59:26 #3 type] 
Type decisionpremise.RelevanceRelationType is not enhanced.

[2018-08-23 15:59:26 #4 type] 
Type organizationalunits.ParticipationRelationType is not enhanced.

[2018-08-23 15:59:26 #5 type] 
Type decisionprocess.StimulusType is not enhanced.

[2018-08-23 15:59:26 #6 type] 
Type decisionpremise.DecisionPremiseType is not enhanced.

[2018-08-23 15:59:26 #7 type] 
Type organizationalunits.OrganizationalUnitType is not enhanced.

[2018-08-23 15:59:26 #8 type] 
Type supportrequirements.SupportRequirementType is not enhanced.

[2018-08-23 15:59:26 #9 type] 
Type organizationalunits.BoardType is not enhanced.

[2018-08-23 15:59:26 #10 type] 
Type organizationalunits.UnitOfWorkType is not enhanced.

[2018-08-23 15:59:26 #11 type] 
Type organizationalunits.CommiteeType is not enhanced.

[2018-08-23 15:59:26 #12 type] 
Type organizationalunits.SingleUnitType is not enhanced.

[2018-08-23 15:59:26 #13 type] 
Type organizationalunits.PositionType is not enhanced.

[2018-08-23 15:59:26 #14 type] 
Type organizationalunits.RoleType is not enhanced.

[2018-08-23 15:59:26 #15 type] 
Type decisionpremise.ValueDecisionPremiseType is not enhanced.

[2018-08-23 15:59:26 #16 type] 
Type decisionpremise.AbstractGoalType is not enhanced.

[2018-08-23 15:59:26 #17 type] 
Type decisionpremise.DecisionGoalType is not enhanced.

[2018-08-23 15:59:26 #18 type] 
Type decisionpremise.Value is not enhanced.

[2018-08-23 15:59:26 #19 type] 
Type decisionpremise.OrdinalValue is not enhanced.

[2018-08-23 15:59:26 #20 type] 
Type decisionpremise.RationaleSpec is not enhanced.

[2018-08-23 15:59:26 #21 type] 
Type decisionpremise.EngagementGoalType is not enhanced.

[2018-08-23 15:59:26 #22 type] 
Type decisionpremise.SymbolicGoalType is not enhanced.

[2018-08-23 15:59:26 #23 type] 
Type decisionpremise.FactualDecisionPremiseType is not enhanced.

[2018-08-23 15:59:26 #24 type] 
Type decisionpremise.ActionVariableType is not enhanced.

[2018-08-23 15:59:26 #25 type] 
Type decisionpremise.PresumedInfluenceRelationType is not enhanced.

[2018-08-23 15:59:26 #26 type] 
Type decisionpremise.EnvironmentalFactorType is not enhanced.

[2018-08-23 15:59:26 #27 type] 
Type supportrequirements.InformationType is not enhanced.

[2018-08-23 15:59:26 #28 type] 
Type supportrequirements.InformationSystemType is not enhanced.

[2018-08-23 15:59:26 #29 type] 
Type supportrequirements.InformationNeedSatisfactionRelation is not enhanced.

[2018-08-23 15:59:26 #30 type] 
Type supportrequirements.AnalysisNeedSatisfactionRelationType is not enhanced.

[2018-08-23 15:59:26 #31 type] 
Type supportrequirements.InformationNeedType is not enhanced.

[2018-08-23 15:59:26 #32 type] 
Type supportrequirements.AnalysisNeedType is not enhanced.

[2018-08-23 15:59:26 #33 type] 
Type decisionpremise.CoherenceRationaleSpec is not enhanced.

------------------------------------------------------------------------------------------------------------------------

[2018-08-23 16:00:02 #1 store] 
Database '/Users/safefy/git/BP18/Database/projectDB.odb' is opened by 1042@MacFys-MacBook-Pro.local

[2018-08-23 16:00:02 #2 type] 
Type decisionprocess.DecisionProcessType is not enhanced.

[2018-08-23 16:00:02 #3 type] 
Type decisionpremise.RelevanceRelationType is not enhanced.

[2018-08-23 16:00:02 #4 type] 
Type organizationalunits.ParticipationRelationType is not enhanced.

[2018-08-23 16:00:02 #5 type] 
Type decisionprocess.StimulusType is not enhanced.

[2018-08-23 16:00:02 #6 type] 
Type decisionpremise.DecisionPremiseType is not enhanced.

[2018-08-23 16:00:02 #7 type] 
Type organizationalunits.OrganizationalUnitType is not enhanced.

[2018-08-23 16:00:02 #8 type] 
Type supportrequirements.SupportRequirementType is not enhanced.

[2018-08-23 16:00:02 #9 type] 
Type organizationalunits.BoardType is not enhanced.

[2018-08-23 16:00:02 #10 type] 
Type organizationalunits.UnitOfWorkType is not enhanced.

[2018-08-23 16:00:02 #11 type] 
Type organizationalunits.CommiteeType is not enhanced.

[2018-08-23 16:00:02 #12 type] 
Type organizationalunits.SingleUnitType is not enhanced.

[2018-08-23 16:00:02 #13 type] 
Type organizationalunits.PositionType is not enhanced.

[2018-08-23 16:00:02 #14 type] 
Type organizationalunits.RoleType is not enhanced.

[2018-08-23 16:00:02 #15 type] 
Type decisionpremise.ValueDecisionPremiseType is not enhanced.

[2018-08-23 16:00:02 #16 type] 
Type decisionpremise.AbstractGoalType is not enhanced.

[2018-08-23 16:00:02 #17 type] 
Type decisionpremise.DecisionGoalType is not enhanced.

[2018-08-23 16:00:02 #18 type] 
Type decisionpremise.Value is not enhanced.

[2018-08-23 16:00:02 #19 type] 
Type decisionpremise.OrdinalValue is not enhanced.

[2018-08-23 16:00:02 #20 type] 
Type decisionpremise.RationaleSpec is not enhanced.

[2018-08-23 16:00:02 #21 type] 
Type decisionpremise.EngagementGoalType is not enhanced.

[2018-08-23 16:00:02 #22 type] 
Type decisionpremise.SymbolicGoalType is not enhanced.

[2018-08-23 16:00:02 #23 type] 
Type decisionpremise.FactualDecisionPremiseType is not enhanced.

[2018-08-23 16:00:02 #24 type] 
Type decisionpremise.ActionVariableType is not enhanced.

[2018-08-23 16:00:02 #25 type] 
Type decisionpremise.PresumedInfluenceRelationType is not enhanced.

[2018-08-23 16:00:02 #26 type] 
Type decisionpremise.EnvironmentalFactorType is not enhanced.

[2018-08-23 16:00:02 #27 type] 
Type supportrequirements.InformationType is not enhanced.

[2018-08-23 16:00:02 #28 type] 
Type supportrequirements.InformationSystemType is not enhanced.

[2018-08-23 16:00:02 #29 type] 
Type supportrequirements.InformationNeedSatisfactionRelation is not enhanced.

[2018-08-23 16:00:02 #30 type] 
Type supportrequirements.AnalysisNeedSatisfactionRelationType is not enhanced.

[2018-08-23 16:00:02 #31 type] 
Type supportrequirements.InformationNeedType is not enhanced.

[2018-08-23 16:00:02 #32 type] 
Type supportrequirements.AnalysisNeedType is not enhanced.

[2018-08-23 16:00:02 #33 type] 
Type decisionpremise.CoherenceRationaleSpec is not enhanced.

------------------------------------------------------------------------------------------------------------------------

[2018-08-23 16:00:32 #1 store] 
Database '/Users/safefy/git/BP18/Database/projectDB.odb' is opened by 1043@MacFys-MacBook-Pro.local

[2018-08-23 16:00:32 #2 type] 
Type decisionprocess.DecisionProcessType is not enhanced.

[2018-08-23 16:00:32 #3 type] 
Type decisionpremise.RelevanceRelationType is not enhanced.

[2018-08-23 16:00:32 #4 type] 
Type organizationalunits.ParticipationRelationType is not enhanced.

[2018-08-23 16:00:32 #5 type] 
Type decisionprocess.StimulusType is not enhanced.

[2018-08-23 16:00:32 #6 type] 
Type decisionpremise.DecisionPremiseType is not enhanced.

[2018-08-23 16:00:32 #7 type] 
Type organizationalunits.OrganizationalUnitType is not enhanced.

[2018-08-23 16:00:32 #8 type] 
Type supportrequirements.SupportRequirementType is not enhanced.

[2018-08-23 16:00:32 #9 type] 
Type organizationalunits.BoardType is not enhanced.

[2018-08-23 16:00:32 #10 type] 
Type organizationalunits.UnitOfWorkType is not enhanced.

[2018-08-23 16:00:32 #11 type] 
Type organizationalunits.CommiteeType is not enhanced.

[2018-08-23 16:00:32 #12 type] 
Type organizationalunits.SingleUnitType is not enhanced.

[2018-08-23 16:00:32 #13 type] 
Type organizationalunits.PositionType is not enhanced.

[2018-08-23 16:00:32 #14 type] 
Type organizationalunits.RoleType is not enhanced.

[2018-08-23 16:00:32 #15 type] 
Type decisionpremise.ValueDecisionPremiseType is not enhanced.

[2018-08-23 16:00:32 #16 type] 
Type decisionpremise.AbstractGoalType is not enhanced.

[2018-08-23 16:00:32 #17 type] 
Type decisionpremise.DecisionGoalType is not enhanced.

[2018-08-23 16:00:32 #18 type] 
Type decisionpremise.Value is not enhanced.

[2018-08-23 16:00:32 #19 type] 
Type decisionpremise.OrdinalValue is not enhanced.

[2018-08-23 16:00:32 #20 type] 
Type decisionpremise.RationaleSpec is not enhanced.

[2018-08-23 16:00:32 #21 type] 
Type decisionpremise.EngagementGoalType is not enhanced.

[2018-08-23 16:00:32 #22 type] 
Type decisionpremise.SymbolicGoalType is not enhanced.

[2018-08-23 16:00:32 #23 type] 
Type decisionpremise.FactualDecisionPremiseType is not enhanced.

[2018-08-23 16:00:32 #24 type] 
Type decisionpremise.ActionVariableType is not enhanced.

[2018-08-23 16:00:32 #25 type] 
Type decisionpremise.PresumedInfluenceRelationType is not enhanced.

[2018-08-23 16:00:32 #26 type] 
Type decisionpremise.EnvironmentalFactorType is not enhanced.

[2018-08-23 16:00:32 #27 type] 
Type supportrequirements.InformationType is not enhanced.

[2018-08-23 16:00:32 #28 type] 
Type supportrequirements.InformationSystemType is not enhanced.

[2018-08-23 16:00:32 #29 type] 
Type supportrequirements.InformationNeedSatisfactionRelation is not enhanced.

[2018-08-23 16:00:32 #30 type] 
Type supportrequirements.AnalysisNeedSatisfactionRelationType is not enhanced.

[2018-08-23 16:00:32 #31 type] 
Type supportrequirements.InformationNeedType is not enhanced.

[2018-08-23 16:00:32 #32 type] 
Type supportrequirements.AnalysisNeedType is not enhanced.

[2018-08-23 16:00:32 #33 type] 
Type decisionpremise.CoherenceRationaleSpec is not enhanced.

------------------------------------------------------------------------------------------------------------------------

[2018-08-23 16:01:31 #1 store] 
Database '/Users/safefy/git/BP18/Database/projectDB.odb' is opened by 1045@MacFys-MacBook-Pro.local

[2018-08-23 16:01:31 #2 type] 
Type decisionprocess.DecisionProcessType is not enhanced.

[2018-08-23 16:01:31 #3 type] 
Type decisionpremise.RelevanceRelationType is not enhanced.

[2018-08-23 16:01:31 #4 type] 
Type organizationalunits.ParticipationRelationType is not enhanced.

[2018-08-23 16:01:31 #5 type] 
Type decisionprocess.StimulusType is not enhanced.

[2018-08-23 16:01:31 #6 type] 
Type decisionpremise.DecisionPremiseType is not enhanced.

[2018-08-23 16:01:31 #7 type] 
Type organizationalunits.OrganizationalUnitType is not enhanced.

[2018-08-23 16:01:31 #8 type] 
Type supportrequirements.SupportRequirementType is not enhanced.

[2018-08-23 16:01:31 #9 type] 
Type organizationalunits.BoardType is not enhanced.

[2018-08-23 16:01:31 #10 type] 
Type organizationalunits.UnitOfWorkType is not enhanced.

[2018-08-23 16:01:31 #11 type] 
Type organizationalunits.CommiteeType is not enhanced.

[2018-08-23 16:01:31 #12 type] 
Type organizationalunits.SingleUnitType is not enhanced.

[2018-08-23 16:01:31 #13 type] 
Type organizationalunits.PositionType is not enhanced.

[2018-08-23 16:01:31 #14 type] 
Type organizationalunits.RoleType is not enhanced.

[2018-08-23 16:01:31 #15 type] 
Type decisionpremise.ValueDecisionPremiseType is not enhanced.

[2018-08-23 16:01:31 #16 type] 
Type decisionpremise.AbstractGoalType is not enhanced.

[2018-08-23 16:01:31 #17 type] 
Type decisionpremise.DecisionGoalType is not enhanced.

[2018-08-23 16:01:31 #18 type] 
Type decisionpremise.Value is not enhanced.

[2018-08-23 16:01:31 #19 type] 
Type decisionpremise.OrdinalValue is not enhanced.

[2018-08-23 16:01:31 #20 type] 
Type decisionpremise.RationaleSpec is not enhanced.

[2018-08-23 16:01:31 #21 type] 
Type decisionpremise.EngagementGoalType is not enhanced.

[2018-08-23 16:01:31 #22 type] 
Type decisionpremise.SymbolicGoalType is not enhanced.

[2018-08-23 16:01:31 #23 type] 
Type decisionpremise.FactualDecisionPremiseType is not enhanced.

[2018-08-23 16:01:31 #24 type] 
Type decisionpremise.ActionVariableType is not enhanced.

[2018-08-23 16:01:31 #25 type] 
Type decisionpremise.PresumedInfluenceRelationType is not enhanced.

[2018-08-23 16:01:31 #26 type] 
Type decisionpremise.EnvironmentalFactorType is not enhanced.

[2018-08-23 16:01:31 #27 type] 
Type supportrequirements.InformationType is not enhanced.

[2018-08-23 16:01:31 #28 type] 
Type supportrequirements.InformationSystemType is not enhanced.

[2018-08-23 16:01:31 #29 type] 
Type supportrequirements.InformationNeedSatisfactionRelation is not enhanced.

[2018-08-23 16:01:31 #30 type] 
Type supportrequirements.AnalysisNeedSatisfactionRelationType is not enhanced.

[2018-08-23 16:01:31 #31 type] 
Type supportrequirements.InformationNeedType is not enhanced.

[2018-08-23 16:01:31 #32 type] 
Type supportrequirements.AnalysisNeedType is not enhanced.

[2018-08-23 16:01:31 #33 type] 
Type decisionpremise.CoherenceRationaleSpec is not enhanced.

------------------------------------------------------------------------------------------------------------------------

[2018-08-23 16:02:28 #1 store] 
Database '/Users/safefy/git/BP18/Database/projectDB.odb' is opened by 1047@MacFys-MacBook-Pro.local

[2018-08-23 16:02:28 #2 type] 
Type decisionprocess.DecisionProcessType is not enhanced.

[2018-08-23 16:02:28 #3 type] 
Type decisionpremise.RelevanceRelationType is not enhanced.

[2018-08-23 16:02:28 #4 type] 
Type organizationalunits.ParticipationRelationType is not enhanced.

[2018-08-23 16:02:28 #5 type] 
Type decisionprocess.StimulusType is not enhanced.

[2018-08-23 16:02:28 #6 type] 
Type decisionpremise.DecisionPremiseType is not enhanced.

[2018-08-23 16:02:28 #7 type] 
Type organizationalunits.OrganizationalUnitType is not enhanced.

[2018-08-23 16:02:28 #8 type] 
Type supportrequirements.SupportRequirementType is not enhanced.

[2018-08-23 16:02:28 #9 type] 
Type organizationalunits.BoardType is not enhanced.

[2018-08-23 16:02:28 #10 type] 
Type organizationalunits.UnitOfWorkType is not enhanced.

[2018-08-23 16:02:28 #11 type] 
Type organizationalunits.CommiteeType is not enhanced.

[2018-08-23 16:02:28 #12 type] 
Type organizationalunits.SingleUnitType is not enhanced.

[2018-08-23 16:02:28 #13 type] 
Type organizationalunits.PositionType is not enhanced.

[2018-08-23 16:02:28 #14 type] 
Type organizationalunits.RoleType is not enhanced.

[2018-08-23 16:02:28 #15 type] 
Type decisionpremise.ValueDecisionPremiseType is not enhanced.

[2018-08-23 16:02:28 #16 type] 
Type decisionpremise.AbstractGoalType is not enhanced.

[2018-08-23 16:02:28 #17 type] 
Type decisionpremise.DecisionGoalType is not enhanced.

[2018-08-23 16:02:28 #18 type] 
Type decisionpremise.Value is not enhanced.

[2018-08-23 16:02:28 #19 type] 
Type decisionpremise.OrdinalValue is not enhanced.

[2018-08-23 16:02:28 #20 type] 
Type decisionpremise.RationaleSpec is not enhanced.

[2018-08-23 16:02:28 #21 type] 
Type decisionpremise.EngagementGoalType is not enhanced.

[2018-08-23 16:02:28 #22 type] 
Type decisionpremise.SymbolicGoalType is not enhanced.

[2018-08-23 16:02:28 #23 type] 
Type decisionpremise.FactualDecisionPremiseType is not enhanced.

[2018-08-23 16:02:28 #24 type] 
Type decisionpremise.ActionVariableType is not enhanced.

[2018-08-23 16:02:28 #25 type] 
Type decisionpremise.PresumedInfluenceRelationType is not enhanced.

[2018-08-23 16:02:28 #26 type] 
Type decisionpremise.EnvironmentalFactorType is not enhanced.

[2018-08-23 16:02:28 #27 type] 
Type supportrequirements.InformationType is not enhanced.

[2018-08-23 16:02:28 #28 type] 
Type supportrequirements.InformationSystemType is not enhanced.

[2018-08-23 16:02:28 #29 type] 
Type supportrequirements.InformationNeedSatisfactionRelation is not enhanced.

[2018-08-23 16:02:28 #30 type] 
Type supportrequirements.AnalysisNeedSatisfactionRelationType is not enhanced.

[2018-08-23 16:02:28 #31 type] 
Type supportrequirements.InformationNeedType is not enhanced.

[2018-08-23 16:02:28 #32 type] 
Type supportrequirements.AnalysisNeedType is not enhanced.

[2018-08-23 16:02:28 #33 type] 
Type decisionpremise.CoherenceRationaleSpec is not enhanced.

------------------------------------------------------------------------------------------------------------------------

[2018-08-23 16:03:39 #1 store] 
Database '/Users/safefy/git/BP18/Database/projectDB.odb' is opened by 1058@MacFys-MacBook-Pro.local

[2018-08-23 16:03:40 #2 type] 
Type decisionprocess.DecisionProcessType is not enhanced.

[2018-08-23 16:03:40 #3 type] 
Type decisionpremise.RelevanceRelationType is not enhanced.

[2018-08-23 16:03:40 #4 type] 
Type organizationalunits.ParticipationRelationType is not enhanced.

[2018-08-23 16:03:40 #5 type] 
Type decisionprocess.StimulusType is not enhanced.

[2018-08-23 16:03:40 #6 type] 
Type decisionpremise.DecisionPremiseType is not enhanced.

[2018-08-23 16:03:40 #7 type] 
Type organizationalunits.OrganizationalUnitType is not enhanced.

[2018-08-23 16:03:40 #8 type] 
Type supportrequirements.SupportRequirementType is not enhanced.

[2018-08-23 16:03:40 #9 type] 
Type organizationalunits.BoardType is not enhanced.

[2018-08-23 16:03:40 #10 type] 
Type organizationalunits.UnitOfWorkType is not enhanced.

[2018-08-23 16:03:40 #11 type] 
Type organizationalunits.CommiteeType is not enhanced.

[2018-08-23 16:03:40 #12 type] 
Type organizationalunits.SingleUnitType is not enhanced.

[2018-08-23 16:03:40 #13 type] 
Type organizationalunits.PositionType is not enhanced.

[2018-08-23 16:03:40 #14 type] 
Type organizationalunits.RoleType is not enhanced.

[2018-08-23 16:03:40 #15 type] 
Type decisionpremise.ValueDecisionPremiseType is not enhanced.

[2018-08-23 16:03:40 #16 type] 
Type decisionpremise.AbstractGoalType is not enhanced.

[2018-08-23 16:03:40 #17 type] 
Type decisionpremise.DecisionGoalType is not enhanced.

[2018-08-23 16:03:40 #18 type] 
Type decisionpremise.Value is not enhanced.

[2018-08-23 16:03:40 #19 type] 
Type decisionpremise.OrdinalValue is not enhanced.

[2018-08-23 16:03:40 #20 type] 
Type decisionpremise.RationaleSpec is not enhanced.

[2018-08-23 16:03:40 #21 type] 
Type decisionpremise.EngagementGoalType is not enhanced.

[2018-08-23 16:03:40 #22 type] 
Type decisionpremise.SymbolicGoalType is not enhanced.

[2018-08-23 16:03:40 #23 type] 
Type decisionpremise.FactualDecisionPremiseType is not enhanced.

[2018-08-23 16:03:40 #24 type] 
Type decisionpremise.ActionVariableType is not enhanced.

[2018-08-23 16:03:40 #25 type] 
Type decisionpremise.PresumedInfluenceRelationType is not enhanced.

[2018-08-23 16:03:40 #26 type] 
Type decisionpremise.EnvironmentalFactorType is not enhanced.

[2018-08-23 16:03:40 #27 type] 
Type supportrequirements.InformationType is not enhanced.

[2018-08-23 16:03:40 #28 type] 
Type supportrequirements.InformationSystemType is not enhanced.

[2018-08-23 16:03:40 #29 type] 
Type supportrequirements.InformationNeedSatisfactionRelation is not enhanced.

[2018-08-23 16:03:40 #30 type] 
Type supportrequirements.AnalysisNeedSatisfactionRelationType is not enhanced.

[2018-08-23 16:03:40 #31 type] 
Type supportrequirements.InformationNeedType is not enhanced.

[2018-08-23 16:03:40 #32 type] 
Type supportrequirements.AnalysisNeedType is not enhanced.

[2018-08-23 16:03:40 #33 type] 
Type decisionpremise.CoherenceRationaleSpec is not enhanced.

------------------------------------------------------------------------------------------------------------------------

[2018-08-23 18:06:42 #1 store] 
Database '/Users/safefy/git/BP18/Database/projectDB.odb' is opened by 1338@dhcp-wlce198019.zim.uni-duisburg-essen.de

[2018-08-23 18:06:42 #2 type] 
Type decisionprocess.DecisionProcessType is not enhanced.

[2018-08-23 18:06:42 #3 type] 
Type decisionpremise.RelevanceRelationType is not enhanced.

[2018-08-23 18:06:42 #4 type] 
Type organizationalunits.ParticipationRelationType is not enhanced.

[2018-08-23 18:06:42 #5 type] 
Type decisionprocess.StimulusType is not enhanced.

[2018-08-23 18:06:42 #6 type] 
Type decisionpremise.DecisionPremiseType is not enhanced.

[2018-08-23 18:06:42 #7 type] 
Type organizationalunits.OrganizationalUnitType is not enhanced.

[2018-08-23 18:06:42 #8 type] 
Type supportrequirements.SupportRequirementType is not enhanced.

[2018-08-23 18:06:42 #9 type] 
Type organizationalunits.BoardType is not enhanced.

[2018-08-23 18:06:42 #10 type] 
Type organizationalunits.UnitOfWorkType is not enhanced.

[2018-08-23 18:06:42 #11 type] 
Type organizationalunits.CommiteeType is not enhanced.

[2018-08-23 18:06:42 #12 type] 
Type organizationalunits.SingleUnitType is not enhanced.

[2018-08-23 18:06:42 #13 type] 
Type organizationalunits.PositionType is not enhanced.

[2018-08-23 18:06:42 #14 type] 
Type organizationalunits.RoleType is not enhanced.

[2018-08-23 18:06:42 #15 type] 
Type decisionpremise.ValueDecisionPremiseType is not enhanced.

[2018-08-23 18:06:42 #16 type] 
Type decisionpremise.AbstractGoalType is not enhanced.

[2018-08-23 18:06:42 #17 type] 
Type decisionpremise.DecisionGoalType is not enhanced.

[2018-08-23 18:06:42 #18 type] 
Type decisionpremise.Value is not enhanced.

[2018-08-23 18:06:42 #19 type] 
Type decisionpremise.OrdinalValue is not enhanced.

[2018-08-23 18:06:42 #20 type] 
Type decisionpremise.RationaleSpec is not enhanced.

[2018-08-23 18:06:42 #21 type] 
Type decisionpremise.EngagementGoalType is not enhanced.

[2018-08-23 18:06:42 #22 type] 
Type decisionpremise.SymbolicGoalType is not enhanced.

[2018-08-23 18:06:42 #23 type] 
Type decisionpremise.FactualDecisionPremiseType is not enhanced.

[2018-08-23 18:06:42 #24 type] 
Type decisionpremise.ActionVariableType is not enhanced.

[2018-08-23 18:06:42 #25 type] 
Type decisionpremise.PresumedInfluenceRelationType is not enhanced.

[2018-08-23 18:06:43 #26 type] 
Type decisionpremise.EnvironmentalFactorType is not enhanced.

[2018-08-23 18:06:43 #27 type] 
Type supportrequirements.InformationType is not enhanced.

[2018-08-23 18:06:43 #28 type] 
Type supportrequirements.InformationSystemType is not enhanced.

[2018-08-23 18:06:43 #29 type] 
Type supportrequirements.InformationNeedSatisfactionRelation is not enhanced.

[2018-08-23 18:06:43 #30 type] 
Type supportrequirements.AnalysisNeedSatisfactionRelationType is not enhanced.

[2018-08-23 18:06:43 #31 type] 
Type supportrequirements.InformationNeedType is not enhanced.

[2018-08-23 18:06:43 #32 type] 
Type supportrequirements.AnalysisNeedType is not enhanced.

[2018-08-23 18:06:43 #33 type] 
Type decisionpremise.CoherenceRationaleSpec is not enhanced.

------------------------------------------------------------------------------------------------------------------------

[2018-08-23 18:07:50 #1 store] 
Database '/Users/safefy/git/BP18/Database/projectDB.odb' is opened by 1345@dhcp-wlce198019.zim.uni-duisburg-essen.de

[2018-08-23 18:07:50 #2 type] 
Type decisionprocess.DecisionProcessType is not enhanced.

[2018-08-23 18:07:50 #3 type] 
Type decisionpremise.RelevanceRelationType is not enhanced.

[2018-08-23 18:07:50 #4 type] 
Type organizationalunits.ParticipationRelationType is not enhanced.

[2018-08-23 18:07:50 #5 type] 
Type decisionprocess.StimulusType is not enhanced.

[2018-08-23 18:07:50 #6 type] 
Type decisionpremise.DecisionPremiseType is not enhanced.

[2018-08-23 18:07:50 #7 type] 
Type organizationalunits.OrganizationalUnitType is not enhanced.

[2018-08-23 18:07:50 #8 type] 
Type supportrequirements.SupportRequirementType is not enhanced.

[2018-08-23 18:07:50 #9 type] 
Type organizationalunits.BoardType is not enhanced.

[2018-08-23 18:07:50 #10 type] 
Type organizationalunits.UnitOfWorkType is not enhanced.

[2018-08-23 18:07:50 #11 type] 
Type organizationalunits.CommiteeType is not enhanced.

[2018-08-23 18:07:50 #12 type] 
Type organizationalunits.SingleUnitType is not enhanced.

[2018-08-23 18:07:50 #13 type] 
Type organizationalunits.PositionType is not enhanced.

[2018-08-23 18:07:50 #14 type] 
Type organizationalunits.RoleType is not enhanced.

[2018-08-23 18:07:50 #15 type] 
Type decisionpremise.ValueDecisionPremiseType is not enhanced.

[2018-08-23 18:07:50 #16 type] 
Type decisionpremise.AbstractGoalType is not enhanced.

[2018-08-23 18:07:50 #17 type] 
Type decisionpremise.DecisionGoalType is not enhanced.

[2018-08-23 18:07:50 #18 type] 
Type decisionpremise.Value is not enhanced.

[2018-08-23 18:07:50 #19 type] 
Type decisionpremise.OrdinalValue is not enhanced.

[2018-08-23 18:07:50 #20 type] 
Type decisionpremise.RationaleSpec is not enhanced.

[2018-08-23 18:07:50 #21 type] 
Type decisionpremise.EngagementGoalType is not enhanced.

[2018-08-23 18:07:50 #22 type] 
Type decisionpremise.SymbolicGoalType is not enhanced.

[2018-08-23 18:07:50 #23 type] 
Type decisionpremise.FactualDecisionPremiseType is not enhanced.

[2018-08-23 18:07:50 #24 type] 
Type decisionpremise.ActionVariableType is not enhanced.

[2018-08-23 18:07:50 #25 type] 
Type decisionpremise.PresumedInfluenceRelationType is not enhanced.

[2018-08-23 18:07:50 #26 type] 
Type decisionpremise.EnvironmentalFactorType is not enhanced.

[2018-08-23 18:07:50 #27 type] 
Type supportrequirements.InformationType is not enhanced.

[2018-08-23 18:07:50 #28 type] 
Type supportrequirements.InformationSystemType is not enhanced.

[2018-08-23 18:07:50 #29 type] 
Type supportrequirements.InformationNeedSatisfactionRelation is not enhanced.

[2018-08-23 18:07:50 #30 type] 
Type supportrequirements.AnalysisNeedSatisfactionRelationType is not enhanced.

[2018-08-23 18:07:50 #31 type] 
Type supportrequirements.InformationNeedType is not enhanced.

[2018-08-23 18:07:50 #32 type] 
Type supportrequirements.AnalysisNeedType is not enhanced.

[2018-08-23 18:07:50 #33 type] 
Type decisionpremise.CoherenceRationaleSpec is not enhanced.

