------------------------------------------------------------------------------------------------------------------------

[2018-08-27 23:43:15 #1 store] 
Database '/Users/safefy/git/BP18/Database/projectDB.odb' is opened by 1259@MacFys-MacBook-Pro.local

[2018-08-27 23:43:15 #2 type] 
Type decisionprocess.DecisionProcessType is not enhanced.

[2018-08-27 23:43:15 #3 type] 
Type decisionprocess.DecisionProcessInstance is not enhanced.

[2018-08-27 23:43:15 #4 type] 
Type decisionpremise.RelevanceRelationType is not enhanced.

[2018-08-27 23:43:15 #5 type] 
Type organizationalunits.ParticipationRelationType is not enhanced.

[2018-08-27 23:43:15 #6 type] 
Type decisionprocess.StimulusType is not enhanced.

[2018-08-27 23:43:15 #7 type] 
Type decisionpremise.DecisionPremiseType is not enhanced.

[2018-08-27 23:43:15 #8 type] 
Type organizationalunits.OrganizationalUnitType is not enhanced.

[2018-08-27 23:43:15 #9 type] 
Type supportrequirements.SupportRequirementType is not enhanced.

[2018-08-27 23:43:15 #10 type] 
Type organizationalunits.BoardType is not enhanced.

[2018-08-27 23:43:15 #11 type] 
Type organizationalunits.UnitOfWorkType is not enhanced.

[2018-08-27 23:43:15 #12 type] 
Type organizationalunits.CommiteeType is not enhanced.

[2018-08-27 23:43:15 #13 type] 
Type organizationalunits.SingleUnitType is not enhanced.

[2018-08-27 23:43:15 #14 type] 
Type organizationalunits.PositionType is not enhanced.

[2018-08-27 23:43:15 #15 type] 
Type organizationalunits.RoleType is not enhanced.

[2018-08-27 23:43:15 #16 type] 
Type decisionpremise.ValueDecisionPremiseType is not enhanced.

[2018-08-27 23:43:15 #17 type] 
Type decisionpremise.AbstractGoalType is not enhanced.

[2018-08-27 23:43:15 #18 type] 
Type decisionpremise.DecisionGoalType is not enhanced.

[2018-08-27 23:43:15 #19 type] 
Type decisionpremise.Value is not enhanced.

[2018-08-27 23:43:15 #20 type] 
Type decisionpremise.OrdinalValue is not enhanced.

[2018-08-27 23:43:15 #21 type] 
Type decisionpremise.RationaleSpec is not enhanced.

[2018-08-27 23:43:15 #22 type] 
Type decisionpremise.EngagementGoalType is not enhanced.

[2018-08-27 23:43:15 #23 type] 
Type decisionpremise.SymbolicGoalType is not enhanced.

[2018-08-27 23:43:15 #24 type] 
Type decisionpremise.FactualDecisionPremiseType is not enhanced.

[2018-08-27 23:43:15 #25 type] 
Type decisionpremise.ActionVariableType is not enhanced.

[2018-08-27 23:43:15 #26 type] 
Type decisionpremise.PresumedInfluenceRelationType is not enhanced.

[2018-08-27 23:43:15 #27 type] 
Type decisionpremise.EnvironmentalFactorType is not enhanced.

[2018-08-27 23:43:15 #28 type] 
Type supportrequirements.InformationType is not enhanced.

[2018-08-27 23:43:15 #29 type] 
Type supportrequirements.InformationSystemType is not enhanced.

[2018-08-27 23:43:15 #30 type] 
Type supportrequirements.InformationNeedSatisfactionRelation is not enhanced.

[2018-08-27 23:43:15 #31 type] 
Type supportrequirements.AnalysisNeedSatisfactionRelationType is not enhanced.

[2018-08-27 23:43:15 #32 type] 
Type supportrequirements.InformationNeedType is not enhanced.

[2018-08-27 23:43:15 #33 type] 
Type supportrequirements.AnalysisNeedType is not enhanced.

[2018-08-27 23:43:15 #34 type] 
Type decisionpremise.CoherenceRationaleSpec is not enhanced.

------------------------------------------------------------------------------------------------------------------------

[2018-08-27 23:49:20 #1 store] 
Database '/Users/safefy/git/BP18/Database/projectDB.odb' is opened by 1303@MacFys-MacBook-Pro.local

[2018-08-27 23:49:20 #2 type] 
Type decisionprocess.DecisionProcessType is not enhanced.

[2018-08-27 23:49:20 #3 type] 
Type decisionprocess.DecisionProcessInstance is not enhanced.

[2018-08-27 23:49:20 #4 type] 
Type decisionpremise.RelevanceRelationType is not enhanced.

[2018-08-27 23:49:20 #5 type] 
Type organizationalunits.ParticipationRelationType is not enhanced.

[2018-08-27 23:49:20 #6 type] 
Type decisionprocess.StimulusType is not enhanced.

[2018-08-27 23:49:20 #7 type] 
Type decisionpremise.DecisionPremiseType is not enhanced.

[2018-08-27 23:49:20 #8 type] 
Type organizationalunits.OrganizationalUnitType is not enhanced.

[2018-08-27 23:49:20 #9 type] 
Type supportrequirements.SupportRequirementType is not enhanced.

[2018-08-27 23:49:20 #10 type] 
Type organizationalunits.BoardType is not enhanced.

[2018-08-27 23:49:20 #11 type] 
Type organizationalunits.UnitOfWorkType is not enhanced.

[2018-08-27 23:49:20 #12 type] 
Type organizationalunits.CommiteeType is not enhanced.

[2018-08-27 23:49:20 #13 type] 
Type organizationalunits.SingleUnitType is not enhanced.

[2018-08-27 23:49:20 #14 type] 
Type organizationalunits.PositionType is not enhanced.

[2018-08-27 23:49:20 #15 type] 
Type organizationalunits.RoleType is not enhanced.

[2018-08-27 23:49:20 #16 type] 
Type decisionpremise.ValueDecisionPremiseType is not enhanced.

[2018-08-27 23:49:20 #17 type] 
Type decisionpremise.AbstractGoalType is not enhanced.

[2018-08-27 23:49:20 #18 type] 
Type decisionpremise.DecisionGoalType is not enhanced.

[2018-08-27 23:49:20 #19 type] 
Type decisionpremise.Value is not enhanced.

[2018-08-27 23:49:20 #20 type] 
Type decisionpremise.OrdinalValue is not enhanced.

[2018-08-27 23:49:20 #21 type] 
Type decisionpremise.RationaleSpec is not enhanced.

[2018-08-27 23:49:20 #22 type] 
Type decisionpremise.EngagementGoalType is not enhanced.

[2018-08-27 23:49:20 #23 type] 
Type decisionpremise.SymbolicGoalType is not enhanced.

[2018-08-27 23:49:20 #24 type] 
Type decisionpremise.FactualDecisionPremiseType is not enhanced.

[2018-08-27 23:49:20 #25 type] 
Type decisionpremise.ActionVariableType is not enhanced.

[2018-08-27 23:49:20 #26 type] 
Type decisionpremise.PresumedInfluenceRelationType is not enhanced.

[2018-08-27 23:49:20 #27 type] 
Type decisionpremise.EnvironmentalFactorType is not enhanced.

[2018-08-27 23:49:20 #28 type] 
Type supportrequirements.InformationType is not enhanced.

[2018-08-27 23:49:20 #29 type] 
Type supportrequirements.InformationSystemType is not enhanced.

[2018-08-27 23:49:20 #30 type] 
Type supportrequirements.InformationNeedSatisfactionRelation is not enhanced.

[2018-08-27 23:49:20 #31 type] 
Type supportrequirements.AnalysisNeedSatisfactionRelationType is not enhanced.

[2018-08-27 23:49:20 #32 type] 
Type supportrequirements.InformationNeedType is not enhanced.

[2018-08-27 23:49:20 #33 type] 
Type supportrequirements.AnalysisNeedType is not enhanced.

[2018-08-27 23:49:20 #34 type] 
Type decisionpremise.CoherenceRationaleSpec is not enhanced.

------------------------------------------------------------------------------------------------------------------------

[2018-08-27 23:53:33 #1 store] 
Database '/Users/safefy/git/BP18/Database/projectDB.odb' is opened by 1332@MacFys-MacBook-Pro.local

[2018-08-27 23:53:33 #2 type] 
Type decisionprocess.DecisionProcessType is not enhanced.

[2018-08-27 23:53:33 #3 type] 
Type decisionprocess.DecisionProcessInstance is not enhanced.

[2018-08-27 23:53:33 #4 type] 
Type decisionpremise.RelevanceRelationType is not enhanced.

[2018-08-27 23:53:33 #5 type] 
Type organizationalunits.ParticipationRelationType is not enhanced.

[2018-08-27 23:53:33 #6 type] 
Type decisionprocess.StimulusType is not enhanced.

[2018-08-27 23:53:33 #7 type] 
Type decisionpremise.DecisionPremiseType is not enhanced.

[2018-08-27 23:53:33 #8 type] 
Type organizationalunits.OrganizationalUnitType is not enhanced.

[2018-08-27 23:53:33 #9 type] 
Type supportrequirements.SupportRequirementType is not enhanced.

[2018-08-27 23:53:33 #10 type] 
Type organizationalunits.BoardType is not enhanced.

[2018-08-27 23:53:33 #11 type] 
Type organizationalunits.UnitOfWorkType is not enhanced.

[2018-08-27 23:53:33 #12 type] 
Type organizationalunits.CommiteeType is not enhanced.

[2018-08-27 23:53:33 #13 type] 
Type organizationalunits.SingleUnitType is not enhanced.

[2018-08-27 23:53:33 #14 type] 
Type organizationalunits.PositionType is not enhanced.

[2018-08-27 23:53:33 #15 type] 
Type organizationalunits.RoleType is not enhanced.

[2018-08-27 23:53:33 #16 type] 
Type decisionpremise.ValueDecisionPremiseType is not enhanced.

[2018-08-27 23:53:33 #17 type] 
Type decisionpremise.AbstractGoalType is not enhanced.

[2018-08-27 23:53:33 #18 type] 
Type decisionpremise.DecisionGoalType is not enhanced.

[2018-08-27 23:53:33 #19 type] 
Type decisionpremise.Value is not enhanced.

[2018-08-27 23:53:33 #20 type] 
Type decisionpremise.OrdinalValue is not enhanced.

[2018-08-27 23:53:33 #21 type] 
Type decisionpremise.RationaleSpec is not enhanced.

[2018-08-27 23:53:33 #22 type] 
Type decisionpremise.EngagementGoalType is not enhanced.

[2018-08-27 23:53:33 #23 type] 
Type decisionpremise.SymbolicGoalType is not enhanced.

[2018-08-27 23:53:33 #24 type] 
Type decisionpremise.FactualDecisionPremiseType is not enhanced.

[2018-08-27 23:53:33 #25 type] 
Type decisionpremise.ActionVariableType is not enhanced.

[2018-08-27 23:53:33 #26 type] 
Type decisionpremise.PresumedInfluenceRelationType is not enhanced.

[2018-08-27 23:53:33 #27 type] 
Type decisionpremise.EnvironmentalFactorType is not enhanced.

[2018-08-27 23:53:33 #28 type] 
Type supportrequirements.InformationType is not enhanced.

[2018-08-27 23:53:33 #29 type] 
Type supportrequirements.InformationSystemType is not enhanced.

[2018-08-27 23:53:33 #30 type] 
Type supportrequirements.InformationNeedSatisfactionRelation is not enhanced.

[2018-08-27 23:53:33 #31 type] 
Type supportrequirements.AnalysisNeedSatisfactionRelationType is not enhanced.

[2018-08-27 23:53:33 #32 type] 
Type supportrequirements.InformationNeedType is not enhanced.

[2018-08-27 23:53:33 #33 type] 
Type supportrequirements.AnalysisNeedType is not enhanced.

[2018-08-27 23:53:33 #34 type] 
Type decisionpremise.CoherenceRationaleSpec is not enhanced.

