------------------------------------------------------------------------------------------------------------------------

[2018-08-24 10:15:52 #1 store] 
Database '/Users/safefy/git/BP18/Database/projectDB.odb' is opened by 2494@MacFys-MBP.fritz.box

[2018-08-24 10:15:52 #2 type] 
Type decisionprocess.DecisionProcessType is not enhanced.

[2018-08-24 10:15:52 #3 type] 
Type decisionprocess.DecisionProcessInstance is not enhanced.

[2018-08-24 10:15:52 #4 type.registry] 
New type decisionprocess.StimulusInstance

[2018-08-24 10:15:52 #5 type.registry] 
New type javafx.beans.Observable

[2018-08-24 10:15:52 #6 type.registry] 
New type javafx.beans.value.ObservableValue

[2018-08-24 10:15:52 #7 type.registry] 
New type javafx.beans.value.ObservableObjectValue

[2018-08-24 10:15:52 #8 type.registry] 
New type javafx.beans.value.ObservableStringValue

[2018-08-24 10:15:52 #9 type.registry] 
New type javafx.beans.binding.StringExpression

[2018-08-24 10:15:52 #10 type.registry] 
New type javafx.beans.property.ReadOnlyProperty

[2018-08-24 10:15:52 #11 type.registry] 
New type javafx.beans.property.ReadOnlyStringProperty

[2018-08-24 10:15:52 #12 type.registry] 
New type javafx.beans.value.WritableValue

[2018-08-24 10:15:52 #13 type.registry] 
New type javafx.beans.property.Property

[2018-08-24 10:15:52 #14 type.registry] 
New type javafx.beans.value.WritableObjectValue

[2018-08-24 10:15:52 #15 type.registry] 
New type javafx.beans.value.WritableStringValue

[2018-08-24 10:15:52 #16 type.registry] 
New type javafx.beans.property.StringProperty

[2018-08-24 10:15:52 #17 type] 
Type decisionpremise.RelevanceRelationType is not enhanced.

[2018-08-24 10:15:52 #18 type] 
Type organizationalunits.ParticipationRelationType is not enhanced.

[2018-08-24 10:15:52 #19 type] 
Type decisionprocess.StimulusType is not enhanced.

[2018-08-24 10:15:52 #20 type] 
Type decisionpremise.DecisionPremiseType is not enhanced.

[2018-08-24 10:15:52 #21 type] 
Type organizationalunits.OrganizationalUnitType is not enhanced.

[2018-08-24 10:15:52 #22 type] 
Type supportrequirements.SupportRequirementType is not enhanced.

[2018-08-24 10:15:52 #23 type] 
Type organizationalunits.BoardType is not enhanced.

[2018-08-24 10:15:52 #24 type] 
Type organizationalunits.UnitOfWorkType is not enhanced.

[2018-08-24 10:15:52 #25 type] 
Type organizationalunits.CommiteeType is not enhanced.

[2018-08-24 10:15:52 #26 type] 
Type organizationalunits.SingleUnitType is not enhanced.

[2018-08-24 10:15:52 #27 type] 
Type organizationalunits.PositionType is not enhanced.

[2018-08-24 10:15:52 #28 type] 
Type organizationalunits.RoleType is not enhanced.

[2018-08-24 10:15:52 #29 type] 
Type decisionpremise.ValueDecisionPremiseType is not enhanced.

[2018-08-24 10:15:52 #30 type] 
Type decisionpremise.AbstractGoalType is not enhanced.

[2018-08-24 10:15:52 #31 type] 
Type decisionpremise.DecisionGoalType is not enhanced.

[2018-08-24 10:15:52 #32 type] 
Type decisionpremise.Value is not enhanced.

[2018-08-24 10:15:52 #33 type] 
Type decisionpremise.OrdinalValue is not enhanced.

[2018-08-24 10:15:52 #34 type] 
Type decisionpremise.RationaleSpec is not enhanced.

[2018-08-24 10:15:52 #35 type] 
Type decisionpremise.EngagementGoalType is not enhanced.

[2018-08-24 10:15:52 #36 type] 
Type decisionpremise.SymbolicGoalType is not enhanced.

[2018-08-24 10:15:52 #37 type] 
Type decisionpremise.FactualDecisionPremiseType is not enhanced.

[2018-08-24 10:15:52 #38 type] 
Type decisionpremise.ActionVariableType is not enhanced.

[2018-08-24 10:15:52 #39 type] 
Type decisionpremise.PresumedInfluenceRelationType is not enhanced.

[2018-08-24 10:15:52 #40 type] 
Type decisionpremise.EnvironmentalFactorType is not enhanced.

[2018-08-24 10:15:52 #41 type] 
Type supportrequirements.InformationType is not enhanced.

[2018-08-24 10:15:52 #42 type] 
Type supportrequirements.InformationSystemType is not enhanced.

[2018-08-24 10:15:52 #43 type] 
Type supportrequirements.InformationNeedSatisfactionRelation is not enhanced.

[2018-08-24 10:15:52 #44 type] 
Type supportrequirements.AnalysisNeedSatisfactionRelationType is not enhanced.

[2018-08-24 10:15:52 #45 type] 
Type supportrequirements.InformationNeedType is not enhanced.

[2018-08-24 10:15:52 #46 type] 
Type supportrequirements.AnalysisNeedType is not enhanced.

[2018-08-24 10:15:52 #47 type] 
Type decisionpremise.CoherenceRationaleSpec is not enhanced.

------------------------------------------------------------------------------------------------------------------------

[2018-08-24 13:29:23 #1 store] 
Database '/Users/safefy/git/BP18/Database/projectDB.odb' is opened by 2979@MacFys-MBP.fritz.box

[2018-08-24 13:29:23 #2 type] 
Type decisionprocess.DecisionProcessType is not enhanced.

[2018-08-24 13:29:23 #3 type] 
Type decisionprocess.DecisionProcessInstance is not enhanced.

[2018-08-24 13:29:23 #4 type.registry] 
New type decisionprocess.StimulusInstance

[2018-08-24 13:29:23 #5 type.registry] 
New type javafx.beans.Observable

[2018-08-24 13:29:23 #6 type.registry] 
New type javafx.beans.value.ObservableValue

[2018-08-24 13:29:23 #7 type.registry] 
New type javafx.beans.value.ObservableObjectValue

[2018-08-24 13:29:23 #8 type.registry] 
New type javafx.beans.value.ObservableStringValue

[2018-08-24 13:29:23 #9 type.registry] 
New type javafx.beans.binding.StringExpression

[2018-08-24 13:29:23 #10 type.registry] 
New type javafx.beans.property.ReadOnlyProperty

[2018-08-24 13:29:23 #11 type.registry] 
New type javafx.beans.property.ReadOnlyStringProperty

[2018-08-24 13:29:23 #12 type.registry] 
New type javafx.beans.value.WritableValue

[2018-08-24 13:29:23 #13 type.registry] 
New type javafx.beans.property.Property

[2018-08-24 13:29:23 #14 type.registry] 
New type javafx.beans.value.WritableObjectValue

[2018-08-24 13:29:23 #15 type.registry] 
New type javafx.beans.value.WritableStringValue

[2018-08-24 13:29:23 #16 type.registry] 
New type javafx.beans.property.StringProperty

[2018-08-24 13:29:23 #17 type] 
Type decisionpremise.RelevanceRelationType is not enhanced.

[2018-08-24 13:29:23 #18 type] 
Type organizationalunits.ParticipationRelationType is not enhanced.

[2018-08-24 13:29:23 #19 type] 
Type decisionprocess.StimulusType is not enhanced.

[2018-08-24 13:29:23 #20 type] 
Type decisionpremise.DecisionPremiseType is not enhanced.

[2018-08-24 13:29:23 #21 type] 
Type organizationalunits.OrganizationalUnitType is not enhanced.

[2018-08-24 13:29:23 #22 type] 
Type supportrequirements.SupportRequirementType is not enhanced.

[2018-08-24 13:29:23 #23 type] 
Type organizationalunits.BoardType is not enhanced.

[2018-08-24 13:29:23 #24 type] 
Type organizationalunits.UnitOfWorkType is not enhanced.

[2018-08-24 13:29:23 #25 type] 
Type organizationalunits.CommiteeType is not enhanced.

[2018-08-24 13:29:23 #26 type] 
Type organizationalunits.SingleUnitType is not enhanced.

[2018-08-24 13:29:23 #27 type] 
Type organizationalunits.PositionType is not enhanced.

[2018-08-24 13:29:23 #28 type] 
Type organizationalunits.RoleType is not enhanced.

[2018-08-24 13:29:23 #29 type] 
Type decisionpremise.ValueDecisionPremiseType is not enhanced.

[2018-08-24 13:29:23 #30 type] 
Type decisionpremise.AbstractGoalType is not enhanced.

[2018-08-24 13:29:23 #31 type] 
Type decisionpremise.DecisionGoalType is not enhanced.

[2018-08-24 13:29:23 #32 type] 
Type decisionpremise.Value is not enhanced.

[2018-08-24 13:29:23 #33 type] 
Type decisionpremise.OrdinalValue is not enhanced.

[2018-08-24 13:29:23 #34 type] 
Type decisionpremise.RationaleSpec is not enhanced.

[2018-08-24 13:29:23 #35 type] 
Type decisionpremise.EngagementGoalType is not enhanced.

[2018-08-24 13:29:23 #36 type] 
Type decisionpremise.SymbolicGoalType is not enhanced.

[2018-08-24 13:29:23 #37 type] 
Type decisionpremise.FactualDecisionPremiseType is not enhanced.

[2018-08-24 13:29:23 #38 type] 
Type decisionpremise.ActionVariableType is not enhanced.

[2018-08-24 13:29:23 #39 type] 
Type decisionpremise.PresumedInfluenceRelationType is not enhanced.

[2018-08-24 13:29:23 #40 type] 
Type decisionpremise.EnvironmentalFactorType is not enhanced.

[2018-08-24 13:29:23 #41 type] 
Type supportrequirements.InformationType is not enhanced.

[2018-08-24 13:29:23 #42 type] 
Type supportrequirements.InformationSystemType is not enhanced.

[2018-08-24 13:29:23 #43 type] 
Type supportrequirements.InformationNeedSatisfactionRelation is not enhanced.

[2018-08-24 13:29:23 #44 type] 
Type supportrequirements.AnalysisNeedSatisfactionRelationType is not enhanced.

[2018-08-24 13:29:23 #45 type] 
Type supportrequirements.InformationNeedType is not enhanced.

[2018-08-24 13:29:23 #46 type] 
Type supportrequirements.AnalysisNeedType is not enhanced.

[2018-08-24 13:29:23 #47 type] 
Type decisionpremise.CoherenceRationaleSpec is not enhanced.

------------------------------------------------------------------------------------------------------------------------

[2018-08-24 13:30:37 #1 store] 
Database '/Users/safefy/git/BP18/Database/projectDB.odb' is opened by 3006@MacFys-MBP.fritz.box

[2018-08-24 13:30:37 #2 type] 
Type decisionprocess.DecisionProcessType is not enhanced.

[2018-08-24 13:30:37 #3 type] 
Type decisionprocess.DecisionProcessInstance is not enhanced.

[2018-08-24 13:30:37 #4 type.registry] 
New type decisionprocess.StimulusInstance

[2018-08-24 13:30:37 #5 type.registry] 
New type javafx.beans.Observable

[2018-08-24 13:30:37 #6 type.registry] 
New type javafx.beans.value.ObservableValue

[2018-08-24 13:30:37 #7 type.registry] 
New type javafx.beans.value.ObservableObjectValue

[2018-08-24 13:30:37 #8 type.registry] 
New type javafx.beans.value.ObservableStringValue

[2018-08-24 13:30:37 #9 type.registry] 
New type javafx.beans.binding.StringExpression

[2018-08-24 13:30:37 #10 type.registry] 
New type javafx.beans.property.ReadOnlyProperty

[2018-08-24 13:30:37 #11 type.registry] 
New type javafx.beans.property.ReadOnlyStringProperty

[2018-08-24 13:30:37 #12 type.registry] 
New type javafx.beans.value.WritableValue

[2018-08-24 13:30:37 #13 type.registry] 
New type javafx.beans.property.Property

[2018-08-24 13:30:37 #14 type.registry] 
New type javafx.beans.value.WritableObjectValue

[2018-08-24 13:30:37 #15 type.registry] 
New type javafx.beans.value.WritableStringValue

[2018-08-24 13:30:37 #16 type.registry] 
New type javafx.beans.property.StringProperty

[2018-08-24 13:30:37 #17 type] 
Type decisionpremise.RelevanceRelationType is not enhanced.

[2018-08-24 13:30:37 #18 type] 
Type organizationalunits.ParticipationRelationType is not enhanced.

[2018-08-24 13:30:37 #19 type] 
Type decisionprocess.StimulusType is not enhanced.

[2018-08-24 13:30:37 #20 type] 
Type decisionpremise.DecisionPremiseType is not enhanced.

[2018-08-24 13:30:37 #21 type] 
Type organizationalunits.OrganizationalUnitType is not enhanced.

[2018-08-24 13:30:37 #22 type] 
Type supportrequirements.SupportRequirementType is not enhanced.

[2018-08-24 13:30:37 #23 type] 
Type organizationalunits.BoardType is not enhanced.

[2018-08-24 13:30:38 #24 type] 
Type organizationalunits.UnitOfWorkType is not enhanced.

[2018-08-24 13:30:38 #25 type] 
Type organizationalunits.CommiteeType is not enhanced.

[2018-08-24 13:30:38 #26 type] 
Type organizationalunits.SingleUnitType is not enhanced.

[2018-08-24 13:30:38 #27 type] 
Type organizationalunits.PositionType is not enhanced.

[2018-08-24 13:30:38 #28 type] 
Type organizationalunits.RoleType is not enhanced.

[2018-08-24 13:30:38 #29 type] 
Type decisionpremise.ValueDecisionPremiseType is not enhanced.

[2018-08-24 13:30:38 #30 type] 
Type decisionpremise.AbstractGoalType is not enhanced.

[2018-08-24 13:30:38 #31 type] 
Type decisionpremise.DecisionGoalType is not enhanced.

[2018-08-24 13:30:38 #32 type] 
Type decisionpremise.Value is not enhanced.

[2018-08-24 13:30:38 #33 type] 
Type decisionpremise.OrdinalValue is not enhanced.

[2018-08-24 13:30:38 #34 type] 
Type decisionpremise.RationaleSpec is not enhanced.

[2018-08-24 13:30:38 #35 type] 
Type decisionpremise.EngagementGoalType is not enhanced.

[2018-08-24 13:30:38 #36 type] 
Type decisionpremise.SymbolicGoalType is not enhanced.

[2018-08-24 13:30:38 #37 type] 
Type decisionpremise.FactualDecisionPremiseType is not enhanced.

[2018-08-24 13:30:38 #38 type] 
Type decisionpremise.ActionVariableType is not enhanced.

[2018-08-24 13:30:38 #39 type] 
Type decisionpremise.PresumedInfluenceRelationType is not enhanced.

[2018-08-24 13:30:38 #40 type] 
Type decisionpremise.EnvironmentalFactorType is not enhanced.

[2018-08-24 13:30:38 #41 type] 
Type supportrequirements.InformationType is not enhanced.

[2018-08-24 13:30:38 #42 type] 
Type supportrequirements.InformationSystemType is not enhanced.

[2018-08-24 13:30:38 #43 type] 
Type supportrequirements.InformationNeedSatisfactionRelation is not enhanced.

[2018-08-24 13:30:38 #44 type] 
Type supportrequirements.AnalysisNeedSatisfactionRelationType is not enhanced.

[2018-08-24 13:30:38 #45 type] 
Type supportrequirements.InformationNeedType is not enhanced.

[2018-08-24 13:30:38 #46 type] 
Type supportrequirements.AnalysisNeedType is not enhanced.

[2018-08-24 13:30:38 #47 type] 
Type decisionpremise.CoherenceRationaleSpec is not enhanced.

------------------------------------------------------------------------------------------------------------------------

[2018-08-24 13:30:50 #1 store] 
Database '/Users/safefy/git/BP18/Database/projectDB.odb' has been recovered (tr. 120-120)

[2018-08-24 13:30:50 #2 store] 
Database '/Users/safefy/git/BP18/Database/projectDB.odb' is opened by 3008@MacFys-MBP.fritz.box

[2018-08-24 13:30:50 #3 type] 
Type decisionprocess.DecisionProcessType is not enhanced.

[2018-08-24 13:30:50 #4 type] 
Type decisionprocess.DecisionProcessInstance is not enhanced.

[2018-08-24 13:30:50 #5 type] 
Type decisionpremise.RelevanceRelationType is not enhanced.

[2018-08-24 13:30:50 #6 type] 
Type organizationalunits.ParticipationRelationType is not enhanced.

[2018-08-24 13:30:50 #7 type] 
Type decisionprocess.StimulusType is not enhanced.

[2018-08-24 13:30:50 #8 type] 
Type decisionpremise.DecisionPremiseType is not enhanced.

[2018-08-24 13:30:50 #9 type] 
Type organizationalunits.OrganizationalUnitType is not enhanced.

[2018-08-24 13:30:50 #10 type] 
Type supportrequirements.SupportRequirementType is not enhanced.

[2018-08-24 13:30:50 #11 type] 
Type organizationalunits.BoardType is not enhanced.

[2018-08-24 13:30:50 #12 type] 
Type organizationalunits.UnitOfWorkType is not enhanced.

[2018-08-24 13:30:50 #13 type] 
Type organizationalunits.CommiteeType is not enhanced.

[2018-08-24 13:30:50 #14 type] 
Type organizationalunits.SingleUnitType is not enhanced.

[2018-08-24 13:30:50 #15 type] 
Type organizationalunits.PositionType is not enhanced.

[2018-08-24 13:30:50 #16 type] 
Type organizationalunits.RoleType is not enhanced.

[2018-08-24 13:30:50 #17 type] 
Type decisionpremise.ValueDecisionPremiseType is not enhanced.

[2018-08-24 13:30:50 #18 type] 
Type decisionpremise.AbstractGoalType is not enhanced.

[2018-08-24 13:30:50 #19 type] 
Type decisionpremise.DecisionGoalType is not enhanced.

[2018-08-24 13:30:50 #20 type] 
Type decisionpremise.Value is not enhanced.

[2018-08-24 13:30:50 #21 type] 
Type decisionpremise.OrdinalValue is not enhanced.

[2018-08-24 13:30:50 #22 type] 
Type decisionpremise.RationaleSpec is not enhanced.

[2018-08-24 13:30:50 #23 type] 
Type decisionpremise.EngagementGoalType is not enhanced.

[2018-08-24 13:30:50 #24 type] 
Type decisionpremise.SymbolicGoalType is not enhanced.

[2018-08-24 13:30:50 #25 type] 
Type decisionpremise.FactualDecisionPremiseType is not enhanced.

[2018-08-24 13:30:50 #26 type] 
Type decisionpremise.ActionVariableType is not enhanced.

[2018-08-24 13:30:50 #27 type] 
Type decisionpremise.PresumedInfluenceRelationType is not enhanced.

[2018-08-24 13:30:50 #28 type] 
Type decisionpremise.EnvironmentalFactorType is not enhanced.

[2018-08-24 13:30:50 #29 type] 
Type supportrequirements.InformationType is not enhanced.

[2018-08-24 13:30:50 #30 type] 
Type supportrequirements.InformationSystemType is not enhanced.

[2018-08-24 13:30:50 #31 type] 
Type supportrequirements.InformationNeedSatisfactionRelation is not enhanced.

[2018-08-24 13:30:50 #32 type] 
Type supportrequirements.AnalysisNeedSatisfactionRelationType is not enhanced.

[2018-08-24 13:30:50 #33 type] 
Type supportrequirements.InformationNeedType is not enhanced.

[2018-08-24 13:30:50 #34 type] 
Type supportrequirements.AnalysisNeedType is not enhanced.

[2018-08-24 13:30:50 #35 type] 
Type decisionpremise.CoherenceRationaleSpec is not enhanced.

