------------------------------------------------------------------------------------------------------------------------

[2018-08-19 17:51:44 #1 store] 
Database '/Users/safefy/git/BP18/Database/projectDB.odb' is opened by 6994@MacFys-MacBook-Pro.local

[2018-08-19 17:51:44 #2 type] 
Type decisionprocess.DecisionProcessType is not enhanced.

[2018-08-19 17:51:44 #3 type] 
Type decisionpremise.RelevanceRelationType is not enhanced.

[2018-08-19 17:51:44 #4 type] 
Type organizationalunits.ParticipationRelationType is not enhanced.

[2018-08-19 17:51:44 #5 type] 
Type decisionprocess.StimulusType is not enhanced.

[2018-08-19 17:51:44 #6 type] 
Type decisionpremise.DecisionPremiseType is not enhanced.

[2018-08-19 17:51:44 #7 type] 
Type organizationalunits.OrganizationalUnitType is not enhanced.

[2018-08-19 17:51:44 #8 type] 
Type supportrequirements.SupportRequirementType is not enhanced.

[2018-08-19 17:51:44 #9 type] 
Type organizationalunits.BoardType is not enhanced.

[2018-08-19 17:51:44 #10 type] 
Type organizationalunits.UnitOfWorkType is not enhanced.

[2018-08-19 17:51:44 #11 type] 
Type organizationalunits.CommiteeType is not enhanced.

[2018-08-19 17:51:44 #12 type] 
Type organizationalunits.SingleUnitType is not enhanced.

[2018-08-19 17:51:44 #13 type] 
Type organizationalunits.PositionType is not enhanced.

[2018-08-19 17:51:44 #14 type] 
Type organizationalunits.RoleType is not enhanced.

[2018-08-19 17:51:44 #15 type] 
Type decisionpremise.ValueDecisionPremiseType is not enhanced.

[2018-08-19 17:51:44 #16 type] 
Type decisionpremise.AbstractGoalType is not enhanced.

[2018-08-19 17:51:44 #17 type] 
Type decisionpremise.DecisionGoalType is not enhanced.

[2018-08-19 17:51:44 #18 type] 
Type decisionpremise.Value is not enhanced.

[2018-08-19 17:51:44 #19 type] 
Type decisionpremise.OrdinalValue is not enhanced.

[2018-08-19 17:51:44 #20 type] 
Type decisionpremise.RationaleSpec is not enhanced.

[2018-08-19 17:51:44 #21 type] 
Type decisionpremise.EngagementGoalType is not enhanced.

[2018-08-19 17:51:44 #22 type] 
Type decisionpremise.SymbolicGoalType is not enhanced.

[2018-08-19 17:51:44 #23 type] 
Type decisionpremise.FactualDecisionPremiseType is not enhanced.

[2018-08-19 17:51:44 #24 type] 
Type decisionpremise.ActionVariableType is not enhanced.

[2018-08-19 17:51:44 #25 type] 
Type decisionpremise.PresumedInfluenceRelationType is not enhanced.

[2018-08-19 17:51:44 #26 type] 
Type decisionpremise.EnvironmentalFactorType is not enhanced.

[2018-08-19 17:51:44 #27 type] 
Type supportrequirements.InformationType is not enhanced.

[2018-08-19 17:51:44 #28 type] 
Type supportrequirements.InformationSystemType is not enhanced.

[2018-08-19 17:51:44 #29 type] 
Type supportrequirements.InformationNeedSatisfactionRelation is not enhanced.

[2018-08-19 17:51:44 #30 type] 
Type supportrequirements.AnalysisNeedSatisfactionRelationType is not enhanced.

[2018-08-19 17:51:44 #31 type] 
Type supportrequirements.InformationNeedType is not enhanced.

[2018-08-19 17:51:44 #32 type] 
Type supportrequirements.AnalysisNeedType is not enhanced.

[2018-08-19 17:51:44 #33 type] 
Type decisionpremise.CoherenceRationaleSpec is not enhanced.

------------------------------------------------------------------------------------------------------------------------

[2018-08-19 17:53:22 #1 store] 
Database '/Users/safefy/git/BP18/Database/projectDB.odb' is opened by 7016@MacFys-MacBook-Pro.local

[2018-08-19 17:53:22 #2 type] 
Type decisionprocess.DecisionProcessType is not enhanced.

[2018-08-19 17:53:22 #3 type] 
Type decisionprocess.DecisionProcessInstance is not enhanced.

[2018-08-19 17:53:22 #4 type.registry] 
New type decisionprocess.StimulusInstance

[2018-08-19 17:53:23 #5 type.registry] 
New type javafx.beans.Observable

[2018-08-19 17:53:23 #6 type.registry] 
New type javafx.beans.value.ObservableValue

[2018-08-19 17:53:23 #7 type.registry] 
New type javafx.beans.value.ObservableObjectValue

[2018-08-19 17:53:23 #8 type.registry] 
New type javafx.beans.value.ObservableStringValue

[2018-08-19 17:53:23 #9 type.registry] 
New type javafx.beans.binding.StringExpression

[2018-08-19 17:53:23 #10 type.registry] 
New type javafx.beans.property.ReadOnlyProperty

[2018-08-19 17:53:23 #11 type.registry] 
New type javafx.beans.property.ReadOnlyStringProperty

[2018-08-19 17:53:23 #12 type.registry] 
New type javafx.beans.value.WritableValue

[2018-08-19 17:53:23 #13 type.registry] 
New type javafx.beans.property.Property

[2018-08-19 17:53:23 #14 type.registry] 
New type javafx.beans.value.WritableObjectValue

[2018-08-19 17:53:23 #15 type.registry] 
New type javafx.beans.value.WritableStringValue

[2018-08-19 17:53:23 #16 type.registry] 
New type javafx.beans.property.StringProperty

[2018-08-19 17:53:23 #17 type] 
Type decisionpremise.RelevanceRelationType is not enhanced.

[2018-08-19 17:53:23 #18 type] 
Type organizationalunits.ParticipationRelationType is not enhanced.

[2018-08-19 17:53:23 #19 type] 
Type decisionprocess.StimulusType is not enhanced.

[2018-08-19 17:53:23 #20 type] 
Type decisionpremise.DecisionPremiseType is not enhanced.

[2018-08-19 17:53:23 #21 type] 
Type organizationalunits.OrganizationalUnitType is not enhanced.

[2018-08-19 17:53:23 #22 type] 
Type supportrequirements.SupportRequirementType is not enhanced.

[2018-08-19 17:53:23 #23 type] 
Type organizationalunits.BoardType is not enhanced.

[2018-08-19 17:53:23 #24 type] 
Type organizationalunits.UnitOfWorkType is not enhanced.

[2018-08-19 17:53:23 #25 type] 
Type organizationalunits.CommiteeType is not enhanced.

[2018-08-19 17:53:23 #26 type] 
Type organizationalunits.SingleUnitType is not enhanced.

[2018-08-19 17:53:23 #27 type] 
Type organizationalunits.PositionType is not enhanced.

[2018-08-19 17:53:23 #28 type] 
Type organizationalunits.RoleType is not enhanced.

[2018-08-19 17:53:23 #29 type] 
Type decisionpremise.ValueDecisionPremiseType is not enhanced.

[2018-08-19 17:53:23 #30 type] 
Type decisionpremise.AbstractGoalType is not enhanced.

[2018-08-19 17:53:23 #31 type] 
Type decisionpremise.DecisionGoalType is not enhanced.

[2018-08-19 17:53:23 #32 type] 
Type decisionpremise.Value is not enhanced.

[2018-08-19 17:53:23 #33 type] 
Type decisionpremise.OrdinalValue is not enhanced.

[2018-08-19 17:53:23 #34 type] 
Type decisionpremise.RationaleSpec is not enhanced.

[2018-08-19 17:53:23 #35 type] 
Type decisionpremise.EngagementGoalType is not enhanced.

[2018-08-19 17:53:23 #36 type] 
Type decisionpremise.SymbolicGoalType is not enhanced.

[2018-08-19 17:53:23 #37 type] 
Type decisionpremise.FactualDecisionPremiseType is not enhanced.

[2018-08-19 17:53:23 #38 type] 
Type decisionpremise.ActionVariableType is not enhanced.

[2018-08-19 17:53:23 #39 type] 
Type decisionpremise.PresumedInfluenceRelationType is not enhanced.

[2018-08-19 17:53:23 #40 type] 
Type decisionpremise.EnvironmentalFactorType is not enhanced.

[2018-08-19 17:53:23 #41 type] 
Type supportrequirements.InformationType is not enhanced.

[2018-08-19 17:53:23 #42 type] 
Type supportrequirements.InformationSystemType is not enhanced.

[2018-08-19 17:53:23 #43 type] 
Type supportrequirements.InformationNeedSatisfactionRelation is not enhanced.

[2018-08-19 17:53:23 #44 type] 
Type supportrequirements.AnalysisNeedSatisfactionRelationType is not enhanced.

[2018-08-19 17:53:23 #45 type] 
Type supportrequirements.InformationNeedType is not enhanced.

[2018-08-19 17:53:23 #46 type] 
Type supportrequirements.AnalysisNeedType is not enhanced.

[2018-08-19 17:53:23 #47 type] 
Type decisionpremise.CoherenceRationaleSpec is not enhanced.

------------------------------------------------------------------------------------------------------------------------

[2018-08-19 17:56:13 #1 store] 
Database '/Users/safefy/git/BP18/Database/projectDB.odb' is opened by 7038@MacFys-MacBook-Pro.local

[2018-08-19 17:56:13 #2 type] 
Type decisionprocess.DecisionProcessType is not enhanced.

[2018-08-19 17:56:13 #3 type] 
Type decisionpremise.RelevanceRelationType is not enhanced.

[2018-08-19 17:56:13 #4 type] 
Type organizationalunits.ParticipationRelationType is not enhanced.

[2018-08-19 17:56:13 #5 type] 
Type decisionprocess.StimulusType is not enhanced.

[2018-08-19 17:56:13 #6 type] 
Type decisionpremise.DecisionPremiseType is not enhanced.

[2018-08-19 17:56:13 #7 type] 
Type organizationalunits.OrganizationalUnitType is not enhanced.

[2018-08-19 17:56:13 #8 type] 
Type supportrequirements.SupportRequirementType is not enhanced.

[2018-08-19 17:56:13 #9 type] 
Type organizationalunits.BoardType is not enhanced.

[2018-08-19 17:56:13 #10 type] 
Type organizationalunits.UnitOfWorkType is not enhanced.

[2018-08-19 17:56:13 #11 type] 
Type organizationalunits.CommiteeType is not enhanced.

[2018-08-19 17:56:13 #12 type] 
Type organizationalunits.SingleUnitType is not enhanced.

[2018-08-19 17:56:13 #13 type] 
Type organizationalunits.PositionType is not enhanced.

[2018-08-19 17:56:13 #14 type] 
Type organizationalunits.RoleType is not enhanced.

[2018-08-19 17:56:13 #15 type] 
Type decisionpremise.ValueDecisionPremiseType is not enhanced.

[2018-08-19 17:56:13 #16 type] 
Type decisionpremise.AbstractGoalType is not enhanced.

[2018-08-19 17:56:13 #17 type] 
Type decisionpremise.DecisionGoalType is not enhanced.

[2018-08-19 17:56:13 #18 type] 
Type decisionpremise.Value is not enhanced.

[2018-08-19 17:56:13 #19 type] 
Type decisionpremise.OrdinalValue is not enhanced.

[2018-08-19 17:56:13 #20 type] 
Type decisionpremise.RationaleSpec is not enhanced.

[2018-08-19 17:56:13 #21 type] 
Type decisionpremise.EngagementGoalType is not enhanced.

[2018-08-19 17:56:13 #22 type] 
Type decisionpremise.SymbolicGoalType is not enhanced.

[2018-08-19 17:56:13 #23 type] 
Type decisionpremise.FactualDecisionPremiseType is not enhanced.

[2018-08-19 17:56:13 #24 type] 
Type decisionpremise.ActionVariableType is not enhanced.

[2018-08-19 17:56:13 #25 type] 
Type decisionpremise.PresumedInfluenceRelationType is not enhanced.

[2018-08-19 17:56:13 #26 type] 
Type decisionpremise.EnvironmentalFactorType is not enhanced.

[2018-08-19 17:56:13 #27 type] 
Type supportrequirements.InformationType is not enhanced.

[2018-08-19 17:56:13 #28 type] 
Type supportrequirements.InformationSystemType is not enhanced.

[2018-08-19 17:56:13 #29 type] 
Type supportrequirements.InformationNeedSatisfactionRelation is not enhanced.

[2018-08-19 17:56:13 #30 type] 
Type supportrequirements.AnalysisNeedSatisfactionRelationType is not enhanced.

[2018-08-19 17:56:13 #31 type] 
Type supportrequirements.InformationNeedType is not enhanced.

[2018-08-19 17:56:13 #32 type] 
Type supportrequirements.AnalysisNeedType is not enhanced.

[2018-08-19 17:56:13 #33 type] 
Type decisionpremise.CoherenceRationaleSpec is not enhanced.

------------------------------------------------------------------------------------------------------------------------

[2018-08-19 18:07:22 #1 store] 
Database '/Users/safefy/git/BP18/Database/projectDB.odb' is opened by 7116@MacFys-MacBook-Pro.local

[2018-08-19 18:07:22 #2 type] 
Type decisionprocess.DecisionProcessType is not enhanced.

[2018-08-19 18:07:22 #3 type] 
Type decisionprocess.DecisionProcessInstance is not enhanced.

[2018-08-19 18:07:22 #4 type.registry] 
New type decisionprocess.StimulusInstance

[2018-08-19 18:07:22 #5 type.registry] 
New type javafx.beans.Observable

[2018-08-19 18:07:22 #6 type.registry] 
New type javafx.beans.value.ObservableValue

[2018-08-19 18:07:22 #7 type.registry] 
New type javafx.beans.value.ObservableObjectValue

[2018-08-19 18:07:22 #8 type.registry] 
New type javafx.beans.value.ObservableStringValue

[2018-08-19 18:07:22 #9 type.registry] 
New type javafx.beans.binding.StringExpression

[2018-08-19 18:07:22 #10 type.registry] 
New type javafx.beans.property.ReadOnlyProperty

[2018-08-19 18:07:22 #11 type.registry] 
New type javafx.beans.property.ReadOnlyStringProperty

[2018-08-19 18:07:22 #12 type.registry] 
New type javafx.beans.value.WritableValue

[2018-08-19 18:07:22 #13 type.registry] 
New type javafx.beans.property.Property

[2018-08-19 18:07:22 #14 type.registry] 
New type javafx.beans.value.WritableObjectValue

[2018-08-19 18:07:22 #15 type.registry] 
New type javafx.beans.value.WritableStringValue

[2018-08-19 18:07:22 #16 type.registry] 
New type javafx.beans.property.StringProperty

[2018-08-19 18:07:22 #17 type] 
Type decisionpremise.RelevanceRelationType is not enhanced.

[2018-08-19 18:07:22 #18 type] 
Type organizationalunits.ParticipationRelationType is not enhanced.

[2018-08-19 18:07:22 #19 type] 
Type decisionprocess.StimulusType is not enhanced.

[2018-08-19 18:07:22 #20 type] 
Type decisionpremise.DecisionPremiseType is not enhanced.

[2018-08-19 18:07:22 #21 type] 
Type organizationalunits.OrganizationalUnitType is not enhanced.

[2018-08-19 18:07:22 #22 type] 
Type supportrequirements.SupportRequirementType is not enhanced.

[2018-08-19 18:07:22 #23 type] 
Type organizationalunits.BoardType is not enhanced.

[2018-08-19 18:07:22 #24 type] 
Type organizationalunits.UnitOfWorkType is not enhanced.

[2018-08-19 18:07:22 #25 type] 
Type organizationalunits.CommiteeType is not enhanced.

[2018-08-19 18:07:22 #26 type] 
Type organizationalunits.SingleUnitType is not enhanced.

[2018-08-19 18:07:22 #27 type] 
Type organizationalunits.PositionType is not enhanced.

[2018-08-19 18:07:22 #28 type] 
Type organizationalunits.RoleType is not enhanced.

[2018-08-19 18:07:22 #29 type] 
Type decisionpremise.ValueDecisionPremiseType is not enhanced.

[2018-08-19 18:07:22 #30 type] 
Type decisionpremise.AbstractGoalType is not enhanced.

[2018-08-19 18:07:22 #31 type] 
Type decisionpremise.DecisionGoalType is not enhanced.

[2018-08-19 18:07:22 #32 type] 
Type decisionpremise.Value is not enhanced.

[2018-08-19 18:07:22 #33 type] 
Type decisionpremise.OrdinalValue is not enhanced.

[2018-08-19 18:07:22 #34 type] 
Type decisionpremise.RationaleSpec is not enhanced.

[2018-08-19 18:07:22 #35 type] 
Type decisionpremise.EngagementGoalType is not enhanced.

[2018-08-19 18:07:22 #36 type] 
Type decisionpremise.SymbolicGoalType is not enhanced.

[2018-08-19 18:07:22 #37 type] 
Type decisionpremise.FactualDecisionPremiseType is not enhanced.

[2018-08-19 18:07:22 #38 type] 
Type decisionpremise.ActionVariableType is not enhanced.

[2018-08-19 18:07:22 #39 type] 
Type decisionpremise.PresumedInfluenceRelationType is not enhanced.

[2018-08-19 18:07:22 #40 type] 
Type decisionpremise.EnvironmentalFactorType is not enhanced.

[2018-08-19 18:07:22 #41 type] 
Type supportrequirements.InformationType is not enhanced.

[2018-08-19 18:07:22 #42 type] 
Type supportrequirements.InformationSystemType is not enhanced.

[2018-08-19 18:07:22 #43 type] 
Type supportrequirements.InformationNeedSatisfactionRelation is not enhanced.

[2018-08-19 18:07:22 #44 type] 
Type supportrequirements.AnalysisNeedSatisfactionRelationType is not enhanced.

[2018-08-19 18:07:22 #45 type] 
Type supportrequirements.InformationNeedType is not enhanced.

[2018-08-19 18:07:22 #46 type] 
Type supportrequirements.AnalysisNeedType is not enhanced.

[2018-08-19 18:07:22 #47 type] 
Type decisionpremise.CoherenceRationaleSpec is not enhanced.

