------------------------------------------------------------------------------------------------------------------------

[2018-08-20 14:04:42 #1 store] 
Database '/Users/safefy/git/BP18/Database/projectDB.odb' is opened by 9102@MacFys-MacBook-Pro.local

[2018-08-20 14:04:42 #2 type] 
Type decisionprocess.DecisionProcessType is not enhanced.

[2018-08-20 14:04:42 #3 type] 
Type decisionpremise.RelevanceRelationType is not enhanced.

[2018-08-20 14:04:42 #4 type] 
Type organizationalunits.ParticipationRelationType is not enhanced.

[2018-08-20 14:04:42 #5 type] 
Type decisionprocess.StimulusType is not enhanced.

[2018-08-20 14:04:42 #6 type] 
Type decisionpremise.DecisionPremiseType is not enhanced.

[2018-08-20 14:04:42 #7 type] 
Type organizationalunits.OrganizationalUnitType is not enhanced.

[2018-08-20 14:04:42 #8 type] 
Type supportrequirements.SupportRequirementType is not enhanced.

[2018-08-20 14:04:42 #9 type] 
Type organizationalunits.BoardType is not enhanced.

[2018-08-20 14:04:42 #10 type] 
Type organizationalunits.UnitOfWorkType is not enhanced.

[2018-08-20 14:04:42 #11 type] 
Type organizationalunits.CommiteeType is not enhanced.

[2018-08-20 14:04:42 #12 type] 
Type organizationalunits.SingleUnitType is not enhanced.

[2018-08-20 14:04:42 #13 type] 
Type organizationalunits.PositionType is not enhanced.

[2018-08-20 14:04:42 #14 type] 
Type organizationalunits.RoleType is not enhanced.

[2018-08-20 14:04:42 #15 type] 
Type decisionpremise.ValueDecisionPremiseType is not enhanced.

[2018-08-20 14:04:42 #16 type] 
Type decisionpremise.AbstractGoalType is not enhanced.

[2018-08-20 14:04:42 #17 type] 
Type decisionpremise.DecisionGoalType is not enhanced.

[2018-08-20 14:04:42 #18 type] 
Type decisionpremise.Value is not enhanced.

[2018-08-20 14:04:42 #19 type] 
Type decisionpremise.OrdinalValue is not enhanced.

[2018-08-20 14:04:42 #20 type] 
Type decisionpremise.RationaleSpec is not enhanced.

[2018-08-20 14:04:42 #21 type] 
Type decisionpremise.EngagementGoalType is not enhanced.

[2018-08-20 14:04:42 #22 type] 
Type decisionpremise.SymbolicGoalType is not enhanced.

[2018-08-20 14:04:42 #23 type] 
Type decisionpremise.FactualDecisionPremiseType is not enhanced.

[2018-08-20 14:04:42 #24 type] 
Type decisionpremise.ActionVariableType is not enhanced.

[2018-08-20 14:04:42 #25 type] 
Type decisionpremise.PresumedInfluenceRelationType is not enhanced.

[2018-08-20 14:04:42 #26 type] 
Type decisionpremise.EnvironmentalFactorType is not enhanced.

[2018-08-20 14:04:42 #27 type] 
Type supportrequirements.InformationType is not enhanced.

[2018-08-20 14:04:42 #28 type] 
Type supportrequirements.InformationSystemType is not enhanced.

[2018-08-20 14:04:42 #29 type] 
Type supportrequirements.InformationNeedSatisfactionRelation is not enhanced.

[2018-08-20 14:04:42 #30 type] 
Type supportrequirements.AnalysisNeedSatisfactionRelationType is not enhanced.

[2018-08-20 14:04:42 #31 type] 
Type supportrequirements.InformationNeedType is not enhanced.

[2018-08-20 14:04:42 #32 type] 
Type supportrequirements.AnalysisNeedType is not enhanced.

[2018-08-20 14:04:42 #33 type] 
Type decisionpremise.CoherenceRationaleSpec is not enhanced.

------------------------------------------------------------------------------------------------------------------------

[2018-08-20 14:42:34 #1 store] 
Database '/Users/safefy/git/BP18/Database/projectDB.odb' is opened by 9227@MacFys-MacBook-Pro.local

[2018-08-20 14:42:37 #2 type] 
Type decisionprocess.DecisionProcessType is not enhanced.

[2018-08-20 14:42:38 #3 type] 
Type decisionprocess.DecisionProcessInstance is not enhanced.

[2018-08-20 14:42:38 #4 type.registry] 
New type decisionprocess.StimulusInstance

[2018-08-20 14:42:38 #5 type.registry] 
New type javafx.beans.Observable

[2018-08-20 14:42:38 #6 type.registry] 
New type javafx.beans.value.ObservableValue

[2018-08-20 14:42:38 #7 type.registry] 
New type javafx.beans.value.ObservableObjectValue

[2018-08-20 14:42:38 #8 type.registry] 
New type javafx.beans.value.ObservableStringValue

[2018-08-20 14:42:38 #9 type.registry] 
New type javafx.beans.binding.StringExpression

[2018-08-20 14:42:38 #10 type.registry] 
New type javafx.beans.property.ReadOnlyProperty

[2018-08-20 14:42:38 #11 type.registry] 
New type javafx.beans.property.ReadOnlyStringProperty

[2018-08-20 14:42:38 #12 type.registry] 
New type javafx.beans.value.WritableValue

[2018-08-20 14:42:38 #13 type.registry] 
New type javafx.beans.property.Property

[2018-08-20 14:42:38 #14 type.registry] 
New type javafx.beans.value.WritableObjectValue

[2018-08-20 14:42:38 #15 type.registry] 
New type javafx.beans.value.WritableStringValue

[2018-08-20 14:42:38 #16 type.registry] 
New type javafx.beans.property.StringProperty

[2018-08-20 14:42:39 #17 type] 
Type decisionpremise.RelevanceRelationType is not enhanced.

[2018-08-20 14:42:39 #18 type] 
Type organizationalunits.ParticipationRelationType is not enhanced.

[2018-08-20 14:42:39 #19 type] 
Type decisionprocess.StimulusType is not enhanced.

[2018-08-20 14:42:40 #20 type] 
Type decisionpremise.DecisionPremiseType is not enhanced.

[2018-08-20 14:42:40 #21 type] 
Type organizationalunits.OrganizationalUnitType is not enhanced.

[2018-08-20 14:42:41 #22 type] 
Type supportrequirements.SupportRequirementType is not enhanced.

[2018-08-20 14:42:41 #23 type] 
Type organizationalunits.BoardType is not enhanced.

[2018-08-20 14:42:41 #24 type] 
Type organizationalunits.UnitOfWorkType is not enhanced.

[2018-08-20 14:42:41 #25 type] 
Type organizationalunits.CommiteeType is not enhanced.

[2018-08-20 14:42:41 #26 type] 
Type organizationalunits.SingleUnitType is not enhanced.

[2018-08-20 14:42:42 #27 type] 
Type organizationalunits.PositionType is not enhanced.

[2018-08-20 14:42:42 #28 type] 
Type organizationalunits.RoleType is not enhanced.

[2018-08-20 14:42:42 #29 type] 
Type decisionpremise.ValueDecisionPremiseType is not enhanced.

[2018-08-20 14:42:42 #30 type] 
Type decisionpremise.AbstractGoalType is not enhanced.

[2018-08-20 14:42:43 #31 type] 
Type decisionpremise.DecisionGoalType is not enhanced.

[2018-08-20 14:42:43 #32 type] 
Type decisionpremise.Value is not enhanced.

[2018-08-20 14:42:43 #33 type] 
Type decisionpremise.OrdinalValue is not enhanced.

[2018-08-20 14:42:43 #34 type] 
Type decisionpremise.RationaleSpec is not enhanced.

[2018-08-20 14:42:43 #35 type] 
Type decisionpremise.EngagementGoalType is not enhanced.

[2018-08-20 14:42:44 #36 type] 
Type decisionpremise.SymbolicGoalType is not enhanced.

[2018-08-20 14:42:44 #37 type] 
Type decisionpremise.FactualDecisionPremiseType is not enhanced.

[2018-08-20 14:42:44 #38 type] 
Type decisionpremise.ActionVariableType is not enhanced.

[2018-08-20 14:42:44 #39 type] 
Type decisionpremise.PresumedInfluenceRelationType is not enhanced.

[2018-08-20 14:42:44 #40 type] 
Type decisionpremise.EnvironmentalFactorType is not enhanced.

[2018-08-20 14:42:45 #41 type] 
Type supportrequirements.InformationType is not enhanced.

[2018-08-20 14:42:45 #42 type] 
Type supportrequirements.InformationSystemType is not enhanced.

[2018-08-20 14:42:45 #43 type] 
Type supportrequirements.InformationNeedSatisfactionRelation is not enhanced.

[2018-08-20 14:42:45 #44 type] 
Type supportrequirements.AnalysisNeedSatisfactionRelationType is not enhanced.

[2018-08-20 14:42:46 #45 type] 
Type supportrequirements.InformationNeedType is not enhanced.

[2018-08-20 14:42:46 #46 type] 
Type supportrequirements.AnalysisNeedType is not enhanced.

[2018-08-20 14:42:46 #47 type] 
Type decisionpremise.CoherenceRationaleSpec is not enhanced.

------------------------------------------------------------------------------------------------------------------------

[2018-08-20 14:44:00 #1 store] 
Database '/Users/safefy/git/BP18/Database/projectDB.odb' is opened by 9250@MacFys-MacBook-Pro.local

[2018-08-20 14:44:01 #2 type] 
Type decisionprocess.DecisionProcessType is not enhanced.

[2018-08-20 14:44:01 #3 type] 
Type decisionprocess.DecisionProcessInstance is not enhanced.

[2018-08-20 14:44:01 #4 type.registry] 
New type decisionprocess.StimulusInstance

[2018-08-20 14:44:01 #5 type.registry] 
New type javafx.beans.Observable

[2018-08-20 14:44:01 #6 type.registry] 
New type javafx.beans.value.ObservableValue

[2018-08-20 14:44:01 #7 type.registry] 
New type javafx.beans.value.ObservableObjectValue

[2018-08-20 14:44:01 #8 type.registry] 
New type javafx.beans.value.ObservableStringValue

[2018-08-20 14:44:01 #9 type.registry] 
New type javafx.beans.binding.StringExpression

[2018-08-20 14:44:01 #10 type.registry] 
New type javafx.beans.property.ReadOnlyProperty

[2018-08-20 14:44:01 #11 type.registry] 
New type javafx.beans.property.ReadOnlyStringProperty

[2018-08-20 14:44:01 #12 type.registry] 
New type javafx.beans.value.WritableValue

[2018-08-20 14:44:01 #13 type.registry] 
New type javafx.beans.property.Property

[2018-08-20 14:44:01 #14 type.registry] 
New type javafx.beans.value.WritableObjectValue

[2018-08-20 14:44:01 #15 type.registry] 
New type javafx.beans.value.WritableStringValue

[2018-08-20 14:44:01 #16 type.registry] 
New type javafx.beans.property.StringProperty

[2018-08-20 14:44:01 #17 type] 
Type decisionpremise.RelevanceRelationType is not enhanced.

[2018-08-20 14:44:01 #18 type] 
Type organizationalunits.ParticipationRelationType is not enhanced.

[2018-08-20 14:44:01 #19 type] 
Type decisionprocess.StimulusType is not enhanced.

[2018-08-20 14:44:01 #20 type] 
Type decisionpremise.DecisionPremiseType is not enhanced.

[2018-08-20 14:44:01 #21 type] 
Type organizationalunits.OrganizationalUnitType is not enhanced.

[2018-08-20 14:44:01 #22 type] 
Type supportrequirements.SupportRequirementType is not enhanced.

[2018-08-20 14:44:01 #23 type] 
Type organizationalunits.BoardType is not enhanced.

[2018-08-20 14:44:01 #24 type] 
Type organizationalunits.UnitOfWorkType is not enhanced.

[2018-08-20 14:44:01 #25 type] 
Type organizationalunits.CommiteeType is not enhanced.

[2018-08-20 14:44:01 #26 type] 
Type organizationalunits.SingleUnitType is not enhanced.

[2018-08-20 14:44:01 #27 type] 
Type organizationalunits.PositionType is not enhanced.

[2018-08-20 14:44:01 #28 type] 
Type organizationalunits.RoleType is not enhanced.

[2018-08-20 14:44:01 #29 type] 
Type decisionpremise.ValueDecisionPremiseType is not enhanced.

[2018-08-20 14:44:01 #30 type] 
Type decisionpremise.AbstractGoalType is not enhanced.

[2018-08-20 14:44:01 #31 type] 
Type decisionpremise.DecisionGoalType is not enhanced.

[2018-08-20 14:44:01 #32 type] 
Type decisionpremise.Value is not enhanced.

[2018-08-20 14:44:01 #33 type] 
Type decisionpremise.OrdinalValue is not enhanced.

[2018-08-20 14:44:01 #34 type] 
Type decisionpremise.RationaleSpec is not enhanced.

[2018-08-20 14:44:01 #35 type] 
Type decisionpremise.EngagementGoalType is not enhanced.

[2018-08-20 14:44:01 #36 type] 
Type decisionpremise.SymbolicGoalType is not enhanced.

[2018-08-20 14:44:01 #37 type] 
Type decisionpremise.FactualDecisionPremiseType is not enhanced.

[2018-08-20 14:44:01 #38 type] 
Type decisionpremise.ActionVariableType is not enhanced.

[2018-08-20 14:44:01 #39 type] 
Type decisionpremise.PresumedInfluenceRelationType is not enhanced.

[2018-08-20 14:44:01 #40 type] 
Type decisionpremise.EnvironmentalFactorType is not enhanced.

[2018-08-20 14:44:01 #41 type] 
Type supportrequirements.InformationType is not enhanced.

[2018-08-20 14:44:01 #42 type] 
Type supportrequirements.InformationSystemType is not enhanced.

[2018-08-20 14:44:01 #43 type] 
Type supportrequirements.InformationNeedSatisfactionRelation is not enhanced.

[2018-08-20 14:44:01 #44 type] 
Type supportrequirements.AnalysisNeedSatisfactionRelationType is not enhanced.

[2018-08-20 14:44:01 #45 type] 
Type supportrequirements.InformationNeedType is not enhanced.

[2018-08-20 14:44:01 #46 type] 
Type supportrequirements.AnalysisNeedType is not enhanced.

[2018-08-20 14:44:01 #47 type] 
Type decisionpremise.CoherenceRationaleSpec is not enhanced.

------------------------------------------------------------------------------------------------------------------------

[2018-08-20 14:45:00 #1 store] 
Database '/Users/safefy/git/BP18/Database/projectDB.odb' is opened by 9258@MacFys-MacBook-Pro.local

[2018-08-20 14:45:03 #2 type] 
Type decisionprocess.DecisionProcessType is not enhanced.

[2018-08-20 14:45:04 #3 type] 
Type decisionprocess.DecisionProcessInstance is not enhanced.

[2018-08-20 14:45:04 #4 type.registry] 
New type decisionprocess.StimulusInstance

[2018-08-20 14:45:04 #5 type.registry] 
New type javafx.beans.Observable

[2018-08-20 14:45:04 #6 type.registry] 
New type javafx.beans.value.ObservableValue

[2018-08-20 14:45:04 #7 type.registry] 
New type javafx.beans.value.ObservableObjectValue

[2018-08-20 14:45:04 #8 type.registry] 
New type javafx.beans.value.ObservableStringValue

[2018-08-20 14:45:04 #9 type.registry] 
New type javafx.beans.binding.StringExpression

[2018-08-20 14:45:04 #10 type.registry] 
New type javafx.beans.property.ReadOnlyProperty

[2018-08-20 14:45:04 #11 type.registry] 
New type javafx.beans.property.ReadOnlyStringProperty

[2018-08-20 14:45:04 #12 type.registry] 
New type javafx.beans.value.WritableValue

[2018-08-20 14:45:04 #13 type.registry] 
New type javafx.beans.property.Property

[2018-08-20 14:45:04 #14 type.registry] 
New type javafx.beans.value.WritableObjectValue

[2018-08-20 14:45:04 #15 type.registry] 
New type javafx.beans.value.WritableStringValue

[2018-08-20 14:45:04 #16 type.registry] 
New type javafx.beans.property.StringProperty

[2018-08-20 14:45:05 #17 type] 
Type decisionpremise.RelevanceRelationType is not enhanced.

[2018-08-20 14:45:05 #18 type] 
Type organizationalunits.ParticipationRelationType is not enhanced.

[2018-08-20 14:45:05 #19 type] 
Type decisionprocess.StimulusType is not enhanced.

[2018-08-20 14:45:06 #20 type] 
Type decisionpremise.DecisionPremiseType is not enhanced.

[2018-08-20 14:45:06 #21 type] 
Type organizationalunits.OrganizationalUnitType is not enhanced.

[2018-08-20 14:45:06 #22 type] 
Type supportrequirements.SupportRequirementType is not enhanced.

[2018-08-20 14:45:07 #23 type] 
Type organizationalunits.BoardType is not enhanced.

[2018-08-20 14:45:07 #24 type] 
Type organizationalunits.UnitOfWorkType is not enhanced.

[2018-08-20 14:45:07 #25 type] 
Type organizationalunits.CommiteeType is not enhanced.

[2018-08-20 14:45:07 #26 type] 
Type organizationalunits.SingleUnitType is not enhanced.

[2018-08-20 14:45:07 #27 type] 
Type organizationalunits.PositionType is not enhanced.

[2018-08-20 14:45:07 #28 type] 
Type organizationalunits.RoleType is not enhanced.

[2018-08-20 14:45:08 #29 type] 
Type decisionpremise.ValueDecisionPremiseType is not enhanced.

[2018-08-20 14:45:08 #30 type] 
Type decisionpremise.AbstractGoalType is not enhanced.

[2018-08-20 14:45:08 #31 type] 
Type decisionpremise.DecisionGoalType is not enhanced.

[2018-08-20 14:45:08 #32 type] 
Type decisionpremise.Value is not enhanced.

[2018-08-20 14:45:08 #33 type] 
Type decisionpremise.OrdinalValue is not enhanced.

[2018-08-20 14:45:09 #34 type] 
Type decisionpremise.RationaleSpec is not enhanced.

[2018-08-20 14:45:09 #35 type] 
Type decisionpremise.EngagementGoalType is not enhanced.

[2018-08-20 14:45:09 #36 type] 
Type decisionpremise.SymbolicGoalType is not enhanced.

[2018-08-20 14:45:09 #37 type] 
Type decisionpremise.FactualDecisionPremiseType is not enhanced.

[2018-08-20 14:45:09 #38 type] 
Type decisionpremise.ActionVariableType is not enhanced.

[2018-08-20 14:45:09 #39 type] 
Type decisionpremise.PresumedInfluenceRelationType is not enhanced.

[2018-08-20 14:45:10 #40 type] 
Type decisionpremise.EnvironmentalFactorType is not enhanced.

[2018-08-20 14:45:10 #41 type] 
Type supportrequirements.InformationType is not enhanced.

[2018-08-20 14:45:10 #42 type] 
Type supportrequirements.InformationSystemType is not enhanced.

[2018-08-20 14:45:10 #43 type] 
Type supportrequirements.InformationNeedSatisfactionRelation is not enhanced.

[2018-08-20 14:45:11 #44 type] 
Type supportrequirements.AnalysisNeedSatisfactionRelationType is not enhanced.

[2018-08-20 14:45:11 #45 type] 
Type supportrequirements.InformationNeedType is not enhanced.

[2018-08-20 14:45:11 #46 type] 
Type supportrequirements.AnalysisNeedType is not enhanced.

[2018-08-20 14:45:11 #47 type] 
Type decisionpremise.CoherenceRationaleSpec is not enhanced.

------------------------------------------------------------------------------------------------------------------------

[2018-08-20 14:57:07 #1 store] 
Database '/Users/safefy/git/BP18/Database/projectDB.odb' is opened by 9347@MacFys-MacBook-Pro.local

[2018-08-20 14:57:07 #2 type] 
Type decisionprocess.DecisionProcessType is not enhanced.

[2018-08-20 14:57:07 #3 type] 
Type decisionprocess.DecisionProcessInstance is not enhanced.

[2018-08-20 14:57:07 #4 type.registry] 
New type decisionprocess.StimulusInstance

[2018-08-20 14:57:07 #5 type.registry] 
New type javafx.beans.Observable

[2018-08-20 14:57:07 #6 type.registry] 
New type javafx.beans.value.ObservableValue

[2018-08-20 14:57:07 #7 type.registry] 
New type javafx.beans.value.ObservableObjectValue

[2018-08-20 14:57:07 #8 type.registry] 
New type javafx.beans.value.ObservableStringValue

[2018-08-20 14:57:07 #9 type.registry] 
New type javafx.beans.binding.StringExpression

[2018-08-20 14:57:07 #10 type.registry] 
New type javafx.beans.property.ReadOnlyProperty

[2018-08-20 14:57:07 #11 type.registry] 
New type javafx.beans.property.ReadOnlyStringProperty

[2018-08-20 14:57:07 #12 type.registry] 
New type javafx.beans.value.WritableValue

[2018-08-20 14:57:07 #13 type.registry] 
New type javafx.beans.property.Property

[2018-08-20 14:57:07 #14 type.registry] 
New type javafx.beans.value.WritableObjectValue

[2018-08-20 14:57:07 #15 type.registry] 
New type javafx.beans.value.WritableStringValue

[2018-08-20 14:57:07 #16 type.registry] 
New type javafx.beans.property.StringProperty

[2018-08-20 14:57:07 #17 type] 
Type decisionpremise.RelevanceRelationType is not enhanced.

[2018-08-20 14:57:07 #18 type] 
Type organizationalunits.ParticipationRelationType is not enhanced.

[2018-08-20 14:57:07 #19 type] 
Type decisionprocess.StimulusType is not enhanced.

[2018-08-20 14:57:07 #20 type] 
Type decisionpremise.DecisionPremiseType is not enhanced.

[2018-08-20 14:57:07 #21 type] 
Type organizationalunits.OrganizationalUnitType is not enhanced.

[2018-08-20 14:57:07 #22 type] 
Type supportrequirements.SupportRequirementType is not enhanced.

[2018-08-20 14:57:07 #23 type] 
Type organizationalunits.BoardType is not enhanced.

[2018-08-20 14:57:07 #24 type] 
Type organizationalunits.UnitOfWorkType is not enhanced.

[2018-08-20 14:57:07 #25 type] 
Type organizationalunits.CommiteeType is not enhanced.

[2018-08-20 14:57:07 #26 type] 
Type organizationalunits.SingleUnitType is not enhanced.

[2018-08-20 14:57:07 #27 type] 
Type organizationalunits.PositionType is not enhanced.

[2018-08-20 14:57:07 #28 type] 
Type organizationalunits.RoleType is not enhanced.

[2018-08-20 14:57:07 #29 type] 
Type decisionpremise.ValueDecisionPremiseType is not enhanced.

[2018-08-20 14:57:07 #30 type] 
Type decisionpremise.AbstractGoalType is not enhanced.

[2018-08-20 14:57:07 #31 type] 
Type decisionpremise.DecisionGoalType is not enhanced.

[2018-08-20 14:57:07 #32 type] 
Type decisionpremise.Value is not enhanced.

[2018-08-20 14:57:07 #33 type] 
Type decisionpremise.OrdinalValue is not enhanced.

[2018-08-20 14:57:07 #34 type] 
Type decisionpremise.RationaleSpec is not enhanced.

[2018-08-20 14:57:07 #35 type] 
Type decisionpremise.EngagementGoalType is not enhanced.

[2018-08-20 14:57:07 #36 type] 
Type decisionpremise.SymbolicGoalType is not enhanced.

[2018-08-20 14:57:07 #37 type] 
Type decisionpremise.FactualDecisionPremiseType is not enhanced.

[2018-08-20 14:57:07 #38 type] 
Type decisionpremise.ActionVariableType is not enhanced.

[2018-08-20 14:57:07 #39 type] 
Type decisionpremise.PresumedInfluenceRelationType is not enhanced.

[2018-08-20 14:57:07 #40 type] 
Type decisionpremise.EnvironmentalFactorType is not enhanced.

[2018-08-20 14:57:07 #41 type] 
Type supportrequirements.InformationType is not enhanced.

[2018-08-20 14:57:07 #42 type] 
Type supportrequirements.InformationSystemType is not enhanced.

[2018-08-20 14:57:07 #43 type] 
Type supportrequirements.InformationNeedSatisfactionRelation is not enhanced.

[2018-08-20 14:57:07 #44 type] 
Type supportrequirements.AnalysisNeedSatisfactionRelationType is not enhanced.

[2018-08-20 14:57:07 #45 type] 
Type supportrequirements.InformationNeedType is not enhanced.

[2018-08-20 14:57:07 #46 type] 
Type supportrequirements.AnalysisNeedType is not enhanced.

[2018-08-20 14:57:07 #47 type] 
Type decisionpremise.CoherenceRationaleSpec is not enhanced.

[2018-08-20 14:57:12 #48 type.registry] 
New type decisionprocess.StimulusInstance

[2018-08-20 14:57:12 #49 type.registry] 
New type javafx.beans.Observable

[2018-08-20 14:57:12 #50 type.registry] 
New type javafx.beans.value.ObservableValue

[2018-08-20 14:57:12 #51 type.registry] 
New type javafx.beans.value.ObservableObjectValue

[2018-08-20 14:57:12 #52 type.registry] 
New type javafx.beans.value.ObservableStringValue

[2018-08-20 14:57:12 #53 type.registry] 
New type javafx.beans.binding.StringExpression

[2018-08-20 14:57:12 #54 type.registry] 
New type javafx.beans.property.ReadOnlyProperty

[2018-08-20 14:57:12 #55 type.registry] 
New type javafx.beans.property.ReadOnlyStringProperty

[2018-08-20 14:57:12 #56 type.registry] 
New type javafx.beans.value.WritableValue

[2018-08-20 14:57:12 #57 type.registry] 
New type javafx.beans.property.Property

[2018-08-20 14:57:12 #58 type.registry] 
New type javafx.beans.value.WritableObjectValue

[2018-08-20 14:57:12 #59 type.registry] 
New type javafx.beans.value.WritableStringValue

[2018-08-20 14:57:12 #60 type.registry] 
New type javafx.beans.property.StringProperty

------------------------------------------------------------------------------------------------------------------------

[2018-08-20 14:57:58 #1 store] 
Database '/Users/safefy/git/BP18/Database/projectDB.odb' is opened by 9354@MacFys-MacBook-Pro.local

[2018-08-20 14:57:59 #2 type] 
Type decisionprocess.DecisionProcessType is not enhanced.

[2018-08-20 14:57:59 #3 type] 
Type decisionprocess.DecisionProcessInstance is not enhanced.

[2018-08-20 14:57:59 #4 type.registry] 
New type decisionprocess.StimulusInstance

[2018-08-20 14:57:59 #5 type.registry] 
New type javafx.beans.Observable

[2018-08-20 14:57:59 #6 type.registry] 
New type javafx.beans.value.ObservableValue

[2018-08-20 14:57:59 #7 type.registry] 
New type javafx.beans.value.ObservableObjectValue

[2018-08-20 14:57:59 #8 type.registry] 
New type javafx.beans.value.ObservableStringValue

[2018-08-20 14:57:59 #9 type.registry] 
New type javafx.beans.binding.StringExpression

[2018-08-20 14:57:59 #10 type.registry] 
New type javafx.beans.property.ReadOnlyProperty

[2018-08-20 14:57:59 #11 type.registry] 
New type javafx.beans.property.ReadOnlyStringProperty

[2018-08-20 14:57:59 #12 type.registry] 
New type javafx.beans.value.WritableValue

[2018-08-20 14:57:59 #13 type.registry] 
New type javafx.beans.property.Property

[2018-08-20 14:57:59 #14 type.registry] 
New type javafx.beans.value.WritableObjectValue

[2018-08-20 14:57:59 #15 type.registry] 
New type javafx.beans.value.WritableStringValue

[2018-08-20 14:57:59 #16 type.registry] 
New type javafx.beans.property.StringProperty

[2018-08-20 14:57:59 #17 type] 
Type decisionpremise.RelevanceRelationType is not enhanced.

[2018-08-20 14:57:59 #18 type] 
Type organizationalunits.ParticipationRelationType is not enhanced.

[2018-08-20 14:57:59 #19 type] 
Type decisionprocess.StimulusType is not enhanced.

[2018-08-20 14:57:59 #20 type] 
Type decisionpremise.DecisionPremiseType is not enhanced.

[2018-08-20 14:57:59 #21 type] 
Type organizationalunits.OrganizationalUnitType is not enhanced.

[2018-08-20 14:57:59 #22 type] 
Type supportrequirements.SupportRequirementType is not enhanced.

[2018-08-20 14:57:59 #23 type] 
Type organizationalunits.BoardType is not enhanced.

[2018-08-20 14:57:59 #24 type] 
Type organizationalunits.UnitOfWorkType is not enhanced.

[2018-08-20 14:57:59 #25 type] 
Type organizationalunits.CommiteeType is not enhanced.

[2018-08-20 14:57:59 #26 type] 
Type organizationalunits.SingleUnitType is not enhanced.

[2018-08-20 14:57:59 #27 type] 
Type organizationalunits.PositionType is not enhanced.

[2018-08-20 14:57:59 #28 type] 
Type organizationalunits.RoleType is not enhanced.

[2018-08-20 14:57:59 #29 type] 
Type decisionpremise.ValueDecisionPremiseType is not enhanced.

[2018-08-20 14:57:59 #30 type] 
Type decisionpremise.AbstractGoalType is not enhanced.

[2018-08-20 14:57:59 #31 type] 
Type decisionpremise.DecisionGoalType is not enhanced.

[2018-08-20 14:57:59 #32 type] 
Type decisionpremise.Value is not enhanced.

[2018-08-20 14:57:59 #33 type] 
Type decisionpremise.OrdinalValue is not enhanced.

[2018-08-20 14:57:59 #34 type] 
Type decisionpremise.RationaleSpec is not enhanced.

[2018-08-20 14:57:59 #35 type] 
Type decisionpremise.EngagementGoalType is not enhanced.

[2018-08-20 14:57:59 #36 type] 
Type decisionpremise.SymbolicGoalType is not enhanced.

[2018-08-20 14:57:59 #37 type] 
Type decisionpremise.FactualDecisionPremiseType is not enhanced.

[2018-08-20 14:57:59 #38 type] 
Type decisionpremise.ActionVariableType is not enhanced.

[2018-08-20 14:57:59 #39 type] 
Type decisionpremise.PresumedInfluenceRelationType is not enhanced.

[2018-08-20 14:57:59 #40 type] 
Type decisionpremise.EnvironmentalFactorType is not enhanced.

[2018-08-20 14:57:59 #41 type] 
Type supportrequirements.InformationType is not enhanced.

[2018-08-20 14:57:59 #42 type] 
Type supportrequirements.InformationSystemType is not enhanced.

[2018-08-20 14:57:59 #43 type] 
Type supportrequirements.InformationNeedSatisfactionRelation is not enhanced.

[2018-08-20 14:57:59 #44 type] 
Type supportrequirements.AnalysisNeedSatisfactionRelationType is not enhanced.

[2018-08-20 14:57:59 #45 type] 
Type supportrequirements.InformationNeedType is not enhanced.

[2018-08-20 14:57:59 #46 type] 
Type supportrequirements.AnalysisNeedType is not enhanced.

[2018-08-20 14:57:59 #47 type] 
Type decisionpremise.CoherenceRationaleSpec is not enhanced.

------------------------------------------------------------------------------------------------------------------------

[2018-08-20 14:59:11 #1 store] 
Database '/Users/safefy/git/BP18/Database/projectDB.odb' is opened by 9362@MacFys-MacBook-Pro.local

[2018-08-20 14:59:11 #2 type] 
Type decisionprocess.DecisionProcessType is not enhanced.

[2018-08-20 14:59:11 #3 type] 
Type decisionpremise.RelevanceRelationType is not enhanced.

[2018-08-20 14:59:11 #4 type] 
Type organizationalunits.ParticipationRelationType is not enhanced.

[2018-08-20 14:59:11 #5 type] 
Type decisionprocess.StimulusType is not enhanced.

[2018-08-20 14:59:11 #6 type] 
Type decisionpremise.DecisionPremiseType is not enhanced.

[2018-08-20 14:59:11 #7 type] 
Type organizationalunits.OrganizationalUnitType is not enhanced.

[2018-08-20 14:59:11 #8 type] 
Type supportrequirements.SupportRequirementType is not enhanced.

[2018-08-20 14:59:11 #9 type] 
Type organizationalunits.BoardType is not enhanced.

[2018-08-20 14:59:11 #10 type] 
Type organizationalunits.UnitOfWorkType is not enhanced.

[2018-08-20 14:59:11 #11 type] 
Type organizationalunits.CommiteeType is not enhanced.

[2018-08-20 14:59:11 #12 type] 
Type organizationalunits.SingleUnitType is not enhanced.

[2018-08-20 14:59:11 #13 type] 
Type organizationalunits.PositionType is not enhanced.

[2018-08-20 14:59:11 #14 type] 
Type organizationalunits.RoleType is not enhanced.

[2018-08-20 14:59:11 #15 type] 
Type decisionpremise.ValueDecisionPremiseType is not enhanced.

[2018-08-20 14:59:11 #16 type] 
Type decisionpremise.AbstractGoalType is not enhanced.

[2018-08-20 14:59:11 #17 type] 
Type decisionpremise.DecisionGoalType is not enhanced.

[2018-08-20 14:59:11 #18 type] 
Type decisionpremise.Value is not enhanced.

[2018-08-20 14:59:11 #19 type] 
Type decisionpremise.OrdinalValue is not enhanced.

[2018-08-20 14:59:11 #20 type] 
Type decisionpremise.RationaleSpec is not enhanced.

[2018-08-20 14:59:11 #21 type] 
Type decisionpremise.EngagementGoalType is not enhanced.

[2018-08-20 14:59:11 #22 type] 
Type decisionpremise.SymbolicGoalType is not enhanced.

[2018-08-20 14:59:11 #23 type] 
Type decisionpremise.FactualDecisionPremiseType is not enhanced.

[2018-08-20 14:59:11 #24 type] 
Type decisionpremise.ActionVariableType is not enhanced.

[2018-08-20 14:59:11 #25 type] 
Type decisionpremise.PresumedInfluenceRelationType is not enhanced.

[2018-08-20 14:59:11 #26 type] 
Type decisionpremise.EnvironmentalFactorType is not enhanced.

[2018-08-20 14:59:11 #27 type] 
Type supportrequirements.InformationType is not enhanced.

[2018-08-20 14:59:11 #28 type] 
Type supportrequirements.InformationSystemType is not enhanced.

[2018-08-20 14:59:11 #29 type] 
Type supportrequirements.InformationNeedSatisfactionRelation is not enhanced.

[2018-08-20 14:59:11 #30 type] 
Type supportrequirements.AnalysisNeedSatisfactionRelationType is not enhanced.

[2018-08-20 14:59:11 #31 type] 
Type supportrequirements.InformationNeedType is not enhanced.

[2018-08-20 14:59:11 #32 type] 
Type supportrequirements.AnalysisNeedType is not enhanced.

[2018-08-20 14:59:11 #33 type] 
Type decisionpremise.CoherenceRationaleSpec is not enhanced.

------------------------------------------------------------------------------------------------------------------------

[2018-08-20 15:00:17 #1 store] 
Database '/Users/safefy/git/BP18/Database/projectDB.odb' is opened by 9366@MacFys-MacBook-Pro.local

[2018-08-20 15:00:21 #2 type] 
Type decisionprocess.DecisionProcessType is not enhanced.

[2018-08-20 15:00:22 #3 type] 
Type decisionpremise.RelevanceRelationType is not enhanced.

[2018-08-20 15:00:22 #4 type] 
Type organizationalunits.ParticipationRelationType is not enhanced.

[2018-08-20 15:00:22 #5 type] 
Type decisionprocess.StimulusType is not enhanced.

[2018-08-20 15:00:23 #6 type] 
Type decisionpremise.DecisionPremiseType is not enhanced.

[2018-08-20 15:00:23 #7 type] 
Type organizationalunits.OrganizationalUnitType is not enhanced.

[2018-08-20 15:00:24 #8 type] 
Type supportrequirements.SupportRequirementType is not enhanced.

[2018-08-20 15:00:24 #9 type] 
Type organizationalunits.BoardType is not enhanced.

[2018-08-20 15:00:24 #10 type] 
Type organizationalunits.UnitOfWorkType is not enhanced.

[2018-08-20 15:00:24 #11 type] 
Type organizationalunits.CommiteeType is not enhanced.

[2018-08-20 15:00:24 #12 type] 
Type organizationalunits.SingleUnitType is not enhanced.

[2018-08-20 15:00:25 #13 type] 
Type organizationalunits.PositionType is not enhanced.

[2018-08-20 15:00:25 #14 type] 
Type organizationalunits.RoleType is not enhanced.

[2018-08-20 15:00:25 #15 type] 
Type decisionpremise.ValueDecisionPremiseType is not enhanced.

[2018-08-20 15:00:25 #16 type] 
Type decisionpremise.AbstractGoalType is not enhanced.

[2018-08-20 15:00:25 #17 type] 
Type decisionpremise.DecisionGoalType is not enhanced.

[2018-08-20 15:00:26 #18 type] 
Type decisionpremise.Value is not enhanced.

[2018-08-20 15:00:26 #19 type] 
Type decisionpremise.OrdinalValue is not enhanced.

[2018-08-20 15:00:26 #20 type] 
Type decisionpremise.RationaleSpec is not enhanced.

[2018-08-20 15:00:26 #21 type] 
Type decisionpremise.EngagementGoalType is not enhanced.

[2018-08-20 15:00:27 #22 type] 
Type decisionpremise.SymbolicGoalType is not enhanced.

[2018-08-20 15:00:27 #23 type] 
Type decisionpremise.FactualDecisionPremiseType is not enhanced.

[2018-08-20 15:00:27 #24 type] 
Type decisionpremise.ActionVariableType is not enhanced.

[2018-08-20 15:00:27 #25 type] 
Type decisionpremise.PresumedInfluenceRelationType is not enhanced.

[2018-08-20 15:00:27 #26 type] 
Type decisionpremise.EnvironmentalFactorType is not enhanced.

[2018-08-20 15:00:28 #27 type] 
Type supportrequirements.InformationType is not enhanced.

[2018-08-20 15:00:28 #28 type] 
Type supportrequirements.InformationSystemType is not enhanced.

[2018-08-20 15:00:28 #29 type] 
Type supportrequirements.InformationNeedSatisfactionRelation is not enhanced.

[2018-08-20 15:00:28 #30 type] 
Type supportrequirements.AnalysisNeedSatisfactionRelationType is not enhanced.

[2018-08-20 15:00:29 #31 type] 
Type supportrequirements.InformationNeedType is not enhanced.

[2018-08-20 15:00:29 #32 type] 
Type supportrequirements.AnalysisNeedType is not enhanced.

[2018-08-20 15:00:29 #33 type] 
Type decisionpremise.CoherenceRationaleSpec is not enhanced.

------------------------------------------------------------------------------------------------------------------------

[2018-08-20 18:48:23 #1 store] 
Database '/Users/safefy/git/BP18/Database/projectDB.odb' is opened by 9758@MacFys-MBP.fritz.box

[2018-08-20 18:48:23 #2 type] 
Type decisionprocess.DecisionProcessType is not enhanced.

[2018-08-20 18:48:23 #3 type] 
Type decisionpremise.RelevanceRelationType is not enhanced.

[2018-08-20 18:48:23 #4 type] 
Type organizationalunits.ParticipationRelationType is not enhanced.

[2018-08-20 18:48:23 #5 type] 
Type decisionprocess.StimulusType is not enhanced.

[2018-08-20 18:48:23 #6 type] 
Type decisionpremise.DecisionPremiseType is not enhanced.

[2018-08-20 18:48:23 #7 type] 
Type organizationalunits.OrganizationalUnitType is not enhanced.

[2018-08-20 18:48:23 #8 type] 
Type supportrequirements.SupportRequirementType is not enhanced.

[2018-08-20 18:48:23 #9 type] 
Type organizationalunits.BoardType is not enhanced.

[2018-08-20 18:48:23 #10 type] 
Type organizationalunits.UnitOfWorkType is not enhanced.

[2018-08-20 18:48:23 #11 type] 
Type organizationalunits.CommiteeType is not enhanced.

[2018-08-20 18:48:23 #12 type] 
Type organizationalunits.SingleUnitType is not enhanced.

[2018-08-20 18:48:23 #13 type] 
Type organizationalunits.PositionType is not enhanced.

[2018-08-20 18:48:23 #14 type] 
Type organizationalunits.RoleType is not enhanced.

[2018-08-20 18:48:23 #15 type] 
Type decisionpremise.ValueDecisionPremiseType is not enhanced.

[2018-08-20 18:48:23 #16 type] 
Type decisionpremise.AbstractGoalType is not enhanced.

[2018-08-20 18:48:23 #17 type] 
Type decisionpremise.DecisionGoalType is not enhanced.

[2018-08-20 18:48:23 #18 type] 
Type decisionpremise.Value is not enhanced.

[2018-08-20 18:48:23 #19 type] 
Type decisionpremise.OrdinalValue is not enhanced.

[2018-08-20 18:48:23 #20 type] 
Type decisionpremise.RationaleSpec is not enhanced.

[2018-08-20 18:48:23 #21 type] 
Type decisionpremise.EngagementGoalType is not enhanced.

[2018-08-20 18:48:23 #22 type] 
Type decisionpremise.SymbolicGoalType is not enhanced.

[2018-08-20 18:48:23 #23 type] 
Type decisionpremise.FactualDecisionPremiseType is not enhanced.

[2018-08-20 18:48:23 #24 type] 
Type decisionpremise.ActionVariableType is not enhanced.

[2018-08-20 18:48:23 #25 type] 
Type decisionpremise.PresumedInfluenceRelationType is not enhanced.

[2018-08-20 18:48:23 #26 type] 
Type decisionpremise.EnvironmentalFactorType is not enhanced.

[2018-08-20 18:48:23 #27 type] 
Type supportrequirements.InformationType is not enhanced.

[2018-08-20 18:48:23 #28 type] 
Type supportrequirements.InformationSystemType is not enhanced.

[2018-08-20 18:48:23 #29 type] 
Type supportrequirements.InformationNeedSatisfactionRelation is not enhanced.

[2018-08-20 18:48:23 #30 type] 
Type supportrequirements.AnalysisNeedSatisfactionRelationType is not enhanced.

[2018-08-20 18:48:23 #31 type] 
Type supportrequirements.InformationNeedType is not enhanced.

[2018-08-20 18:48:23 #32 type] 
Type supportrequirements.AnalysisNeedType is not enhanced.

[2018-08-20 18:48:23 #33 type] 
Type decisionpremise.CoherenceRationaleSpec is not enhanced.

------------------------------------------------------------------------------------------------------------------------

[2018-08-20 18:55:18 #1 store] 
Database '/Users/safefy/git/BP18/Database/projectDB.odb' is opened by 9809@MacFys-MBP.fritz.box

[2018-08-20 18:55:18 #2 type] 
Type decisionprocess.DecisionProcessType is not enhanced.

[2018-08-20 18:55:18 #3 type] 
Type decisionpremise.RelevanceRelationType is not enhanced.

[2018-08-20 18:55:18 #4 type] 
Type organizationalunits.ParticipationRelationType is not enhanced.

[2018-08-20 18:55:18 #5 type] 
Type decisionprocess.StimulusType is not enhanced.

[2018-08-20 18:55:18 #6 type] 
Type decisionpremise.DecisionPremiseType is not enhanced.

[2018-08-20 18:55:18 #7 type] 
Type organizationalunits.OrganizationalUnitType is not enhanced.

[2018-08-20 18:55:18 #8 type] 
Type supportrequirements.SupportRequirementType is not enhanced.

[2018-08-20 18:55:18 #9 type] 
Type organizationalunits.BoardType is not enhanced.

[2018-08-20 18:55:18 #10 type] 
Type organizationalunits.UnitOfWorkType is not enhanced.

[2018-08-20 18:55:18 #11 type] 
Type organizationalunits.CommiteeType is not enhanced.

[2018-08-20 18:55:18 #12 type] 
Type organizationalunits.SingleUnitType is not enhanced.

[2018-08-20 18:55:18 #13 type] 
Type organizationalunits.PositionType is not enhanced.

[2018-08-20 18:55:18 #14 type] 
Type organizationalunits.RoleType is not enhanced.

[2018-08-20 18:55:18 #15 type] 
Type decisionpremise.ValueDecisionPremiseType is not enhanced.

[2018-08-20 18:55:18 #16 type] 
Type decisionpremise.AbstractGoalType is not enhanced.

[2018-08-20 18:55:18 #17 type] 
Type decisionpremise.DecisionGoalType is not enhanced.

[2018-08-20 18:55:18 #18 type] 
Type decisionpremise.Value is not enhanced.

[2018-08-20 18:55:18 #19 type] 
Type decisionpremise.OrdinalValue is not enhanced.

[2018-08-20 18:55:18 #20 type] 
Type decisionpremise.RationaleSpec is not enhanced.

[2018-08-20 18:55:18 #21 type] 
Type decisionpremise.EngagementGoalType is not enhanced.

[2018-08-20 18:55:18 #22 type] 
Type decisionpremise.SymbolicGoalType is not enhanced.

[2018-08-20 18:55:18 #23 type] 
Type decisionpremise.FactualDecisionPremiseType is not enhanced.

[2018-08-20 18:55:18 #24 type] 
Type decisionpremise.ActionVariableType is not enhanced.

[2018-08-20 18:55:18 #25 type] 
Type decisionpremise.PresumedInfluenceRelationType is not enhanced.

[2018-08-20 18:55:18 #26 type] 
Type decisionpremise.EnvironmentalFactorType is not enhanced.

[2018-08-20 18:55:18 #27 type] 
Type supportrequirements.InformationType is not enhanced.

[2018-08-20 18:55:18 #28 type] 
Type supportrequirements.InformationSystemType is not enhanced.

[2018-08-20 18:55:18 #29 type] 
Type supportrequirements.InformationNeedSatisfactionRelation is not enhanced.

[2018-08-20 18:55:18 #30 type] 
Type supportrequirements.AnalysisNeedSatisfactionRelationType is not enhanced.

[2018-08-20 18:55:18 #31 type] 
Type supportrequirements.InformationNeedType is not enhanced.

[2018-08-20 18:55:18 #32 type] 
Type supportrequirements.AnalysisNeedType is not enhanced.

[2018-08-20 18:55:18 #33 type] 
Type decisionpremise.CoherenceRationaleSpec is not enhanced.

------------------------------------------------------------------------------------------------------------------------

[2018-08-20 18:56:57 #1 store] 
Database '/Users/safefy/git/BP18/Database/projectDB.odb' is opened by 9821@MacFys-MBP.fritz.box

[2018-08-20 18:56:57 #2 type] 
Type decisionprocess.DecisionProcessType is not enhanced.

[2018-08-20 18:56:57 #3 type] 
Type decisionprocess.DecisionProcessInstance is not enhanced.

[2018-08-20 18:56:57 #4 type.registry] 
New type decisionprocess.StimulusInstance

[2018-08-20 18:56:57 #5 type.registry] 
New type javafx.beans.Observable

[2018-08-20 18:56:57 #6 type.registry] 
New type javafx.beans.value.ObservableValue

[2018-08-20 18:56:57 #7 type.registry] 
New type javafx.beans.value.ObservableObjectValue

[2018-08-20 18:56:57 #8 type.registry] 
New type javafx.beans.value.ObservableStringValue

[2018-08-20 18:56:57 #9 type.registry] 
New type javafx.beans.binding.StringExpression

[2018-08-20 18:56:57 #10 type.registry] 
New type javafx.beans.property.ReadOnlyProperty

[2018-08-20 18:56:57 #11 type.registry] 
New type javafx.beans.property.ReadOnlyStringProperty

[2018-08-20 18:56:57 #12 type.registry] 
New type javafx.beans.value.WritableValue

[2018-08-20 18:56:57 #13 type.registry] 
New type javafx.beans.property.Property

[2018-08-20 18:56:57 #14 type.registry] 
New type javafx.beans.value.WritableObjectValue

[2018-08-20 18:56:57 #15 type.registry] 
New type javafx.beans.value.WritableStringValue

[2018-08-20 18:56:57 #16 type.registry] 
New type javafx.beans.property.StringProperty

[2018-08-20 18:56:57 #17 type] 
Type decisionpremise.RelevanceRelationType is not enhanced.

[2018-08-20 18:56:57 #18 type] 
Type organizationalunits.ParticipationRelationType is not enhanced.

[2018-08-20 18:56:57 #19 type] 
Type decisionprocess.StimulusType is not enhanced.

[2018-08-20 18:56:57 #20 type] 
Type decisionpremise.DecisionPremiseType is not enhanced.

[2018-08-20 18:56:57 #21 type] 
Type organizationalunits.OrganizationalUnitType is not enhanced.

[2018-08-20 18:56:57 #22 type] 
Type supportrequirements.SupportRequirementType is not enhanced.

[2018-08-20 18:56:57 #23 type] 
Type organizationalunits.BoardType is not enhanced.

[2018-08-20 18:56:57 #24 type] 
Type organizationalunits.UnitOfWorkType is not enhanced.

[2018-08-20 18:56:57 #25 type] 
Type organizationalunits.CommiteeType is not enhanced.

[2018-08-20 18:56:57 #26 type] 
Type organizationalunits.SingleUnitType is not enhanced.

[2018-08-20 18:56:57 #27 type] 
Type organizationalunits.PositionType is not enhanced.

[2018-08-20 18:56:57 #28 type] 
Type organizationalunits.RoleType is not enhanced.

[2018-08-20 18:56:57 #29 type] 
Type decisionpremise.ValueDecisionPremiseType is not enhanced.

[2018-08-20 18:56:57 #30 type] 
Type decisionpremise.AbstractGoalType is not enhanced.

[2018-08-20 18:56:57 #31 type] 
Type decisionpremise.DecisionGoalType is not enhanced.

[2018-08-20 18:56:57 #32 type] 
Type decisionpremise.Value is not enhanced.

[2018-08-20 18:56:57 #33 type] 
Type decisionpremise.OrdinalValue is not enhanced.

[2018-08-20 18:56:57 #34 type] 
Type decisionpremise.RationaleSpec is not enhanced.

[2018-08-20 18:56:57 #35 type] 
Type decisionpremise.EngagementGoalType is not enhanced.

[2018-08-20 18:56:57 #36 type] 
Type decisionpremise.SymbolicGoalType is not enhanced.

[2018-08-20 18:56:57 #37 type] 
Type decisionpremise.FactualDecisionPremiseType is not enhanced.

[2018-08-20 18:56:57 #38 type] 
Type decisionpremise.ActionVariableType is not enhanced.

[2018-08-20 18:56:57 #39 type] 
Type decisionpremise.PresumedInfluenceRelationType is not enhanced.

[2018-08-20 18:56:57 #40 type] 
Type decisionpremise.EnvironmentalFactorType is not enhanced.

[2018-08-20 18:56:57 #41 type] 
Type supportrequirements.InformationType is not enhanced.

[2018-08-20 18:56:57 #42 type] 
Type supportrequirements.InformationSystemType is not enhanced.

[2018-08-20 18:56:57 #43 type] 
Type supportrequirements.InformationNeedSatisfactionRelation is not enhanced.

[2018-08-20 18:56:57 #44 type] 
Type supportrequirements.AnalysisNeedSatisfactionRelationType is not enhanced.

[2018-08-20 18:56:57 #45 type] 
Type supportrequirements.InformationNeedType is not enhanced.

[2018-08-20 18:56:57 #46 type] 
Type supportrequirements.AnalysisNeedType is not enhanced.

[2018-08-20 18:56:57 #47 type] 
Type decisionpremise.CoherenceRationaleSpec is not enhanced.

