------------------------------------------------------------------------------------------------------------------------

[2018-05-17 15:14:33 #1 store] 
Database '/Users/safefy/Downloads/Bachelorprojekt-SS18-Basis/Database/projectDB.odb' is opened by 37893@dhcp-wlce194056.zim.uni-duisburg-essen.de

[2018-05-17 15:14:33 #2 type] 
Type decisionprocess.DecisionProcessType is not enhanced.

[2018-05-17 15:14:33 #3 type] 
Type decisionpremise.RelevanceRelationType is not enhanced.

[2018-05-17 15:14:33 #4 type] 
Type organizationalunits.ParticipationRelationType is not enhanced.

[2018-05-17 15:14:33 #5 type] 
Type decisionprocess.StimulusType is not enhanced.

[2018-05-17 15:14:33 #6 type] 
Type decisionpremise.DecisionPremiseType is not enhanced.

[2018-05-17 15:14:33 #7 type] 
Type organizationalunits.OrganizationalUnitType is not enhanced.

[2018-05-17 15:14:33 #8 type] 
Type supportrequirements.SupportRequirementType is not enhanced.

[2018-05-17 15:14:33 #9 type] 
Type organizationalunits.BoardType is not enhanced.

[2018-05-17 15:14:33 #10 type] 
Type organizationalunits.UnitOfWorkType is not enhanced.

[2018-05-17 15:14:33 #11 type] 
Type organizationalunits.CommiteeType is not enhanced.

[2018-05-17 15:14:33 #12 type] 
Type organizationalunits.SingleUnitType is not enhanced.

[2018-05-17 15:14:33 #13 type] 
Type organizationalunits.PositionType is not enhanced.

[2018-05-17 15:14:33 #14 type] 
Type organizationalunits.RoleType is not enhanced.

[2018-05-17 15:14:33 #15 type] 
Type decisionpremise.ValueDecisionPremiseType is not enhanced.

[2018-05-17 15:14:33 #16 type] 
Type decisionpremise.AbstractGoalType is not enhanced.

[2018-05-17 15:14:33 #17 type] 
Type decisionpremise.DecisionGoalType is not enhanced.

[2018-05-17 15:14:33 #18 type] 
Type decisionpremise.Value is not enhanced.

[2018-05-17 15:14:33 #19 type] 
Type decisionpremise.OrdinalValue is not enhanced.

[2018-05-17 15:14:33 #20 type] 
Type decisionpremise.RationaleSpec is not enhanced.

[2018-05-17 15:14:33 #21 type] 
Type decisionpremise.EngagementGoalType is not enhanced.

[2018-05-17 15:14:33 #22 type] 
Type decisionpremise.SymbolicGoalType is not enhanced.

[2018-05-17 15:14:33 #23 type] 
Type decisionpremise.FactualDecisionPremiseType is not enhanced.

[2018-05-17 15:14:33 #24 type] 
Type decisionpremise.ActionVariableType is not enhanced.

[2018-05-17 15:14:33 #25 type] 
Type decisionpremise.PresumedInfluenceRelationType is not enhanced.

[2018-05-17 15:14:33 #26 type] 
Type decisionpremise.EnvironmentalFactorType is not enhanced.

[2018-05-17 15:14:33 #27 type] 
Type supportrequirements.InformationType is not enhanced.

[2018-05-17 15:14:33 #28 type] 
Type supportrequirements.InformationSystemType is not enhanced.

[2018-05-17 15:14:33 #29 type] 
Type supportrequirements.InformationNeedSatisfactionRelation is not enhanced.

[2018-05-17 15:14:33 #30 type] 
Type supportrequirements.AnalysisNeedSatisfactionRelationType is not enhanced.

[2018-05-17 15:14:33 #31 type] 
Type supportrequirements.InformationNeedType is not enhanced.

[2018-05-17 15:14:33 #32 type] 
Type supportrequirements.AnalysisNeedType is not enhanced.

[2018-05-17 15:14:33 #33 type] 
Type decisionpremise.CoherenceRationaleSpec is not enhanced.

